TN:
SF:src\App.tsx
FN:8,(anonymous_0)
FN:9,(anonymous_1)
FN:10,(anonymous_2)
FN:11,(anonymous_3)
FN:12,(anonymous_4)
FN:13,(anonymous_5)
FN:14,(anonymous_6)
FN:15,(anonymous_7)
FN:16,(anonymous_8)
FN:17,(anonymous_9)
FN:18,(anonymous_10)
FN:19,(anonymous_11)
FN:20,(anonymous_12)
FN:21,(anonymous_13)
FN:22,(anonymous_14)
FN:23,(anonymous_15)
FN:26,PageLoader
FN:30,ProtectedRoute
FN:44,AppRoutes
FN:67,App
FNF:20
FNH:0
FNDA:0,(anonymous_0)
FNDA:0,(anonymous_1)
FNDA:0,(anonymous_2)
FNDA:0,(anonymous_3)
FNDA:0,(anonymous_4)
FNDA:0,(anonymous_5)
FNDA:0,(anonymous_6)
FNDA:0,(anonymous_7)
FNDA:0,(anonymous_8)
FNDA:0,(anonymous_9)
FNDA:0,(anonymous_10)
FNDA:0,(anonymous_11)
FNDA:0,(anonymous_12)
FNDA:0,(anonymous_13)
FNDA:0,(anonymous_14)
FNDA:0,(anonymous_15)
FNDA:0,PageLoader
FNDA:0,ProtectedRoute
FNDA:0,AppRoutes
FNDA:0,App
DA:8,0
DA:9,0
DA:10,0
DA:11,0
DA:12,0
DA:13,0
DA:14,0
DA:15,0
DA:16,0
DA:17,0
DA:18,0
DA:19,0
DA:20,0
DA:21,0
DA:22,0
DA:23,0
DA:27,0
DA:31,0
DA:33,0
DA:34,0
DA:37,0
DA:38,0
DA:41,0
DA:45,0
DA:68,0
LF:25
LH:0
BRDA:33,0,0,0
BRDA:33,0,1,0
BRDA:37,1,0,0
BRDA:37,1,1,0
BRF:4
BRH:0
end_of_record
TN:
SF:src\components\AlertFeed.tsx
FN:11,AlertFeed
FN:13,(anonymous_1)
FN:33,(anonymous_2)
FNF:3
FNH:0
FNDA:0,AlertFeed
FNDA:0,(anonymous_1)
FNDA:0,(anonymous_2)
DA:13,0
DA:14,0
DA:15,0
DA:17,0
DA:20,0
DA:34,0
LF:6
LH:0
BRDA:14,0,0,0
BRDA:14,0,1,0
BRDA:14,1,0,0
BRDA:14,1,1,0
BRDA:49,2,0,0
BRDA:49,2,1,0
BRF:6
BRH:0
end_of_record
TN:
SF:src\components\ConfirmationModal.tsx
FN:15,ConfirmationModal
FN:28,(anonymous_1)
FN:42,(anonymous_2)
FN:56,(anonymous_3)
FN:68,(anonymous_4)
FNF:5
FNH:1
FNDA:12,ConfirmationModal
FNDA:0,(anonymous_1)
FNDA:0,(anonymous_2)
FNDA:0,(anonymous_3)
FNDA:0,(anonymous_4)
DA:26,12
DA:28,0
DA:29,0
DA:32,0
DA:34,0
DA:36,0
DA:38,0
DA:42,0
DA:43,0
DA:46,0
DA:48,0
DA:50,0
DA:52,0
DA:56,0
DA:57,0
DA:59,0
DA:61,0
DA:63,0
DA:68,0
DA:69,0
DA:70,0
DA:71,0
DA:72,0
DA:76,0
LF:24
LH:1
BRDA:21,0,0,0
BRDA:22,1,0,0
BRDA:23,2,0,0
BRDA:24,3,0,12
BRDA:26,4,0,12
BRDA:26,4,1,0
BRDA:29,5,0,0
BRDA:29,5,1,0
BRDA:29,5,2,0
BRDA:29,5,3,0
BRDA:29,5,4,0
BRDA:43,6,0,0
BRDA:43,6,1,0
BRDA:43,6,2,0
BRDA:43,6,3,0
BRDA:43,6,4,0
BRDA:57,7,0,0
BRDA:57,7,1,0
BRDA:57,7,2,0
BRDA:69,8,0,0
BRDA:69,8,1,0
BRDA:71,9,0,0
BRDA:71,9,1,0
BRF:23
BRH:2
end_of_record
TN:
SF:src\components\CorrelationBuilder.tsx
FN:20,CorrelationBuilder
FN:25,(anonymous_1)
FN:30,(anonymous_2)
FN:31,(anonymous_3)
FN:31,(anonymous_4)
FN:32,(anonymous_5)
FN:32,(anonymous_6)
FN:32,(anonymous_7)
FN:34,(anonymous_8)
FN:36,(anonymous_9)
FN:41,(anonymous_10)
FN:45,(anonymous_11)
FN:45,(anonymous_12)
FN:49,(anonymous_13)
FN:55,(anonymous_14)
FN:57,(anonymous_15)
FN:57,(anonymous_16)
FN:57,(anonymous_17)
FN:58,(anonymous_18)
FN:60,(anonymous_19)
FN:60,(anonymous_20)
FN:60,(anonymous_21)
FN:61,(anonymous_22)
FN:63,(anonymous_23)
FN:63,(anonymous_24)
FN:63,(anonymous_25)
FN:64,(anonymous_26)
FNF:27
FNH:13
FNDA:3,CorrelationBuilder
FNDA:2,(anonymous_1)
FNDA:0,(anonymous_2)
FNDA:1,(anonymous_3)
FNDA:1,(anonymous_4)
FNDA:0,(anonymous_5)
FNDA:0,(anonymous_6)
FNDA:0,(anonymous_7)
FNDA:2,(anonymous_8)
FNDA:2,(anonymous_9)
FNDA:3,(anonymous_10)
FNDA:1,(anonymous_11)
FNDA:1,(anonymous_12)
FNDA:1,(anonymous_13)
FNDA:5,(anonymous_14)
FNDA:0,(anonymous_15)
FNDA:0,(anonymous_16)
FNDA:0,(anonymous_17)
FNDA:30,(anonymous_18)
FNDA:0,(anonymous_19)
FNDA:0,(anonymous_20)
FNDA:0,(anonymous_21)
FNDA:30,(anonymous_22)
FNDA:0,(anonymous_23)
FNDA:0,(anonymous_24)
FNDA:0,(anonymous_25)
FNDA:0,(anonymous_26)
DA:17,1
DA:18,1
DA:21,3
DA:25,3
DA:26,2
DA:27,2
DA:30,3
DA:31,3
DA:32,3
DA:34,3
DA:36,2
DA:39,3
DA:42,3
DA:45,1
DA:49,1
DA:56,5
DA:57,0
DA:58,30
DA:60,0
DA:61,30
DA:63,0
DA:64,0
LF:22
LH:18
BRDA:31,0,0,1
BRDA:31,0,1,0
BRDA:32,1,0,0
BRDA:32,1,1,0
BRDA:45,2,0,1
BRDA:45,2,1,0
BRDA:52,3,0,3
BRDA:52,3,1,0
BRDA:57,4,0,0
BRDA:57,4,1,0
BRDA:57,5,0,0
BRDA:57,5,1,0
BRDA:60,6,0,0
BRDA:60,6,1,0
BRDA:60,7,0,0
BRDA:60,7,1,0
BRDA:63,8,0,0
BRDA:63,8,1,0
BRDA:63,9,0,0
BRDA:63,9,1,0
BRF:20
BRH:3
end_of_record
TN:
SF:src\components\CustomDashboard.tsx
FN:11,CustomDashboard
FN:15,(anonymous_1)
FN:19,(anonymous_2)
FN:23,(anonymous_3)
FN:74,(anonymous_4)
FNF:5
FNH:0
FNDA:0,CustomDashboard
FNDA:0,(anonymous_1)
FNDA:0,(anonymous_2)
FNDA:0,(anonymous_3)
FNDA:0,(anonymous_4)
DA:12,0
DA:13,0
DA:15,0
DA:16,0
DA:19,0
DA:20,0
DA:23,0
DA:24,0
DA:27,0
DA:75,0
LF:10
LH:0
BRDA:11,0,0,0
BRDA:36,1,0,0
BRDA:36,1,1,0
BRDA:52,2,0,0
BRDA:52,2,1,0
BRDA:58,3,0,0
BRDA:58,3,1,0
BRDA:67,4,0,0
BRDA:67,4,1,0
BRDA:84,5,0,0
BRDA:84,5,1,0
BRDA:110,6,0,0
BRDA:110,6,1,0
BRF:13
BRH:0
end_of_record
TN:
SF:src\components\DashboardCustomizer.tsx
FN:80,DashboardCustomizer
FN:87,(anonymous_1)
FN:91,(anonymous_2)
FN:93,(anonymous_3)
FN:95,(anonymous_4)
FN:109,(anonymous_5)
FN:117,(anonymous_6)
FN:148,(anonymous_7)
FN:178,(anonymous_8)
FN:181,(anonymous_9)
FN:204,(anonymous_10)
FN:207,(anonymous_11)
FN:222,(anonymous_12)
FN:227,(anonymous_13)
FN:256,(anonymous_14)
FN:268,(anonymous_15)
FNF:16
FNH:0
FNDA:0,DashboardCustomizer
FNDA:0,(anonymous_1)
FNDA:0,(anonymous_2)
FNDA:0,(anonymous_3)
FNDA:0,(anonymous_4)
FNDA:0,(anonymous_5)
FNDA:0,(anonymous_6)
FNDA:0,(anonymous_7)
FNDA:0,(anonymous_8)
FNDA:0,(anonymous_9)
FNDA:0,(anonymous_10)
FNDA:0,(anonymous_11)
FNDA:0,(anonymous_12)
FNDA:0,(anonymous_13)
FNDA:0,(anonymous_14)
FNDA:0,(anonymous_15)
DA:28,3
DA:81,0
DA:82,0
DA:83,0
DA:85,0
DA:87,0
DA:89,0
DA:91,0
DA:93,0
DA:95,0
DA:96,0
DA:98,0
DA:99,0
DA:100,0
DA:101,0
DA:102,0
DA:106,0
DA:109,0
DA:110,0
DA:111,0
DA:112,0
DA:117,0
DA:118,0
DA:119,0
DA:122,0
DA:148,0
DA:179,0
DA:181,0
DA:205,0
DA:207,0
DA:223,0
DA:224,0
DA:227,0
DA:257,0
LF:34
LH:1
BRDA:85,0,0,0
BRDA:85,0,1,0
BRDA:89,1,0,0
BRDA:89,1,1,0
BRDA:100,2,0,0
BRDA:100,2,1,0
BRDA:110,3,0,0
BRDA:110,3,1,0
BRDA:209,4,0,0
BRDA:209,4,1,0
BRF:10
BRH:0
end_of_record
TN:
SF:src\components\DashboardWidget.tsx
FN:27,DashboardWidget
FN:34,(anonymous_1)
FN:38,(anonymous_2)
FN:43,(anonymous_3)
FN:47,(anonymous_4)
FN:52,(anonymous_5)
FN:160,CustomChartWidget
FN:174,getStatCardProps
FN:200,(anonymous_8)
FN:205,(anonymous_9)
FN:213,(anonymous_10)
FN:217,(anonymous_11)
FN:234,getTimelineProps
FN:248,(anonymous_13)
FN:254,(anonymous_14)
FN:261,(anonymous_15)
FN:287,getAlertFeedProps
FN:295,getSystemHealthProps
FN:302,getThreatTableProps
FN:312,getCustomChartProps
FNF:20
FNH:6
FNDA:12,DashboardWidget
FNDA:0,(anonymous_1)
FNDA:0,(anonymous_2)
FNDA:0,(anonymous_3)
FNDA:0,(anonymous_4)
FNDA:12,(anonymous_5)
FNDA:0,CustomChartWidget
FNDA:7,getStatCardProps
FNDA:0,(anonymous_8)
FNDA:0,(anonymous_9)
FNDA:0,(anonymous_10)
FNDA:0,(anonymous_11)
FNDA:1,getTimelineProps
FNDA:0,(anonymous_13)
FNDA:0,(anonymous_14)
FNDA:0,(anonymous_15)
FNDA:1,getAlertFeedProps
FNDA:0,getSystemHealthProps
FNDA:1,getThreatTableProps
FNDA:0,getCustomChartProps
DA:28,12
DA:29,12
DA:30,12
DA:31,12
DA:32,12
DA:34,12
DA:35,0
DA:38,12
DA:39,0
DA:40,0
DA:43,12
DA:44,0
DA:47,12
DA:49,0
DA:52,12
DA:53,12
DA:55,7
DA:57,1
DA:59,1
DA:61,0
DA:63,1
DA:65,0
DA:67,0
DA:69,2
DA:80,12
DA:162,0
DA:175,7
DA:186,7
DA:187,7
DA:190,7
DA:191,7
DA:193,7
DA:194,7
DA:196,0
DA:197,0
DA:198,0
DA:200,0
DA:201,0
DA:202,0
DA:205,0
DA:206,0
DA:207,0
DA:209,0
DA:210,0
DA:211,0
DA:213,0
DA:214,0
DA:215,0
DA:217,0
DA:218,0
DA:219,0
DA:221,7
DA:225,7
DA:236,1
DA:238,1
DA:241,0
DA:242,0
DA:244,0
DA:245,0
DA:246,0
DA:248,0
DA:249,0
DA:250,0
DA:254,0
DA:255,0
DA:256,0
DA:257,0
DA:261,0
DA:262,0
DA:270,0
DA:271,0
DA:280,1
DA:288,1
DA:296,0
DA:303,1
DA:313,0
LF:76
LH:31
BRDA:27,0,0,11
BRDA:53,1,0,7
BRDA:53,1,1,1
BRDA:53,1,2,1
BRDA:53,1,3,0
BRDA:53,1,4,1
BRDA:53,1,5,0
BRDA:53,1,6,0
BRDA:53,1,7,2
BRDA:84,2,0,1
BRDA:84,2,1,11
BRDA:93,3,0,12
BRDA:93,3,1,12
BRDA:108,4,0,12
BRDA:108,4,1,1
BRDA:141,5,0,2
BRDA:141,5,1,10
BRDA:166,6,0,0
BRDA:166,6,1,0
BRDA:174,7,0,0
BRDA:174,8,0,0
BRDA:186,9,0,7
BRDA:186,9,1,7
BRDA:187,10,0,7
BRDA:187,10,1,0
BRDA:190,11,0,7
BRDA:190,11,1,7
BRDA:191,12,0,7
BRDA:191,12,1,5
BRDA:193,13,0,7
BRDA:193,13,1,0
BRDA:194,14,0,0
BRDA:194,14,1,0
BRDA:194,14,2,0
BRDA:194,14,3,0
BRDA:194,14,4,0
BRDA:194,14,5,0
BRDA:194,14,6,0
BRDA:194,14,7,7
BRDA:234,15,0,0
BRDA:236,16,0,1
BRDA:236,16,1,1
BRDA:238,17,0,0
BRDA:238,17,1,1
BRDA:238,18,0,1
BRDA:238,18,1,1
BRDA:250,19,0,0
BRDA:250,19,1,0
BRDA:255,20,0,0
BRDA:255,20,1,0
BRDA:256,21,0,0
BRDA:256,21,1,0
BRDA:270,22,0,0
BRDA:270,22,1,0
BRDA:283,23,0,1
BRDA:283,23,1,1
BRDA:289,24,0,1
BRDA:289,24,1,1
BRDA:289,25,0,1
BRDA:289,25,1,1
BRDA:291,26,0,1
BRDA:291,26,1,1
BRDA:297,27,0,0
BRDA:297,27,1,0
BRDA:304,28,0,1
BRDA:304,28,1,1
BRDA:304,29,0,1
BRDA:304,29,1,1
BRDA:306,30,0,1
BRDA:306,30,1,1
BRF:70
BRH:42
end_of_record
TN:
SF:src\components\ErrorBoundary.tsx
FN:17,(anonymous_0)
FN:22,(anonymous_1)
FN:27,(anonymous_2)
FN:49,(anonymous_3)
FN:53,(anonymous_4)
FN:57,(anonymous_5)
FN:135,withErrorBoundary
FN:139,(anonymous_7)
FNF:8
FNH:7
FNDA:35,(anonymous_0)
FNDA:34,(anonymous_1)
FNDA:17,(anonymous_2)
FNDA:1,(anonymous_3)
FNDA:0,(anonymous_4)
FNDA:87,(anonymous_5)
FNDA:2,withErrorBoundary
FNDA:4,(anonymous_7)
DA:18,35
DA:19,34
DA:24,34
DA:29,17
DA:32,17
DA:35,17
DA:41,17
DA:49,34
DA:50,1
DA:53,34
DA:54,0
DA:58,87
DA:60,51
DA:61,3
DA:65,48
DA:130,36
DA:139,2
DA:140,4
DA:145,2
DA:147,2
LF:20
LH:19
BRDA:58,0,0,51
BRDA:58,0,1,36
BRDA:60,1,0,3
BRDA:60,1,1,48
BRDA:101,2,0,48
BRDA:101,2,1,0
BRDA:101,2,2,0
BRDA:110,3,0,0
BRDA:110,3,1,0
BRDA:145,4,0,2
BRDA:145,4,1,2
BRF:11
BRH:7
end_of_record
TN:
SF:src\components\ExportButton.tsx
FN:21,ExportButton
FN:39,(anonymous_1)
FN:46,(anonymous_2)
FN:53,(anonymous_3)
FN:57,(anonymous_4)
FN:103,(anonymous_5)
FN:117,(anonymous_6)
FN:128,(anonymous_7)
FN:179,QuickExportButtons
FN:189,(anonymous_9)
FN:220,(anonymous_10)
FN:233,(anonymous_11)
FN:246,(anonymous_12)
FNF:13
FNH:0
FNDA:0,ExportButton
FNDA:0,(anonymous_1)
FNDA:0,(anonymous_2)
FNDA:0,(anonymous_3)
FNDA:0,(anonymous_4)
FNDA:0,(anonymous_5)
FNDA:0,(anonymous_6)
FNDA:0,(anonymous_7)
FNDA:0,QuickExportButtons
FNDA:0,(anonymous_9)
FNDA:0,(anonymous_10)
FNDA:0,(anonymous_11)
FNDA:0,(anonymous_12)
DA:29,0
DA:30,0
DA:31,0
DA:33,0
DA:39,0
DA:46,0
DA:53,0
DA:57,0
DA:58,0
DA:59,0
DA:61,0
DA:62,0
DA:68,0
DA:70,0
DA:71,0
DA:73,0
DA:74,0
DA:76,0
DA:77,0
DA:80,0
DA:83,0
DA:87,0
DA:88,0
DA:100,0
DA:103,0
DA:117,0
DA:129,0
DA:130,0
DA:132,0
DA:186,0
DA:187,0
DA:189,0
DA:190,0
DA:192,0
DA:193,0
DA:199,0
DA:201,0
DA:202,0
DA:204,0
DA:205,0
DA:207,0
DA:208,0
DA:211,0
DA:213,0
DA:217,0
DA:220,0
DA:233,0
DA:246,0
LF:48
LH:0
BRDA:24,0,0,0
BRDA:25,1,0,0
BRDA:26,2,0,0
BRDA:27,3,0,0
BRDA:68,4,0,0
BRDA:68,4,1,0
BRDA:68,4,2,0
BRDA:87,5,0,0
BRDA:87,5,1,0
BRDA:87,6,0,0
BRDA:87,6,1,0
BRDA:108,7,0,0
BRDA:108,7,1,0
BRDA:112,8,0,0
BRDA:112,8,1,0
BRDA:140,9,0,0
BRDA:140,9,1,0
BRDA:152,10,0,0
BRDA:152,10,1,0
BRDA:167,11,0,0
BRDA:167,11,1,0
BRDA:182,12,0,0
BRDA:183,13,0,0
BRDA:184,14,0,0
BRDA:199,15,0,0
BRDA:199,15,1,0
BRDA:199,15,2,0
BRDA:224,16,0,0
BRDA:224,16,1,0
BRDA:237,17,0,0
BRDA:237,17,1,0
BRDA:250,18,0,0
BRDA:250,18,1,0
BRF:33
BRH:0
end_of_record
TN:
SF:src\components\FilterBuilder.tsx
FN:34,FilterBuilder
FN:44,(anonymous_1)
FN:51,(anonymous_2)
FN:52,(anonymous_3)
FN:77,(anonymous_4)
FN:78,(anonymous_5)
FN:103,(anonymous_6)
FN:104,(anonymous_7)
FN:106,(anonymous_8)
FN:118,(anonymous_9)
FN:119,(anonymous_10)
FN:121,(anonymous_11)
FN:131,(anonymous_12)
FN:132,(anonymous_13)
FN:148,(anonymous_14)
FN:166,(anonymous_15)
FN:174,(anonymous_16)
FN:192,(anonymous_17)
FN:210,(anonymous_18)
FN:228,(anonymous_19)
FN:229,(anonymous_20)
FN:235,(anonymous_21)
FN:288,(anonymous_22)
FN:336,FilterGroupComponent
FN:352,(anonymous_24)
FN:364,(anonymous_25)
FN:377,(anonymous_26)
FN:393,(anonymous_27)
FN:401,(anonymous_28)
FN:423,FilterConditionComponent
FN:431,(anonymous_30)
FN:433,(anonymous_31)
FN:460,(anonymous_32)
FN:468,(anonymous_33)
FN:481,(anonymous_34)
FN:485,(anonymous_35)
FN:499,(anonymous_36)
FN:521,getOperatorLabel
FN:542,renderValueInput
FN:560,(anonymous_39)
FN:564,(anonymous_40)
FN:582,(anonymous_41)
FN:583,(anonymous_42)
FN:599,(anonymous_43)
FN:613,(anonymous_44)
FN:627,(anonymous_45)
FN:645,(anonymous_46)
FNF:47
FNH:0
FNDA:0,FilterBuilder
FNDA:0,(anonymous_1)
FNDA:0,(anonymous_2)
FNDA:0,(anonymous_3)
FNDA:0,(anonymous_4)
FNDA:0,(anonymous_5)
FNDA:0,(anonymous_6)
FNDA:0,(anonymous_7)
FNDA:0,(anonymous_8)
FNDA:0,(anonymous_9)
FNDA:0,(anonymous_10)
FNDA:0,(anonymous_11)
FNDA:0,(anonymous_12)
FNDA:0,(anonymous_13)
FNDA:0,(anonymous_14)
FNDA:0,(anonymous_15)
FNDA:0,(anonymous_16)
FNDA:0,(anonymous_17)
FNDA:0,(anonymous_18)
FNDA:0,(anonymous_19)
FNDA:0,(anonymous_20)
FNDA:0,(anonymous_21)
FNDA:0,(anonymous_22)
FNDA:0,FilterGroupComponent
FNDA:0,(anonymous_24)
FNDA:0,(anonymous_25)
FNDA:0,(anonymous_26)
FNDA:0,(anonymous_27)
FNDA:0,(anonymous_28)
FNDA:0,FilterConditionComponent
FNDA:0,(anonymous_30)
FNDA:0,(anonymous_31)
FNDA:0,(anonymous_32)
FNDA:0,(anonymous_33)
FNDA:0,(anonymous_34)
FNDA:0,(anonymous_35)
FNDA:0,(anonymous_36)
FNDA:0,getOperatorLabel
FNDA:0,renderValueInput
FNDA:0,(anonymous_39)
FNDA:0,(anonymous_40)
FNDA:0,(anonymous_41)
FNDA:0,(anonymous_42)
FNDA:0,(anonymous_43)
FNDA:0,(anonymous_44)
FNDA:0,(anonymous_45)
FNDA:0,(anonymous_46)
DA:41,0
DA:42,0
DA:44,0
DA:45,0
DA:51,0
DA:52,0
DA:53,0
DA:54,0
DA:60,0
DA:65,0
DA:71,0
DA:77,0
DA:78,0
DA:79,0
DA:80,0
DA:86,0
DA:91,0
DA:97,0
DA:103,0
DA:104,0
DA:107,0
DA:112,0
DA:118,0
DA:119,0
DA:121,0
DA:125,0
DA:131,0
DA:132,0
DA:133,0
DA:134,0
DA:136,0
DA:142,0
DA:148,0
DA:149,0
DA:151,0
DA:158,0
DA:163,0
DA:166,0
DA:167,0
DA:174,0
DA:175,0
DA:182,0
DA:188,0
DA:191,0
DA:192,0
DA:194,0
DA:210,0
DA:229,0
DA:230,0
DA:236,0
DA:288,0
DA:346,0
DA:352,0
DA:365,0
DA:378,0
DA:393,0
DA:401,0
DA:431,0
DA:433,0
DA:434,0
DA:435,0
DA:436,0
DA:437,0
DA:438,0
DA:439,0
DA:443,0
DA:445,0
DA:460,0
DA:469,0
DA:481,0
DA:486,0
DA:499,0
DA:522,0
DA:539,0
DA:548,0
DA:550,0
DA:552,0
DA:554,0
DA:560,0
DA:565,0
DA:575,0
DA:582,0
DA:583,0
DA:592,0
DA:599,0
DA:606,0
DA:613,0
DA:621,0
DA:627,0
DA:638,0
DA:645,0
LF:91
LH:0
BRDA:39,0,0,0
BRDA:53,1,0,0
BRDA:53,1,1,0
BRDA:56,2,0,0
BRDA:56,2,1,0
BRDA:79,3,0,0
BRDA:79,3,1,0
BRDA:107,4,0,0
BRDA:107,4,1,0
BRDA:133,5,0,0
BRDA:133,5,1,0
BRDA:149,6,0,0
BRDA:149,6,1,0
BRDA:191,7,0,0
BRDA:191,7,1,0
BRDA:192,8,0,0
BRDA:192,8,1,0
BRDA:201,9,0,0
BRDA:201,9,1,0
BRDA:214,10,0,0
BRDA:214,10,1,0
BRDA:216,11,0,0
BRDA:216,11,1,0
BRDA:227,12,0,0
BRDA:227,12,1,0
BRDA:230,13,0,0
BRDA:230,13,1,0
BRDA:246,14,0,0
BRDA:246,14,1,0
BRDA:278,15,0,0
BRDA:278,15,1,0
BRDA:344,16,0,0
BRDA:347,17,0,0
BRDA:347,17,1,0
BRDA:348,18,0,0
BRDA:348,18,1,0
BRDA:428,19,0,0
BRDA:429,20,0,0
BRDA:434,21,0,0
BRDA:434,21,1,0
BRDA:434,21,2,0
BRDA:434,21,3,0
BRDA:434,21,4,0
BRDA:447,22,0,0
BRDA:447,22,1,0
BRDA:455,23,0,0
BRDA:455,23,1,0
BRDA:539,24,0,0
BRDA:539,24,1,0
BRDA:548,25,0,0
BRDA:548,25,1,0
BRDA:552,26,0,0
BRDA:552,26,1,0
BRDA:552,26,2,0
BRDA:552,26,3,0
BRDA:552,26,4,0
BRDA:552,26,5,0
BRDA:559,27,0,0
BRDA:559,27,1,0
BRDA:581,28,0,0
BRDA:581,28,1,0
BRDA:581,29,0,0
BRDA:581,29,1,0
BRDA:598,30,0,0
BRDA:598,30,1,0
BRDA:612,31,0,0
BRDA:612,31,1,0
BRDA:613,32,0,0
BRDA:613,32,1,0
BRDA:614,33,0,0
BRDA:614,33,1,0
BRDA:626,34,0,0
BRDA:626,34,1,0
BRDA:644,35,0,0
BRDA:644,35,1,0
BRDA:646,36,0,0
BRDA:646,36,1,0
BRF:77
BRH:0
end_of_record
TN:
SF:src\components\Header.tsx
FN:14,Header
FN:22,(anonymous_1)
FN:68,(anonymous_2)
FN:87,(anonymous_3)
FN:96,(anonymous_4)
FN:111,(anonymous_5)
FN:132,(anonymous_6)
FN:136,(anonymous_7)
FN:155,(anonymous_8)
FNF:9
FNH:1
FNDA:3,Header
FNDA:0,(anonymous_1)
FNDA:0,(anonymous_2)
FNDA:0,(anonymous_3)
FNDA:0,(anonymous_4)
FNDA:0,(anonymous_5)
FNDA:0,(anonymous_6)
FNDA:0,(anonymous_7)
FNDA:0,(anonymous_8)
DA:15,3
DA:16,3
DA:17,3
DA:18,3
DA:19,3
DA:20,3
DA:22,3
DA:24,3
DA:35,3
DA:68,0
DA:87,0
DA:96,0
DA:112,0
DA:113,0
DA:114,0
DA:133,0
DA:136,0
DA:155,0
LF:18
LH:9
BRDA:46,0,0,0
BRDA:46,0,1,3
BRDA:72,1,0,0
BRDA:72,1,1,3
BRDA:100,2,0,3
BRDA:100,2,1,3
BRDA:101,3,0,3
BRDA:101,3,1,3
BRDA:108,4,0,3
BRDA:108,4,1,0
BRDA:129,5,0,3
BRDA:129,5,1,0
BRDA:138,6,0,0
BRDA:138,6,1,0
BRF:14
BRH:8
end_of_record
TN:
SF:src\components\HelpGuide.tsx
FN:10,HelpGuide
FN:16,(anonymous_1)
FN:141,(anonymous_2)
FN:144,(anonymous_3)
FN:197,HelpButton
FN:203,(anonymous_5)
FN:212,(anonymous_6)
FNF:7
FNH:2
FNDA:3,HelpGuide
FNDA:0,(anonymous_1)
FNDA:0,(anonymous_2)
FNDA:0,(anonymous_3)
FNDA:3,HelpButton
FNDA:0,(anonymous_5)
FNDA:0,(anonymous_6)
DA:11,3
DA:12,3
DA:14,3
DA:16,0
DA:17,0
DA:18,0
DA:19,0
DA:22,0
DA:124,0
DA:142,0
DA:144,0
DA:198,3
DA:200,3
DA:203,0
DA:212,0
LF:15
LH:5
BRDA:14,0,0,3
BRDA:14,0,1,0
BRDA:146,1,0,0
BRDA:146,1,1,0
BRDA:151,2,0,0
BRDA:151,2,1,0
BRF:6
BRH:1
end_of_record
TN:
SF:src\components\LoadingSpinner.tsx
FN:9,LoadingSpinner
FNF:1
FNH:1
FNDA:9,LoadingSpinner
DA:14,9
DA:20,9
LF:2
LH:2
BRDA:10,0,0,8
BRDA:11,1,0,7
BRDA:12,2,0,8
BRF:3
BRH:3
end_of_record
TN:
SF:src\components\OnboardingTour.tsx
FN:13,(anonymous_0)
FN:21,OnboardingTour
FN:113,(anonymous_2)
FN:119,(anonymous_3)
FN:122,(anonymous_4)
FN:129,(anonymous_5)
FNF:6
FNH:0
FNDA:0,(anonymous_0)
FNDA:0,OnboardingTour
FNDA:0,(anonymous_2)
FNDA:0,(anonymous_3)
FNDA:0,(anonymous_4)
FNDA:0,(anonymous_5)
DA:13,0
DA:14,0
DA:22,0
DA:23,0
DA:24,0
DA:113,0
DA:114,0
DA:115,0
DA:117,0
DA:119,0
DA:120,0
DA:122,0
DA:124,0
DA:125,0
DA:129,0
DA:130,0
DA:132,0
DA:136,0
DA:138,0
DA:139,0
DA:141,0
DA:142,0
DA:147,0
DA:148,0
DA:151,0
LF:25
LH:0
BRDA:14,0,0,0
BRDA:14,0,1,0
BRDA:14,0,2,0
BRDA:14,0,3,0
BRDA:14,0,4,0
BRDA:21,1,0,0
BRDA:114,2,0,0
BRDA:114,2,1,0
BRDA:114,3,0,0
BRDA:114,3,1,0
BRDA:117,4,0,0
BRDA:117,4,1,0
BRDA:117,5,0,0
BRDA:117,5,1,0
BRDA:124,6,0,0
BRDA:124,6,1,0
BRDA:132,7,0,0
BRDA:132,7,1,0
BRDA:132,8,0,0
BRDA:132,8,1,0
BRDA:136,9,0,0
BRDA:136,9,1,0
BRDA:136,10,0,0
BRDA:136,10,1,0
BRDA:141,11,0,0
BRDA:141,11,1,0
BRDA:147,12,0,0
BRDA:147,12,1,0
BRDA:147,13,0,0
BRDA:147,13,1,0
BRF:30
BRH:0
end_of_record
TN:
SF:src\components\PageLayout.tsx
FN:13,PageLayout
FN:21,(anonymous_1)
FN:22,(anonymous_2)
FNF:3
FNH:1
FNDA:10,PageLayout
FNDA:0,(anonymous_1)
FNDA:0,(anonymous_2)
DA:20,10
DA:21,10
DA:22,0
DA:24,10
LF:4
LH:3
BRDA:15,0,0,9
BRDA:16,1,0,9
BRDA:30,2,0,10
BRDA:30,2,1,7
BRDA:30,2,2,3
BRDA:32,3,0,3
BRDA:32,3,1,3
BRDA:33,4,0,3
BRDA:33,4,1,3
BRF:9
BRH:9
end_of_record
TN:
SF:src\components\PerformanceMonitor.tsx
FN:59,PerformanceMonitor
FN:68,(anonymous_1)
FN:75,(anonymous_2)
FN:79,(anonymous_3)
FN:89,(anonymous_4)
FN:97,(anonymous_5)
FN:128,(anonymous_6)
FN:382,MetricItem
FNF:8
FNH:4
FNDA:3,PerformanceMonitor
FNDA:1,(anonymous_1)
FNDA:1,(anonymous_2)
FNDA:0,(anonymous_3)
FNDA:2,(anonymous_4)
FNDA:0,(anonymous_5)
FNDA:0,(anonymous_6)
FNDA:0,MetricItem
DA:63,3
DA:64,3
DA:65,3
DA:66,3
DA:68,3
DA:69,1
DA:70,0
DA:72,1
DA:75,1
DA:79,3
DA:80,0
DA:83,0
DA:86,0
DA:89,3
DA:90,2
DA:91,2
DA:92,0
DA:93,0
DA:97,3
DA:98,0
DA:122,0
DA:126,3
DA:128,0
DA:129,0
DA:130,0
DA:131,0
DA:135,0
DA:383,0
LF:28
LH:14
BRDA:69,0,0,0
BRDA:69,0,1,1
BRDA:91,1,0,0
BRDA:91,1,1,2
BRDA:126,2,0,3
BRDA:126,2,1,0
BRDA:126,3,0,3
BRDA:126,3,1,0
BRDA:129,4,0,0
BRDA:129,4,1,0
BRDA:130,5,0,0
BRDA:130,5,1,0
BRDA:144,6,0,0
BRDA:144,6,1,0
BRDA:146,7,0,0
BRDA:146,7,1,0
BRDA:280,8,0,0
BRDA:280,8,1,0
BRDA:335,9,0,0
BRDA:335,9,1,0
BRDA:341,10,0,0
BRDA:341,10,1,0
BRDA:347,11,0,0
BRDA:347,11,1,0
BRDA:353,12,0,0
BRDA:353,12,1,0
BRDA:359,13,0,0
BRDA:359,13,1,0
BRDA:387,14,0,0
BRDA:387,14,1,0
BRDA:388,15,0,0
BRDA:388,15,1,0
BRDA:389,16,0,0
BRDA:389,16,1,0
BRDA:393,17,0,0
BRDA:393,17,1,0
BRDA:394,18,0,0
BRDA:394,18,1,0
BRF:38
BRH:4
end_of_record
TN:
SF:src\components\ScopeTagsInput.tsx
FN:11,ScopeTagsInput
FN:20,(anonymous_1)
FN:27,(anonymous_2)
FN:28,(anonymous_3)
FN:31,(anonymous_4)
FN:43,(anonymous_5)
FN:47,(anonymous_6)
FN:59,(anonymous_7)
FN:68,(anonymous_8)
FNF:9
FNH:0
FNDA:0,ScopeTagsInput
FNDA:0,(anonymous_1)
FNDA:0,(anonymous_2)
FNDA:0,(anonymous_3)
FNDA:0,(anonymous_4)
FNDA:0,(anonymous_5)
FNDA:0,(anonymous_6)
FNDA:0,(anonymous_7)
FNDA:0,(anonymous_8)
DA:17,0
DA:18,0
DA:20,0
DA:21,0
DA:22,0
DA:23,0
DA:27,0
DA:28,0
DA:31,0
DA:32,0
DA:33,0
DA:34,0
DA:35,0
DA:36,0
DA:38,0
DA:39,0
DA:43,0
DA:44,0
DA:47,0
DA:48,0
DA:51,0
DA:60,0
DA:69,0
DA:70,0
LF:24
LH:0
BRDA:14,0,0,0
BRDA:15,1,0,0
BRDA:22,2,0,0
BRDA:22,2,1,0
BRDA:22,3,0,0
BRDA:22,3,1,0
BRDA:32,4,0,0
BRDA:32,4,1,0
BRDA:32,5,0,0
BRDA:32,5,1,0
BRDA:34,6,0,0
BRDA:34,6,1,0
BRDA:38,7,0,0
BRDA:38,7,1,0
BRDA:38,8,0,0
BRDA:38,8,1,0
BRDA:38,8,2,0
BRDA:86,9,0,0
BRDA:86,9,1,0
BRF:19
BRH:0
end_of_record
TN:
SF:src\components\SidebarNav.tsx
FN:37,SidebarNav
FN:39,(anonymous_1)
FN:52,(anonymous_2)
FNF:3
FNH:3
FNDA:2,SidebarNav
FNDA:28,(anonymous_1)
FNDA:28,(anonymous_2)
DA:20,3
DA:38,2
DA:39,28
DA:41,2
DA:53,28
DA:54,28
LF:6
LH:6
BRDA:44,0,0,0
BRDA:44,0,1,2
BRDA:48,1,0,0
BRDA:48,1,1,2
BRDA:59,2,0,2
BRDA:59,2,1,26
BRDA:60,3,0,2
BRDA:60,3,1,26
BRDA:62,4,0,0
BRDA:62,4,1,28
BRDA:64,5,0,2
BRDA:64,5,1,26
BRDA:70,6,0,28
BRDA:70,6,1,2
BRDA:74,7,0,28
BRDA:74,7,1,28
BRF:16
BRH:13
end_of_record
TN:
SF:src\components\StatCard.tsx
FN:16,StatCard
FNF:1
FNH:1
FNDA:16,StatCard
DA:17,16
DA:24,16
DA:31,16
LF:3
LH:3
BRDA:16,0,0,9
BRDA:37,1,0,16
BRDA:37,1,1,2
BRDA:38,2,0,1
BRDA:38,2,1,1
BRDA:39,3,0,1
BRDA:39,3,1,1
BRF:7
BRH:7
end_of_record
TN:
SF:src\components\SystemHealth.tsx
FN:9,SystemHealth
FN:10,(anonymous_1)
FN:23,(anonymous_2)
FN:44,(anonymous_3)
FNF:4
FNH:0
FNDA:0,SystemHealth
FNDA:0,(anonymous_1)
FNDA:0,(anonymous_2)
FNDA:0,(anonymous_3)
DA:10,0
DA:11,0
DA:13,0
DA:15,0
DA:17,0
DA:19,0
DA:23,0
DA:24,0
DA:26,0
DA:28,0
DA:30,0
DA:32,0
DA:36,0
DA:45,0
LF:14
LH:0
BRDA:11,0,0,0
BRDA:11,0,1,0
BRDA:11,0,2,0
BRDA:11,0,3,0
BRDA:24,1,0,0
BRDA:24,1,1,0
BRDA:24,1,2,0
BRDA:24,1,3,0
BRF:8
BRH:0
end_of_record
TN:
SF:src\components\ThreatDetailsModal.tsx
FN:12,ThreatDetailsModal
FN:42,(anonymous_1)
FNF:2
FNH:0
FNDA:0,ThreatDetailsModal
FNDA:0,(anonymous_1)
DA:14,0
DA:43,0
DA:44,0
LF:3
LH:0
BRDA:40,0,0,0
BRDA:40,0,1,0
BRDA:84,1,0,0
BRDA:84,1,1,0
BRDA:92,2,0,0
BRDA:92,2,1,0
BRDA:93,3,0,0
BRDA:93,3,1,0
BRDA:94,4,0,0
BRDA:94,4,1,0
BRDA:111,5,0,0
BRDA:111,5,1,0
BRDA:119,6,0,0
BRDA:119,6,1,0
BRDA:137,7,0,0
BRDA:137,7,1,0
BRF:16
BRH:0
end_of_record
TN:
SF:src\components\ThreatTable.tsx
FN:18,ThreatTable
FN:65,(anonymous_1)
FN:103,(anonymous_2)
FNF:3
FNH:0
FNDA:0,ThreatTable
FNDA:0,(anonymous_1)
FNDA:0,(anonymous_2)
DA:19,0
DA:22,0
DA:40,0
DA:42,0
DA:65,0
DA:104,0
LF:6
LH:0
BRDA:18,0,0,0
BRDA:48,1,0,0
BRDA:48,1,1,0
BRDA:63,2,0,0
BRDA:63,2,1,0
BRDA:67,3,0,0
BRDA:67,3,1,0
BRDA:67,4,0,0
BRDA:67,4,1,0
BRDA:80,5,0,0
BRDA:80,5,1,0
BRDA:80,5,2,0
BRDA:107,6,0,0
BRDA:107,6,1,0
BRF:14
BRH:0
end_of_record
TN:
SF:src\components\ThreatTimeline.tsx
FN:20,ThreatTimeline
FN:22,(anonymous_1)
FN:23,(anonymous_2)
FNF:3
FNH:0
FNDA:0,ThreatTimeline
FNDA:0,(anonymous_1)
FNDA:0,(anonymous_2)
DA:22,0
DA:23,0
DA:24,0
DA:25,0
DA:26,0
DA:28,0
DA:34,0
DA:37,0
LF:8
LH:0
BRDA:24,0,0,0
BRDA:24,0,1,0
BRDA:25,1,0,0
BRDA:25,1,1,0
BRF:4
BRH:0
end_of_record
TN:
SF:src\components\Toast.tsx
FNF:0
FNH:0
LF:0
LH:0
BRF:0
BRH:0
end_of_record
TN:
SF:src\components\index.ts
FNF:0
FNH:0
LF:0
LH:0
BRF:0
BRH:0
end_of_record
TN:
SF:src\hooks\index.ts
FNF:0
FNH:0
LF:0
LH:0
BRF:0
BRH:0
end_of_record
TN:
SF:src\hooks\mock-auth.tsx
FN:27,(anonymous_0)
FN:46,(anonymous_1)
FN:52,(anonymous_2)
FN:56,AuthProvider
FN:61,(anonymous_4)
FN:75,(anonymous_5)
FN:80,(anonymous_6)
FN:103,(anonymous_7)
FN:108,(anonymous_8)
FN:125,(anonymous_9)
FN:132,(anonymous_10)
FN:137,(anonymous_11)
FN:170,useAuth
FNF:13
FNH:4
FNDA:4,(anonymous_0)
FNDA:0,(anonymous_1)
FNDA:0,(anonymous_2)
FNDA:10,AuthProvider
FNDA:4,(anonymous_4)
FNDA:0,(anonymous_5)
FNDA:0,(anonymous_6)
FNDA:0,(anonymous_7)
FNDA:0,(anonymous_8)
FNDA:0,(anonymous_9)
FNDA:0,(anonymous_10)
FNDA:0,(anonymous_11)
FNDA:3,useAuth
DA:16,5
DA:24,5
DA:27,5
DA:28,4
DA:29,4
DA:30,4
DA:31,0
DA:33,0
DA:34,0
DA:36,0
DA:40,0
DA:42,4
DA:46,5
DA:47,0
DA:48,0
DA:52,5
DA:53,0
DA:57,10
DA:58,10
DA:61,10
DA:62,4
DA:63,4
DA:66,4
DA:67,0
DA:68,0
DA:71,4
DA:75,10
DA:76,0
DA:78,0
DA:80,0
DA:83,0
DA:89,0
DA:90,0
DA:93,0
DA:94,0
DA:96,0
DA:97,0
DA:99,0
DA:103,10
DA:104,0
DA:106,0
DA:108,0
DA:111,0
DA:112,0
DA:114,0
DA:116,0
DA:117,0
DA:119,0
DA:121,0
DA:125,10
DA:128,0
DA:132,10
DA:133,0
DA:135,0
DA:137,0
DA:140,0
DA:141,0
DA:144,0
DA:145,0
DA:147,0
DA:148,0
DA:150,0
DA:154,10
DA:163,10
DA:171,3
DA:172,3
DA:173,0
DA:175,3
LF:68
LH:25
BRDA:30,0,0,0
BRDA:30,0,1,4
BRDA:33,1,0,0
BRDA:33,1,1,0
BRDA:66,2,0,0
BRDA:66,2,1,4
BRDA:111,3,0,0
BRDA:111,3,1,0
BRDA:172,4,0,0
BRDA:172,4,1,3
BRF:10
BRH:3
end_of_record
TN:
SF:src\hooks\useApi-hook.ts
FN:7,useApi
FN:15,(anonymous_1)
FN:47,(anonymous_2)
FN:52,(anonymous_3)
FN:53,(anonymous_4)
FN:58,(anonymous_5)
FN:61,(anonymous_6)
FN:71,mapEndpointToService
FNF:8
FNH:0
FNDA:0,useApi
FNDA:0,(anonymous_1)
FNDA:0,(anonymous_2)
FNDA:0,(anonymous_3)
FNDA:0,(anonymous_4)
FNDA:0,(anonymous_5)
FNDA:0,(anonymous_6)
FNDA:0,mapEndpointToService
DA:11,0
DA:12,0
DA:13,0
DA:15,0
DA:16,0
DA:18,0
DA:20,0
DA:23,0
DA:25,0
DA:26,0
DA:28,0
DA:30,0
DA:33,0
DA:34,0
DA:37,0
DA:39,0
DA:40,0
DA:41,0
DA:43,0
DA:47,0
DA:48,0
DA:49,0
DA:51,0
DA:52,0
DA:53,0
DA:58,0
DA:60,0
DA:61,0
DA:62,0
DA:65,0
DA:72,0
DA:74,0
DA:76,0
DA:78,0
DA:80,0
DA:82,0
DA:84,0
DA:86,0
DA:88,0
DA:90,0
DA:92,0
DA:94,0
DA:96,0
DA:98,0
DA:100,0
DA:102,0
LF:46
LH:0
BRDA:16,0,0,0
BRDA:16,0,1,0
BRDA:16,1,0,0
BRDA:16,1,1,0
BRDA:18,2,0,0
BRDA:18,2,1,0
BRDA:18,3,0,0
BRDA:18,3,1,0
BRDA:23,4,0,0
BRDA:23,4,1,0
BRDA:26,5,0,0
BRDA:26,5,1,0
BRDA:26,6,0,0
BRDA:26,6,1,0
BRDA:33,7,0,0
BRDA:33,7,1,0
BRDA:39,8,0,0
BRDA:39,8,1,0
BRDA:40,9,0,0
BRDA:40,9,1,0
BRDA:48,10,0,0
BRDA:48,10,1,0
BRDA:51,11,0,0
BRDA:51,11,1,0
BRDA:72,12,0,0
BRDA:72,12,1,0
BRDA:72,12,2,0
BRDA:72,12,3,0
BRDA:72,12,4,0
BRDA:72,12,5,0
BRDA:72,12,6,0
BRDA:72,12,7,0
BRDA:72,12,8,0
BRDA:72,12,9,0
BRDA:72,12,10,0
BRDA:72,12,11,0
BRDA:72,12,12,0
BRDA:72,12,13,0
BRDA:72,12,14,0
BRF:39
BRH:0
end_of_record
TN:
SF:src\hooks\useDashboard.tsx
FN:90,(anonymous_0)
FN:166,DashboardProvider
FN:167,(anonymous_2)
FN:183,(anonymous_3)
FN:189,(anonymous_4)
FN:191,(anonymous_5)
FN:207,(anonymous_6)
FN:211,(anonymous_7)
FN:225,(anonymous_8)
FN:235,(anonymous_9)
FN:249,(anonymous_10)
FN:250,(anonymous_11)
FN:253,(anonymous_12)
FN:264,(anonymous_13)
FN:265,(anonymous_14)
FN:268,(anonymous_15)
FN:281,(anonymous_16)
FN:285,(anonymous_17)
FN:289,(anonymous_18)
FN:302,(anonymous_19)
FN:307,(anonymous_20)
FN:309,(anonymous_21)
FN:324,(anonymous_22)
FN:325,(anonymous_23)
FN:330,(anonymous_24)
FN:340,(anonymous_25)
FN:347,(anonymous_26)
FN:348,(anonymous_27)
FN:351,(anonymous_28)
FN:352,(anonymous_29)
FN:379,useDashboard
FN:388,getWidgetDefaultTitle
FN:401,getWidgetDefaultSize
FN:414,getWidgetDefaultConfig
FNF:34
FNH:0
FNDA:0,(anonymous_0)
FNDA:0,DashboardProvider
FNDA:0,(anonymous_2)
FNDA:0,(anonymous_3)
FNDA:0,(anonymous_4)
FNDA:0,(anonymous_5)
FNDA:0,(anonymous_6)
FNDA:0,(anonymous_7)
FNDA:0,(anonymous_8)
FNDA:0,(anonymous_9)
FNDA:0,(anonymous_10)
FNDA:0,(anonymous_11)
FNDA:0,(anonymous_12)
FNDA:0,(anonymous_13)
FNDA:0,(anonymous_14)
FNDA:0,(anonymous_15)
FNDA:0,(anonymous_16)
FNDA:0,(anonymous_17)
FNDA:0,(anonymous_18)
FNDA:0,(anonymous_19)
FNDA:0,(anonymous_20)
FNDA:0,(anonymous_21)
FNDA:0,(anonymous_22)
FNDA:0,(anonymous_23)
FNDA:0,(anonymous_24)
FNDA:0,(anonymous_25)
FNDA:0,(anonymous_26)
FNDA:0,(anonymous_27)
FNDA:0,(anonymous_28)
FNDA:0,(anonymous_29)
FNDA:0,useDashboard
FNDA:0,getWidgetDefaultTitle
FNDA:0,getWidgetDefaultSize
FNDA:0,getWidgetDefaultConfig
DA:14,3
DA:90,3
DA:162,3
DA:164,3
DA:167,0
DA:183,0
DA:184,0
DA:185,0
DA:186,0
DA:187,0
DA:189,0
DA:190,0
DA:191,0
DA:202,0
DA:207,0
DA:208,0
DA:209,0
DA:210,0
DA:211,0
DA:213,0
DA:214,0
DA:216,0
DA:219,0
DA:221,0
DA:225,0
DA:226,0
DA:235,0
DA:236,0
DA:241,0
DA:242,0
DA:249,0
DA:250,0
DA:251,0
DA:253,0
DA:256,0
DA:257,0
DA:264,0
DA:265,0
DA:266,0
DA:269,0
DA:273,0
DA:274,0
DA:281,0
DA:282,0
DA:285,0
DA:286,0
DA:289,0
DA:290,0
DA:298,0
DA:302,0
DA:303,0
DA:304,0
DA:305,0
DA:306,0
DA:307,0
DA:308,0
DA:309,0
DA:320,0
DA:324,0
DA:325,0
DA:326,0
DA:327,0
DA:330,0
DA:340,0
DA:347,0
DA:348,0
DA:351,0
DA:352,0
DA:358,0
DA:372,0
DA:380,0
DA:381,0
DA:382,0
DA:384,0
DA:389,0
DA:398,0
DA:402,0
DA:411,0
DA:415,0
DA:424,0
LF:80
LH:4
BRDA:186,0,0,0
BRDA:186,0,1,0
BRDA:189,1,0,0
BRDA:189,1,1,0
BRDA:190,2,0,0
BRDA:190,2,1,0
BRDA:210,3,0,0
BRDA:210,3,1,0
BRDA:213,4,0,0
BRDA:213,4,1,0
BRDA:225,5,0,0
BRDA:269,6,0,0
BRDA:269,6,1,0
BRDA:305,7,0,0
BRDA:305,7,1,0
BRDA:308,8,0,0
BRDA:308,8,1,0
BRDA:326,9,0,0
BRDA:326,9,1,0
BRDA:381,10,0,0
BRDA:381,10,1,0
BRDA:398,11,0,0
BRDA:398,11,1,0
BRDA:411,12,0,0
BRDA:411,12,1,0
BRDA:424,13,0,0
BRDA:424,13,1,0
BRF:27
BRH:0
end_of_record
TN:
SF:src\hooks\useErrorReporting.ts
FN:1,useErrorReporting
FN:2,(anonymous_1)
FN:6,(anonymous_2)
FN:16,(anonymous_3)
FN:22,(anonymous_4)
FNF:5
FNH:5
FNDA:1,useErrorReporting
FNDA:1,(anonymous_1)
FNDA:1,(anonymous_2)
FNDA:1,(anonymous_3)
FNDA:1,(anonymous_4)
DA:2,1
DA:3,1
DA:6,1
DA:7,1
DA:16,1
DA:21,1
DA:22,1
DA:23,1
DA:32,1
LF:9
LH:9
BRDA:18,0,0,0
BRF:1
BRH:0
end_of_record
TN:
SF:src\hooks\useFilters.tsx
FN:11,evaluateCondition
FN:51,evaluateGroup
FN:54,(anonymous_2)
FN:55,(anonymous_3)
FN:60,(anonymous_4)
FN:62,(anonymous_5)
FN:66,getNestedValue
FN:67,(anonymous_7)
FN:70,useFilters
FN:88,(anonymous_9)
FN:93,(anonymous_10)
FN:99,(anonymous_11)
FN:102,(anonymous_12)
FN:106,(anonymous_13)
FN:111,(anonymous_14)
FN:112,(anonymous_15)
FN:124,(anonymous_16)
FN:132,(anonymous_17)
FN:140,(anonymous_18)
FN:141,(anonymous_19)
FN:148,(anonymous_20)
FN:149,(anonymous_21)
FN:151,(anonymous_22)
FN:169,createFilterPreset
FN:182,(anonymous_24)
FN:192,getActiveFilterCount
FN:193,(anonymous_26)
FN:194,(anonymous_27)
FN:201,getFilterSummary
FNF:29
FNH:11
FNDA:51,evaluateCondition
FNDA:44,evaluateGroup
FNDA:51,(anonymous_2)
FNDA:0,(anonymous_3)
FNDA:41,(anonymous_4)
FNDA:6,(anonymous_5)
FNDA:51,getNestedValue
FNDA:73,(anonymous_7)
FNDA:33,useFilters
FNDA:33,(anonymous_9)
FNDA:0,(anonymous_10)
FNDA:44,(anonymous_11)
FNDA:13,(anonymous_12)
FNDA:0,(anonymous_13)
FNDA:0,(anonymous_14)
FNDA:0,(anonymous_15)
FNDA:0,(anonymous_16)
FNDA:0,(anonymous_17)
FNDA:0,(anonymous_18)
FNDA:0,(anonymous_19)
FNDA:0,(anonymous_20)
FNDA:0,(anonymous_21)
FNDA:0,(anonymous_22)
FNDA:0,createFilterPreset
FNDA:0,(anonymous_24)
FNDA:0,getActiveFilterCount
FNDA:0,(anonymous_26)
FNDA:0,(anonymous_27)
FNDA:0,getFilterSummary
DA:12,51
DA:13,51
DA:15,51
DA:17,23
DA:19,0
DA:21,4
DA:23,0
DA:25,0
DA:27,0
DA:29,16
DA:31,0
DA:33,0
DA:35,0
DA:37,0
DA:39,4
DA:41,0
DA:43,0
DA:45,0
DA:47,4
DA:52,44
DA:54,51
DA:55,44
DA:57,44
DA:59,44
DA:60,41
DA:62,6
DA:67,73
DA:75,33
DA:88,33
DA:89,33
DA:92,33
DA:93,0
DA:95,33
DA:96,21
DA:99,44
DA:102,33
DA:103,13
DA:106,33
DA:111,33
DA:112,0
DA:124,33
DA:125,0
DA:132,0
DA:137,0
DA:140,33
DA:141,0
DA:148,33
DA:149,0
DA:151,0
DA:156,33
DA:175,0
DA:182,0
DA:193,0
DA:194,0
DA:197,0
DA:202,0
DA:203,0
DA:204,0
DA:205,0
LF:59
LH:31
BRDA:15,0,0,23
BRDA:15,0,1,0
BRDA:15,0,2,4
BRDA:15,0,3,0
BRDA:15,0,4,0
BRDA:15,0,5,0
BRDA:15,0,6,16
BRDA:15,0,7,0
BRDA:15,0,8,0
BRDA:15,0,9,0
BRDA:15,0,10,0
BRDA:15,0,11,4
BRDA:15,0,12,0
BRDA:15,0,13,0
BRDA:15,0,14,0
BRDA:15,0,15,4
BRDA:37,1,0,0
BRDA:37,1,1,0
BRDA:39,2,0,0
BRDA:39,2,1,4
BRDA:41,3,0,0
BRDA:41,3,1,0
BRDA:43,4,0,0
BRDA:43,4,1,0
BRDA:43,4,2,0
BRDA:45,5,0,0
BRDA:45,5,1,0
BRDA:45,5,2,0
BRDA:59,6,0,40
BRDA:59,6,1,4
BRDA:73,7,0,33
BRDA:92,8,0,33
BRDA:92,8,1,21
BRDA:93,9,0,0
BRDA:93,9,1,0
BRDA:95,10,0,21
BRDA:95,10,1,12
BRDA:152,11,0,0
BRDA:152,11,1,0
BRDA:172,12,0,0
BRDA:203,13,0,0
BRDA:203,13,1,0
BRDA:204,14,0,0
BRDA:204,14,1,0
BRF:44
BRH:13
end_of_record
TN:
SF:src\hooks\useOnboardingTour.ts
FN:4,useOnboardingTour
FN:5,(anonymous_1)
FN:11,(anonymous_2)
FNF:3
FNH:1
FNDA:3,useOnboardingTour
FNDA:0,(anonymous_1)
FNDA:0,(anonymous_2)
DA:1,2
DA:5,3
DA:6,0
DA:8,0
DA:11,3
DA:12,0
DA:15,3
LF:7
LH:4
BRF:0
BRH:0
end_of_record
TN:
SF:src\hooks\usePerformanceMonitor.tsx
FN:6,usePerformanceMonitor
FN:10,(anonymous_1)
FN:25,(anonymous_2)
FN:28,(anonymous_3)
FN:31,(anonymous_4)
FNF:5
FNH:1
FNDA:3,usePerformanceMonitor
FNDA:0,(anonymous_1)
FNDA:0,(anonymous_2)
FNDA:0,(anonymous_3)
FNDA:0,(anonymous_4)
DA:7,3
DA:8,3
DA:10,3
DA:11,0
DA:12,0
DA:13,0
DA:15,0
DA:16,0
DA:19,0
DA:20,0
DA:25,3
DA:26,0
DA:27,0
DA:28,0
DA:31,3
DA:33,3
LF:16
LH:6
BRDA:12,0,0,0
BRDA:12,0,1,0
BRDA:15,1,0,0
BRDA:15,1,1,0
BRDA:19,2,0,0
BRDA:19,2,1,0
BRDA:26,3,0,0
BRDA:26,3,1,0
BRDA:27,4,0,0
BRDA:27,4,1,0
BRF:10
BRH:0
end_of_record
TN:
SF:src\hooks\useToast.ts
FNF:0
FNH:0
LF:0
LH:0
BRF:0
BRH:0
end_of_record
TN:
SF:src\hooks\useWidgetData.tsx
FN:11,useThreatData
FN:12,(anonymous_1)
FN:21,useAlertData
FN:22,(anonymous_3)
FN:37,useSystemHealthData
FN:38,(anonymous_5)
FN:43,(anonymous_6)
FNF:7
FNH:7
FNDA:3,useThreatData
FNDA:3,(anonymous_1)
FNDA:1,useAlertData
FNDA:1,(anonymous_3)
FNDA:1,useSystemHealthData
FNDA:1,(anonymous_5)
FNDA:6,(anonymous_6)
DA:12,3
DA:14,3
DA:22,1
DA:24,1
DA:25,1
DA:26,1
DA:27,1
DA:28,1
DA:30,1
DA:38,1
DA:40,1
DA:42,1
DA:43,6
LF:13
LH:13
BRDA:25,0,0,1
BRDA:25,0,1,0
BRF:2
BRH:1
end_of_record
TN:
SF:src\mock\alerts-mock.ts
FN:7,(anonymous_0)
FN:8,(anonymous_1)
FN:28,(anonymous_2)
FN:35,(anonymous_3)
FN:36,(anonymous_4)
FN:51,(anonymous_5)
FN:53,(anonymous_6)
FNF:7
FNH:3
FNDA:5,(anonymous_0)
FNDA:75,(anonymous_1)
FNDA:75,(anonymous_2)
FNDA:0,(anonymous_3)
FNDA:0,(anonymous_4)
FNDA:0,(anonymous_5)
FNDA:0,(anonymous_6)
DA:7,5
DA:8,5
DA:9,75
DA:10,75
DA:23,5
DA:28,5
DA:29,75
DA:35,5
DA:36,0
DA:37,0
DA:38,0
DA:51,5
DA:52,0
DA:53,0
DA:54,0
DA:55,0
DA:56,0
LF:17
LH:9
BRDA:7,0,0,0
BRDA:13,1,0,25
BRDA:13,1,1,50
BRDA:13,2,0,25
BRDA:13,2,1,25
BRDA:14,3,0,25
BRDA:14,3,1,50
BRDA:29,4,0,75
BRDA:29,4,1,50
BRDA:35,5,0,0
BRDA:51,6,0,0
BRDA:51,7,0,0
BRDA:59,8,0,0
BRDA:59,8,1,0
BRDA:60,9,0,0
BRDA:60,9,1,0
BRF:16
BRH:8
end_of_record
TN:
SF:src\mock\api-keys-mock.ts
FNF:0
FNH:0
DA:4,5
LF:1
LH:1
BRF:0
BRH:0
end_of_record
TN:
SF:src\mock\auth-mock.ts
FN:17,(anonymous_0)
FN:42,(anonymous_1)
FN:66,(anonymous_2)
FN:83,(anonymous_3)
FN:102,(anonymous_4)
FNF:5
FNH:0
FNDA:0,(anonymous_0)
FNDA:0,(anonymous_1)
FNDA:0,(anonymous_2)
FNDA:0,(anonymous_3)
FNDA:0,(anonymous_4)
DA:7,5
DA:17,5
DA:18,0
DA:20,0
DA:22,0
DA:23,0
DA:24,0
DA:25,0
DA:26,0
DA:28,0
DA:36,0
DA:42,5
DA:43,0
DA:44,0
DA:45,0
DA:47,0
DA:58,5
DA:66,5
DA:67,0
DA:76,5
DA:83,5
DA:84,0
DA:90,0
DA:91,0
DA:92,0
DA:93,0
DA:96,0
DA:102,5
DA:103,0
DA:121,0
LF:30
LH:8
BRDA:17,0,0,0
BRDA:69,1,0,0
BRDA:69,1,1,0
BRDA:83,2,0,0
BRDA:93,3,0,0
BRDA:93,3,1,0
BRDA:94,4,0,0
BRDA:94,4,1,0
BRDA:121,5,0,0
BRDA:121,5,1,0
BRF:10
BRH:0
end_of_record
TN:
SF:src\mock\dashboard-mock.ts
FN:8,(anonymous_0)
FN:10,(anonymous_1)
FN:11,(anonymous_2)
FN:34,(anonymous_3)
FN:50,(anonymous_4)
FN:103,(anonymous_5)
FN:144,(anonymous_6)
FN:145,(anonymous_7)
FNF:8
FNH:5
FNDA:6,(anonymous_0)
FNDA:150,(anonymous_1)
FNDA:150,(anonymous_2)
FNDA:7,(anonymous_3)
FNDA:42,(anonymous_4)
FNDA:0,(anonymous_5)
FNDA:0,(anonymous_6)
FNDA:0,(anonymous_7)
DA:8,6
DA:9,6
DA:10,150
DA:11,150
DA:12,6
DA:13,6
DA:14,6
DA:16,6
DA:29,6
DA:34,6
DA:35,7
DA:48,7
DA:50,7
DA:51,42
DA:52,42
DA:58,42
DA:59,25
DA:60,25
DA:61,25
DA:62,25
DA:63,17
DA:64,12
DA:65,12
DA:66,12
DA:67,12
DA:69,5
DA:70,5
DA:71,5
DA:72,5
DA:75,42
DA:91,6
DA:96,6
DA:103,6
DA:104,0
DA:106,0
DA:116,0
DA:126,0
DA:137,0
DA:144,6
DA:145,0
DA:146,0
DA:151,0
DA:153,0
DA:154,0
DA:155,0
DA:156,0
DA:158,0
DA:159,0
DA:160,0
DA:161,0
DA:163,0
DA:164,0
DA:165,0
DA:166,0
DA:169,0
LF:55
LH:34
BRDA:34,0,0,0
BRDA:58,1,0,25
BRDA:58,1,1,17
BRDA:63,2,0,12
BRDA:63,2,1,5
BRDA:71,3,0,5
BRDA:71,3,1,0
BRDA:104,4,0,0
BRDA:104,4,1,0
BRDA:104,4,2,0
BRDA:104,4,3,0
BRDA:104,4,4,0
BRDA:144,5,0,0
BRDA:151,6,0,0
BRDA:151,6,1,0
BRDA:151,6,2,0
BRF:16
BRH:5
end_of_record
TN:
SF:src\mock\honeypot-mock.ts
FN:7,(anonymous_0)
FN:23,(anonymous_1)
FN:57,(anonymous_2)
FN:58,(anonymous_3)
FN:83,(anonymous_4)
FN:84,(anonymous_5)
FN:99,(anonymous_6)
FN:100,(anonymous_7)
FN:101,(anonymous_8)
FN:110,(anonymous_9)
FN:111,(anonymous_10)
FNF:11
FNH:2
FNDA:5,(anonymous_0)
FNDA:50,(anonymous_1)
FNDA:0,(anonymous_2)
FNDA:0,(anonymous_3)
FNDA:0,(anonymous_4)
FNDA:0,(anonymous_5)
FNDA:0,(anonymous_6)
FNDA:0,(anonymous_7)
FNDA:0,(anonymous_8)
FNDA:0,(anonymous_9)
FNDA:0,(anonymous_10)
DA:7,5
DA:8,5
DA:23,5
DA:24,50
DA:25,50
DA:26,50
DA:30,50
DA:31,50
DA:35,50
DA:52,5
DA:57,5
DA:58,0
DA:59,0
DA:63,0
DA:64,0
DA:66,0
DA:83,5
DA:84,0
DA:85,0
DA:86,0
DA:99,5
DA:100,0
DA:101,0
DA:102,0
DA:104,0
DA:110,0
DA:111,0
LF:27
LH:13
BRDA:7,0,0,0
BRDA:26,1,0,42
BRDA:26,1,1,8
BRDA:31,2,0,42
BRDA:31,2,1,8
BRDA:40,3,0,42
BRDA:40,3,1,8
BRDA:57,4,0,0
BRDA:59,5,0,0
BRDA:59,5,1,0
BRDA:64,6,0,0
BRDA:64,6,1,0
BRDA:71,7,0,0
BRDA:71,7,1,0
BRDA:83,8,0,0
BRDA:111,9,0,0
BRDA:111,9,1,0
BRF:17
BRH:6
end_of_record
TN:
SF:src\mock\incidents-mock.ts
FN:7,(anonymous_0)
FN:17,(anonymous_1)
FN:120,(anonymous_2)
FN:124,(anonymous_3)
FN:185,(anonymous_4)
FN:186,(anonymous_5)
FN:200,(anonymous_6)
FN:201,(anonymous_7)
FNF:8
FNH:4
FNDA:5,(anonymous_0)
FNDA:50,(anonymous_1)
FNDA:15,(anonymous_2)
FNDA:65,(anonymous_3)
FNDA:0,(anonymous_4)
FNDA:0,(anonymous_5)
FNDA:0,(anonymous_6)
FNDA:0,(anonymous_7)
DA:7,5
DA:8,5
DA:9,5
DA:10,5
DA:15,5
DA:17,5
DA:18,50
DA:19,50
DA:20,50
DA:21,50
DA:27,50
DA:28,50
DA:29,50
DA:31,50
DA:33,5
DA:34,5
DA:35,5
DA:36,5
DA:37,5
DA:39,1
DA:40,1
DA:41,1
DA:42,1
DA:43,1
DA:45,8
DA:46,8
DA:47,8
DA:48,8
DA:49,8
DA:51,3
DA:52,3
DA:53,3
DA:54,3
DA:55,3
DA:57,33
DA:58,33
DA:59,33
DA:60,33
DA:64,50
DA:65,30
DA:73,50
DA:74,18
DA:81,18
DA:90,50
DA:91,50
DA:93,50
DA:115,5
DA:120,5
DA:121,15
DA:122,15
DA:124,15
DA:125,65
DA:126,65
DA:129,65
DA:131,15
DA:132,15
DA:134,11
DA:135,11
DA:137,9
DA:138,9
DA:140,6
DA:146,6
DA:148,10
DA:154,10
DA:156,5
DA:157,5
DA:159,9
DA:162,65
DA:176,5
DA:185,5
DA:186,0
DA:187,0
DA:188,0
DA:200,5
DA:201,0
DA:202,0
DA:203,0
LF:77
LH:71
BRDA:7,0,0,0
BRDA:31,1,0,5
BRDA:31,1,1,1
BRDA:31,1,2,8
BRDA:31,1,3,3
BRDA:31,1,4,33
BRDA:64,2,0,30
BRDA:64,2,1,20
BRDA:73,3,0,18
BRDA:73,3,1,32
BRDA:120,4,0,0
BRDA:129,5,0,15
BRDA:129,5,1,11
BRDA:129,5,2,9
BRDA:129,5,3,6
BRDA:129,5,4,10
BRDA:129,5,5,5
BRDA:129,5,6,9
BRDA:185,6,0,0
BRDA:200,7,0,0
BRDA:207,8,0,0
BRDA:207,8,1,0
BRDA:208,9,0,0
BRDA:208,9,1,0
BRDA:209,10,0,0
BRDA:209,10,1,0
BRF:26
BRH:16
end_of_record
TN:
SF:src\mock\index.ts
FNF:0
FNH:0
LF:0
LH:0
BRF:0
BRH:0
end_of_record
TN:
SF:src\mock\logs-mock.ts
FN:7,generateMockLogs
FN:9,(anonymous_1)
FNF:2
FNH:2
FNDA:5,generateMockLogs
FNDA:1250,(anonymous_1)
DA:4,5
DA:5,5
DA:8,5
DA:9,5
DA:10,1250
DA:11,1250
DA:12,1250
DA:13,1250
DA:24,5
LF:9
LH:9
BRDA:7,0,0,0
BRF:1
BRH:0
end_of_record
TN:
SF:src\mock\ml-models-mock.ts
FN:22,(anonymous_0)
FN:38,(anonymous_1)
FN:66,(anonymous_2)
FN:67,(anonymous_3)
FN:88,(anonymous_4)
FN:89,(anonymous_5)
FN:91,(anonymous_6)
FN:93,(anonymous_7)
FN:95,(anonymous_8)
FNF:9
FNH:2
FNDA:5,(anonymous_0)
FNDA:30,(anonymous_1)
FNDA:0,(anonymous_2)
FNDA:0,(anonymous_3)
FNDA:0,(anonymous_4)
FNDA:0,(anonymous_5)
FNDA:0,(anonymous_6)
FNDA:0,(anonymous_7)
FNDA:0,(anonymous_8)
DA:22,5
DA:23,5
DA:28,5
DA:36,5
DA:38,5
DA:39,30
DA:40,30
DA:41,30
DA:43,30
DA:61,5
DA:66,5
DA:67,0
DA:88,5
DA:89,0
DA:90,0
DA:91,0
DA:93,0
DA:94,0
DA:95,0
DA:98,0
LF:20
LH:12
BRDA:22,0,0,0
BRDA:41,1,0,8
BRDA:41,1,1,22
BRDA:45,2,0,30
BRDA:45,2,1,0
BRDA:66,3,0,0
BRDA:90,4,0,0
BRDA:90,4,1,0
BRDA:94,5,0,0
BRDA:94,5,1,0
BRF:10
BRH:3
end_of_record
TN:
SF:src\mock\network-mock.ts
FN:7,(anonymous_0)
FN:12,(anonymous_1)
FN:76,(anonymous_2)
FN:80,(anonymous_3)
FN:147,(anonymous_4)
FN:148,(anonymous_5)
FN:162,(anonymous_6)
FN:163,(anonymous_7)
FN:177,(anonymous_8)
FN:178,(anonymous_9)
FN:179,(anonymous_10)
FN:182,(anonymous_11)
FN:183,(anonymous_12)
FN:185,(anonymous_13)
FN:199,(anonymous_14)
FN:201,(anonymous_15)
FNF:16
FNH:4
FNDA:5,(anonymous_0)
FNDA:60,(anonymous_1)
FNDA:5,(anonymous_2)
FNDA:120,(anonymous_3)
FNDA:0,(anonymous_4)
FNDA:0,(anonymous_5)
FNDA:0,(anonymous_6)
FNDA:0,(anonymous_7)
FNDA:0,(anonymous_8)
FNDA:0,(anonymous_9)
FNDA:0,(anonymous_10)
FNDA:0,(anonymous_11)
FNDA:0,(anonymous_12)
FNDA:0,(anonymous_13)
FNDA:0,(anonymous_14)
FNDA:0,(anonymous_15)
DA:7,5
DA:8,5
DA:9,5
DA:10,5
DA:12,5
DA:13,60
DA:14,60
DA:15,60
DA:16,60
DA:22,60
DA:24,10
DA:25,10
DA:26,10
DA:27,10
DA:29,4
DA:30,4
DA:31,4
DA:32,4
DA:34,6
DA:35,6
DA:36,6
DA:37,6
DA:39,7
DA:40,7
DA:41,7
DA:42,7
DA:44,33
DA:45,33
DA:46,33
DA:49,60
DA:50,60
DA:51,60
DA:55,60
DA:76,5
DA:77,5
DA:78,5
DA:80,5
DA:81,120
DA:82,120
DA:84,120
DA:85,3
DA:88,120
DA:92,120
DA:93,33
DA:94,33
DA:95,87
DA:96,49
DA:97,49
DA:99,38
DA:100,38
DA:103,120
DA:104,120
DA:105,120
DA:107,120
DA:108,120
DA:110,120
DA:129,5
DA:134,5
DA:139,5
DA:147,5
DA:148,0
DA:149,0
DA:150,0
DA:162,5
DA:163,0
DA:164,0
DA:165,0
DA:177,5
DA:178,0
DA:179,0
DA:180,0
DA:182,0
DA:183,0
DA:185,0
DA:186,0
DA:188,0
DA:199,0
DA:201,0
LF:78
LH:62
BRDA:7,0,0,0
BRDA:22,1,0,10
BRDA:22,1,1,4
BRDA:22,1,2,6
BRDA:22,1,3,7
BRDA:22,1,4,33
BRDA:51,2,0,51
BRDA:51,2,1,9
BRDA:64,3,0,51
BRDA:64,3,1,9
BRDA:76,4,0,0
BRDA:92,5,0,33
BRDA:92,5,1,87
BRDA:95,6,0,49
BRDA:95,6,1,38
BRDA:103,7,0,33
BRDA:103,7,1,87
BRDA:147,8,0,0
BRDA:162,9,0,0
BRF:19
BRH:15
end_of_record
TN:
SF:src\mock\notifications-mock.ts
FN:28,(anonymous_0)
FN:45,(anonymous_1)
FN:108,(anonymous_2)
FN:119,(anonymous_3)
FN:120,(anonymous_4)
FN:126,(anonymous_5)
FN:127,(anonymous_6)
FN:135,(anonymous_7)
FN:136,(anonymous_8)
FN:142,(anonymous_9)
FN:143,(anonymous_10)
FN:149,(anonymous_11)
FN:150,(anonymous_12)
FN:156,(anonymous_13)
FN:157,(anonymous_14)
FN:163,(anonymous_15)
FN:164,(anonymous_16)
FNF:17
FNH:5
FNDA:90,(anonymous_0)
FNDA:5,(anonymous_1)
FNDA:677,(anonymous_2)
FNDA:5,(anonymous_3)
FNDA:175,(anonymous_4)
FNDA:0,(anonymous_5)
FNDA:0,(anonymous_6)
FNDA:0,(anonymous_7)
FNDA:0,(anonymous_8)
FNDA:0,(anonymous_9)
FNDA:0,(anonymous_10)
FNDA:0,(anonymous_11)
FNDA:0,(anonymous_12)
FNDA:0,(anonymous_13)
FNDA:0,(anonymous_14)
FNDA:0,(anonymous_15)
FNDA:0,(anonymous_16)
DA:28,5
DA:34,90
DA:45,5
DA:46,5
DA:48,5
DA:55,5
DA:62,5
DA:68,5
DA:73,5
DA:78,5
DA:84,5
DA:93,5
DA:94,175
DA:95,175
DA:96,175
DA:98,175
DA:108,677
DA:114,5
DA:119,5
DA:120,175
DA:126,5
DA:127,0
DA:128,0
DA:135,5
DA:136,0
DA:142,5
DA:143,0
DA:149,5
DA:150,0
DA:156,5
DA:157,0
DA:163,5
DA:164,0
DA:170,5
LF:34
LH:27
BRDA:45,0,0,0
BRDA:128,1,0,0
BRDA:128,1,1,0
BRF:3
BRH:0
end_of_record
TN:
SF:src\mock\profile-mock.ts
FN:83,(anonymous_0)
FNF:1
FNH:0
FNDA:0,(anonymous_0)
DA:43,5
DA:83,5
DA:84,0
DA:90,0
DA:92,0
DA:139,5
DA:148,5
LF:7
LH:4
BRDA:83,0,0,0
BRF:1
BRH:0
end_of_record
TN:
SF:src\mock\reports-mock.ts
FN:7,(anonymous_0)
FN:12,(anonymous_1)
FN:106,(anonymous_2)
FN:107,(anonymous_3)
FN:122,(anonymous_4)
FN:123,(anonymous_5)
FN:137,(anonymous_6)
FN:138,(anonymous_7)
FN:144,(anonymous_8)
FN:145,(anonymous_9)
FNF:10
FNH:2
FNDA:5,(anonymous_0)
FNDA:75,(anonymous_1)
FNDA:0,(anonymous_2)
FNDA:0,(anonymous_3)
FNDA:0,(anonymous_4)
FNDA:0,(anonymous_5)
FNDA:0,(anonymous_6)
FNDA:0,(anonymous_7)
FNDA:0,(anonymous_8)
FNDA:0,(anonymous_9)
DA:7,5
DA:8,5
DA:9,5
DA:10,5
DA:12,5
DA:13,75
DA:14,75
DA:15,75
DA:19,75
DA:20,75
DA:22,75
DA:24,17
DA:25,17
DA:31,17
DA:33,14
DA:34,14
DA:39,14
DA:41,17
DA:42,17
DA:47,17
DA:49,15
DA:50,15
DA:54,15
DA:56,12
DA:57,12
DA:61,12
DA:63,0
DA:64,0
DA:68,75
DA:69,13
DA:70,13
DA:71,13
DA:75,75
DA:76,18
DA:77,18
DA:80,75
DA:81,75
DA:83,75
DA:101,5
DA:106,5
DA:107,0
DA:108,0
DA:109,0
DA:122,5
DA:123,0
DA:124,0
DA:125,0
DA:137,5
DA:138,0
DA:144,5
DA:145,0
LF:51
LH:41
BRDA:7,0,0,0
BRDA:22,1,0,17
BRDA:22,1,1,14
BRDA:22,1,2,17
BRDA:22,1,3,15
BRDA:22,1,4,12
BRDA:22,1,5,0
BRDA:68,2,0,13
BRDA:68,2,1,62
BRDA:75,3,0,18
BRDA:75,3,1,57
BRDA:106,4,0,0
BRDA:113,5,0,0
BRDA:113,5,1,0
BRDA:114,6,0,0
BRDA:114,6,1,0
BRDA:122,7,0,0
BRDA:138,8,0,0
BRDA:138,8,1,0
BRDA:145,9,0,0
BRDA:145,9,1,0
BRF:21
BRH:9
end_of_record
TN:
SF:src\mock\threats-mock.ts
FN:13,(anonymous_0)
FN:14,(anonymous_1)
FN:33,(anonymous_2)
FN:44,(anonymous_3)
FN:45,(anonymous_4)
FN:58,(anonymous_5)
FN:59,(anonymous_6)
FN:72,(anonymous_7)
FN:73,(anonymous_8)
FN:86,(anonymous_9)
FN:87,(anonymous_10)
FN:100,(anonymous_11)
FN:101,(anonymous_12)
FNF:13
FNH:3
FNDA:6,(anonymous_0)
FNDA:150,(anonymous_1)
FNDA:528,(anonymous_2)
FNDA:0,(anonymous_3)
FNDA:0,(anonymous_4)
FNDA:0,(anonymous_5)
FNDA:0,(anonymous_6)
FNDA:0,(anonymous_7)
FNDA:0,(anonymous_8)
FNDA:0,(anonymous_9)
FNDA:0,(anonymous_10)
FNDA:0,(anonymous_11)
FNDA:0,(anonymous_12)
DA:13,6
DA:14,6
DA:15,150
DA:16,150
DA:27,6
DA:32,6
DA:33,528
DA:39,6
DA:44,6
DA:45,0
DA:46,0
DA:47,0
DA:58,6
DA:59,0
DA:60,0
DA:61,0
DA:72,6
DA:73,0
DA:74,0
DA:75,0
DA:86,6
DA:87,0
DA:88,0
DA:89,0
DA:100,6
DA:101,0
DA:102,0
DA:103,0
LF:28
LH:13
BRDA:13,0,0,0
BRDA:19,1,0,54
BRDA:19,1,1,96
BRDA:44,2,0,0
BRDA:50,3,0,0
BRDA:50,3,1,0
BRDA:58,4,0,0
BRDA:64,5,0,0
BRDA:64,5,1,0
BRDA:72,6,0,0
BRDA:78,7,0,0
BRDA:78,7,1,0
BRDA:86,8,0,0
BRDA:100,9,0,0
BRF:14
BRH:2
end_of_record
TN:
SF:src\pages\AlertManagement.tsx
FN:9,AlertManagement
FN:16,(anonymous_1)
FN:29,(anonymous_2)
FN:42,(anonymous_3)
FN:55,(anonymous_4)
FN:90,(anonymous_5)
FN:101,(anonymous_6)
FN:112,(anonymous_7)
FN:129,(anonymous_8)
FN:137,(anonymous_9)
FN:147,(anonymous_10)
FN:162,(anonymous_11)
FN:194,(anonymous_12)
FN:202,(anonymous_13)
FNF:14
FNH:0
FNDA:0,AlertManagement
FNDA:0,(anonymous_1)
FNDA:0,(anonymous_2)
FNDA:0,(anonymous_3)
FNDA:0,(anonymous_4)
FNDA:0,(anonymous_5)
FNDA:0,(anonymous_6)
FNDA:0,(anonymous_7)
FNDA:0,(anonymous_8)
FNDA:0,(anonymous_9)
FNDA:0,(anonymous_10)
FNDA:0,(anonymous_11)
FNDA:0,(anonymous_12)
FNDA:0,(anonymous_13)
DA:10,0
DA:11,0
DA:12,0
DA:13,0
DA:16,0
DA:17,0
DA:19,0
DA:21,0
DA:23,0
DA:25,0
DA:29,0
DA:30,0
DA:31,0
DA:36,0
DA:38,0
DA:42,0
DA:43,0
DA:44,0
DA:49,0
DA:51,0
DA:55,0
DA:56,0
DA:58,0
DA:59,0
DA:60,0
DA:63,0
DA:90,0
DA:101,0
DA:112,0
DA:129,0
DA:137,0
DA:147,0
DA:163,0
DA:194,0
DA:202,0
LF:35
LH:0
BRDA:17,0,0,0
BRDA:17,0,1,0
BRDA:17,0,2,0
BRDA:17,0,3,0
BRDA:55,1,0,0
BRDA:55,1,1,0
BRDA:56,2,0,0
BRDA:56,2,1,0
BRDA:56,2,2,0
BRDA:58,3,0,0
BRDA:58,3,1,0
BRDA:59,4,0,0
BRDA:59,4,1,0
BRDA:60,5,0,0
BRDA:60,5,1,0
BRDA:60,5,2,0
BRDA:80,6,0,0
BRDA:80,6,1,0
BRDA:90,7,0,0
BRDA:90,7,1,0
BRDA:101,8,0,0
BRDA:101,8,1,0
BRDA:112,9,0,0
BRDA:112,9,1,0
BRDA:176,10,0,0
BRDA:176,10,1,0
BRDA:183,11,0,0
BRDA:183,11,1,0
BRDA:192,12,0,0
BRDA:192,12,1,0
BRDA:200,13,0,0
BRDA:200,13,1,0
BRDA:208,14,0,0
BRDA:208,14,1,0
BRF:34
BRH:0
end_of_record
TN:
SF:src\pages\ApiKeys.tsx
FN:7,ApiKeys
FN:23,(anonymous_1)
FN:38,(anonymous_2)
FN:45,(anonymous_3)
FN:47,(anonymous_4)
FN:67,(anonymous_5)
FN:71,(anonymous_6)
FN:82,(anonymous_7)
FN:101,(anonymous_8)
FN:154,(anonymous_9)
FN:162,(anonymous_10)
FNF:11
FNH:1
FNDA:5,ApiKeys
FNDA:0,(anonymous_1)
FNDA:0,(anonymous_2)
FNDA:0,(anonymous_3)
FNDA:0,(anonymous_4)
FNDA:0,(anonymous_5)
FNDA:0,(anonymous_6)
FNDA:0,(anonymous_7)
FNDA:0,(anonymous_8)
FNDA:0,(anonymous_9)
FNDA:0,(anonymous_10)
DA:8,5
DA:9,4
DA:10,4
DA:11,4
DA:12,4
DA:13,4
DA:14,4
DA:19,4
DA:21,4
DA:23,0
DA:24,0
DA:26,0
DA:27,0
DA:30,0
DA:31,0
DA:34,0
DA:35,0
DA:38,0
DA:39,0
DA:40,0
DA:41,0
DA:42,0
DA:45,0
DA:47,0
DA:48,0
DA:49,0
DA:52,0
DA:53,0
DA:54,0
DA:55,0
DA:56,0
DA:57,0
DA:58,0
DA:59,0
DA:60,0
DA:62,0
DA:64,0
DA:67,0
DA:68,0
DA:71,0
DA:72,0
DA:73,0
DA:74,0
DA:75,0
DA:77,0
DA:79,0
DA:82,0
DA:83,0
DA:86,0
DA:101,0
DA:155,0
DA:162,0
LF:52
LH:9
BRDA:26,0,0,0
BRDA:26,0,1,0
BRDA:30,1,0,0
BRDA:30,1,1,0
BRDA:48,2,0,0
BRDA:48,2,1,0
BRDA:98,3,0,0
BRDA:98,3,1,0
BRDA:102,4,0,0
BRDA:102,4,1,0
BRDA:104,5,0,0
BRDA:104,5,1,0
BRDA:114,6,0,0
BRDA:114,6,1,0
BRDA:116,7,0,0
BRDA:116,7,1,0
BRDA:125,8,0,0
BRDA:125,8,1,0
BRDA:128,9,0,0
BRDA:128,9,1,0
BRDA:138,10,0,0
BRDA:138,10,1,0
BRDA:159,11,0,0
BRDA:159,11,1,0
BRDA:160,12,0,0
BRDA:160,12,1,0
BRF:26
BRH:0
end_of_record
TN:
SF:src\pages\AuthCallback.tsx
FN:6,AuthCallback
FN:13,(anonymous_1)
FN:14,(anonymous_2)
FNF:3
FNH:0
FNDA:0,AuthCallback
FNDA:0,(anonymous_1)
FNDA:0,(anonymous_2)
DA:7,0
DA:8,0
DA:9,0
DA:10,0
DA:11,0
DA:13,0
DA:14,0
DA:15,0
DA:16,0
DA:17,0
DA:18,0
DA:19,0
DA:22,0
DA:23,0
DA:24,0
DA:27,0
DA:28,0
DA:31,0
DA:32,0
DA:36,0
DA:39,0
LF:21
LH:0
BRDA:16,0,0,0
BRDA:16,0,1,0
BRDA:22,1,0,0
BRDA:22,1,1,0
BRF:4
BRH:0
end_of_record
TN:
SF:src\pages\Correlation.tsx
FN:6,Correlation
FNF:1
FNH:0
FNDA:0,Correlation
DA:7,0
DA:9,0
LF:2
LH:0
BRF:0
BRH:0
end_of_record
TN:
SF:src\pages\Dashboard.tsx
FN:5,Dashboard
FNF:1
FNH:0
FNDA:0,Dashboard
DA:6,0
LF:1
LH:0
BRF:0
BRH:0
end_of_record
TN:
SF:src\pages\HoneypotManagement.tsx
FN:7,HoneypotManagement
FN:10,(anonymous_1)
FN:23,(anonymous_2)
FN:27,(anonymous_3)
FN:28,(anonymous_4)
FN:68,(anonymous_5)
FN:87,(anonymous_6)
FNF:7
FNH:0
FNDA:0,HoneypotManagement
FNDA:0,(anonymous_1)
FNDA:0,(anonymous_2)
FNDA:0,(anonymous_3)
FNDA:0,(anonymous_4)
FNDA:0,(anonymous_5)
FNDA:0,(anonymous_6)
DA:8,0
DA:10,0
DA:11,0
DA:12,0
DA:17,0
DA:19,0
DA:23,0
DA:24,0
DA:27,0
DA:28,0
DA:30,0
DA:69,0
DA:87,0
LF:13
LH:0
BRDA:15,0,0,0
BRDA:15,0,1,0
BRDA:24,1,0,0
BRDA:24,1,1,0
BRDA:27,2,0,0
BRDA:27,2,1,0
BRDA:28,3,0,0
BRDA:28,3,1,0
BRDA:48,4,0,0
BRDA:48,4,1,0
BRDA:72,5,0,0
BRDA:72,5,1,0
BRDA:78,6,0,0
BRDA:78,6,1,0
BRDA:79,7,0,0
BRDA:79,7,1,0
BRDA:89,8,0,0
BRDA:89,8,1,0
BRDA:94,9,0,0
BRDA:94,9,1,0
BRDA:102,10,0,0
BRDA:102,10,1,0
BRDA:103,11,0,0
BRDA:103,11,1,0
BRDA:104,12,0,0
BRDA:104,12,1,0
BRDA:124,13,0,0
BRDA:124,13,1,0
BRF:28
BRH:0
end_of_record
TN:
SF:src\pages\IncidentResponse.tsx
FN:22,IncidentResponsePage
FN:30,(anonymous_1)
FN:31,(anonymous_2)
FN:43,(anonymous_3)
FN:52,(anonymous_4)
FN:55,(anonymous_5)
FN:55,(anonymous_6)
FN:61,(anonymous_7)
FN:69,(anonymous_8)
FN:86,(anonymous_9)
FN:103,(anonymous_10)
FN:124,(anonymous_11)
FN:127,(anonymous_12)
FN:158,(anonymous_13)
FN:161,(anonymous_14)
FN:211,(anonymous_15)
FN:273,(anonymous_16)
FN:282,(anonymous_17)
FN:291,(anonymous_18)
FN:305,(anonymous_19)
FN:342,(anonymous_20)
FN:348,(anonymous_21)
FN:354,(anonymous_22)
FN:360,(anonymous_23)
FNF:24
FNH:0
FNDA:0,IncidentResponsePage
FNDA:0,(anonymous_1)
FNDA:0,(anonymous_2)
FNDA:0,(anonymous_3)
FNDA:0,(anonymous_4)
FNDA:0,(anonymous_5)
FNDA:0,(anonymous_6)
FNDA:0,(anonymous_7)
FNDA:0,(anonymous_8)
FNDA:0,(anonymous_9)
FNDA:0,(anonymous_10)
FNDA:0,(anonymous_11)
FNDA:0,(anonymous_12)
FNDA:0,(anonymous_13)
FNDA:0,(anonymous_14)
FNDA:0,(anonymous_15)
FNDA:0,(anonymous_16)
FNDA:0,(anonymous_17)
FNDA:0,(anonymous_18)
FNDA:0,(anonymous_19)
FNDA:0,(anonymous_20)
FNDA:0,(anonymous_21)
FNDA:0,(anonymous_22)
FNDA:0,(anonymous_23)
DA:23,0
DA:24,0
DA:25,0
DA:27,0
DA:28,0
DA:30,0
DA:31,0
DA:32,0
DA:33,0
DA:34,0
DA:36,0
DA:40,0
DA:43,0
DA:44,0
DA:45,0
DA:46,0
DA:48,0
DA:52,0
DA:53,0
DA:54,0
DA:55,0
DA:56,0
DA:60,0
DA:61,0
DA:64,0
DA:69,0
DA:70,0
DA:72,0
DA:74,0
DA:76,0
DA:78,0
DA:80,0
DA:82,0
DA:86,0
DA:87,0
DA:89,0
DA:91,0
DA:93,0
DA:95,0
DA:97,0
DA:99,0
DA:103,0
DA:104,0
DA:107,0
DA:125,0
DA:127,0
DA:159,0
DA:162,0
DA:163,0
DA:211,0
DA:273,0
DA:282,0
DA:291,0
DA:306,0
DA:342,0
DA:348,0
DA:354,0
DA:360,0
LF:58
LH:0
BRDA:56,0,0,0
BRDA:56,0,1,0
BRDA:60,1,0,0
BRDA:60,1,1,0
BRDA:61,2,0,0
BRDA:61,2,1,0
BRDA:70,3,0,0
BRDA:70,3,1,0
BRDA:70,3,2,0
BRDA:70,3,3,0
BRDA:70,3,4,0
BRDA:70,3,5,0
BRDA:87,4,0,0
BRDA:87,4,1,0
BRDA:87,4,2,0
BRDA:87,4,3,0
BRDA:87,4,4,0
BRDA:87,4,5,0
BRDA:104,5,0,0
BRDA:104,5,1,0
BRDA:129,6,0,0
BRDA:129,6,1,0
BRDA:153,7,0,0
BRDA:153,7,1,0
BRDA:185,8,0,0
BRDA:185,8,1,0
BRDA:205,9,0,0
BRDA:205,9,1,0
BRDA:250,10,0,0
BRDA:250,10,1,0
BRDA:257,11,0,0
BRDA:257,11,1,0
BRDA:271,12,0,0
BRDA:271,12,1,0
BRDA:280,13,0,0
BRDA:280,13,1,0
BRDA:289,14,0,0
BRDA:289,14,1,0
BRDA:289,14,2,0
BRDA:316,15,0,0
BRDA:316,15,1,0
BRF:41
BRH:0
end_of_record
TN:
SF:src\pages\LogViewer.tsx
FN:6,LogViewer
FN:14,(anonymous_1)
FN:15,(anonymous_2)
FN:17,(anonymous_3)
FN:23,(anonymous_4)
FN:33,(anonymous_5)
FN:35,(anonymous_6)
FN:37,(anonymous_7)
FN:37,(anonymous_8)
FN:38,(anonymous_9)
FN:63,(anonymous_10)
FN:65,(anonymous_11)
FN:73,(anonymous_12)
FN:75,(anonymous_13)
FN:84,(anonymous_14)
FN:105,(anonymous_15)
FN:115,(anonymous_16)
FN:140,(anonymous_17)
FNF:18
FNH:9
FNDA:2,LogViewer
FNDA:1,(anonymous_1)
FNDA:1,(anonymous_2)
FNDA:0,(anonymous_3)
FNDA:1,(anonymous_4)
FNDA:1,(anonymous_5)
FNDA:1,(anonymous_6)
FNDA:0,(anonymous_7)
FNDA:0,(anonymous_8)
FNDA:0,(anonymous_9)
FNDA:0,(anonymous_10)
FNDA:10,(anonymous_11)
FNDA:0,(anonymous_12)
FNDA:14,(anonymous_13)
FNDA:0,(anonymous_14)
FNDA:0,(anonymous_15)
FNDA:0,(anonymous_16)
FNDA:1,(anonymous_17)
DA:7,2
DA:8,2
DA:9,2
DA:10,2
DA:11,2
DA:12,2
DA:14,2
DA:15,2
DA:17,2
DA:18,0
DA:19,0
DA:20,0
DA:23,2
DA:24,1
DA:30,1
DA:33,2
DA:35,2
DA:36,1
DA:37,0
DA:38,0
DA:41,2
DA:63,0
DA:65,10
DA:73,0
DA:75,14
DA:84,0
DA:105,0
DA:115,0
DA:141,1
LF:29
LH:19
BRDA:25,0,0,1
BRDA:25,0,1,1
BRDA:26,1,0,1
BRDA:26,1,1,1
BRDA:27,2,0,1
BRDA:27,2,1,1
BRDA:36,3,0,1
BRDA:36,3,1,0
BRDA:46,4,0,2
BRDA:46,4,1,0
BRDA:65,5,0,10
BRDA:65,5,1,2
BRDA:75,6,0,14
BRDA:75,6,1,2
BRDA:122,7,0,1
BRDA:122,7,1,1
BRDA:143,8,0,0
BRDA:143,8,1,1
BRDA:149,9,0,0
BRDA:149,9,1,1
BRDA:149,10,0,0
BRDA:149,10,1,1
BRDA:149,11,0,1
BRDA:149,11,1,0
BRF:24
BRH:18
end_of_record
TN:
SF:src\pages\Login.tsx
FN:6,Login
FN:13,(anonymous_1)
FN:19,(anonymous_2)
FN:59,(anonymous_3)
FN:71,(anonymous_4)
FNF:5
FNH:0
FNDA:0,Login
FNDA:0,(anonymous_1)
FNDA:0,(anonymous_2)
FNDA:0,(anonymous_3)
FNDA:0,(anonymous_4)
DA:7,0
DA:8,0
DA:9,0
DA:10,0
DA:11,0
DA:13,0
DA:14,0
DA:15,0
DA:19,0
DA:20,0
DA:21,0
DA:23,0
DA:24,0
DA:25,0
DA:27,0
DA:28,0
DA:32,0
DA:59,0
DA:71,0
LF:19
LH:0
BRDA:14,0,0,0
BRDA:14,0,1,0
BRDA:78,1,0,0
BRDA:78,1,1,0
BRDA:91,2,0,0
BRDA:91,2,1,0
BRF:6
BRH:0
end_of_record
TN:
SF:src\pages\MLMonitoring.tsx
FN:6,MLMonitoring
FN:39,(anonymous_1)
FN:52,(anonymous_2)
FN:83,(anonymous_3)
FN:91,(anonymous_4)
FN:100,(anonymous_5)
FN:109,(anonymous_6)
FN:116,(anonymous_7)
FNF:8
FNH:0
FNDA:0,MLMonitoring
FNDA:0,(anonymous_1)
FNDA:0,(anonymous_2)
FNDA:0,(anonymous_3)
FNDA:0,(anonymous_4)
FNDA:0,(anonymous_5)
FNDA:0,(anonymous_6)
FNDA:0,(anonymous_7)
DA:7,0
DA:10,0
DA:11,0
DA:39,0
DA:40,0
DA:42,0
DA:44,0
DA:46,0
DA:48,0
DA:52,0
DA:53,0
DA:55,0
DA:57,0
DA:59,0
DA:61,0
DA:65,0
DA:83,0
DA:91,0
DA:100,0
DA:109,0
DA:117,0
LF:21
LH:0
BRDA:10,0,0,0
BRDA:10,0,1,0
BRDA:40,1,0,0
BRDA:40,1,1,0
BRDA:40,1,2,0
BRDA:40,1,3,0
BRDA:53,2,0,0
BRDA:53,2,1,0
BRDA:53,2,2,0
BRDA:53,2,3,0
BRF:10
BRH:0
end_of_record
TN:
SF:src\pages\NetworkAnalysis.tsx
FN:19,NetworkAnalysisPage
FN:25,(anonymous_1)
FN:26,(anonymous_2)
FN:38,(anonymous_3)
FN:51,(anonymous_4)
FN:57,(anonymous_5)
FN:94,(anonymous_6)
FN:104,(anonymous_7)
FN:130,(anonymous_8)
FN:133,(anonymous_9)
FN:165,(anonymous_10)
FN:168,(anonymous_11)
FN:224,(anonymous_12)
FN:230,(anonymous_13)
FN:236,(anonymous_14)
FN:252,(anonymous_15)
FNF:16
FNH:0
FNDA:0,NetworkAnalysisPage
FNDA:0,(anonymous_1)
FNDA:0,(anonymous_2)
FNDA:0,(anonymous_3)
FNDA:0,(anonymous_4)
FNDA:0,(anonymous_5)
FNDA:0,(anonymous_6)
FNDA:0,(anonymous_7)
FNDA:0,(anonymous_8)
FNDA:0,(anonymous_9)
FNDA:0,(anonymous_10)
FNDA:0,(anonymous_11)
FNDA:0,(anonymous_12)
FNDA:0,(anonymous_13)
FNDA:0,(anonymous_14)
FNDA:0,(anonymous_15)
DA:20,0
DA:21,0
DA:22,0
DA:23,0
DA:25,0
DA:26,0
DA:27,0
DA:28,0
DA:29,0
DA:31,0
DA:35,0
DA:38,0
DA:39,0
DA:41,0
DA:43,0
DA:45,0
DA:47,0
DA:51,0
DA:52,0
DA:53,0
DA:54,0
DA:57,0
DA:58,0
DA:59,0
DA:60,0
DA:63,0
DA:64,0
DA:76,0
DA:94,0
DA:104,0
DA:131,0
DA:133,0
DA:166,0
DA:168,0
DA:224,0
DA:230,0
DA:236,0
DA:252,0
LF:38
LH:0
BRDA:39,0,0,0
BRDA:39,0,1,0
BRDA:39,0,2,0
BRDA:39,0,3,0
BRDA:52,1,0,0
BRDA:52,1,1,0
BRDA:53,2,0,0
BRDA:53,2,1,0
BRDA:58,3,0,0
BRDA:58,3,1,0
BRDA:59,4,0,0
BRDA:59,4,1,0
BRDA:63,5,0,0
BRDA:63,5,1,0
BRDA:96,6,0,0
BRDA:96,6,1,0
BRDA:106,7,0,0
BRDA:106,7,1,0
BRDA:120,8,0,0
BRDA:120,8,1,0
BRDA:137,9,0,0
BRDA:137,9,1,0
BRDA:182,10,0,0
BRDA:182,10,1,0
BRDA:195,11,0,0
BRDA:195,11,1,0
BRDA:196,12,0,0
BRDA:196,12,1,0
BRDA:247,13,0,0
BRDA:247,13,1,0
BRDA:271,14,0,0
BRDA:271,14,1,0
BRDA:277,15,0,0
BRDA:277,15,1,0
BRDA:289,16,0,0
BRDA:289,16,1,0
BRDA:290,17,0,0
BRDA:290,17,1,0
BRDA:300,18,0,0
BRDA:300,18,1,0
BRF:40
BRH:0
end_of_record
TN:
SF:src\pages\NotificationSettings.tsx
FN:6,NotificationSettings
FN:12,(anonymous_1)
FN:14,(anonymous_2)
FN:24,(anonymous_3)
FN:27,(anonymous_4)
FN:28,(anonymous_5)
FN:28,(anonymous_6)
FN:31,(anonymous_7)
FN:50,(anonymous_8)
FN:55,(anonymous_9)
FN:60,(anonymous_10)
FN:64,(anonymous_11)
FN:65,(anonymous_12)
FN:70,(anonymous_13)
FN:74,(anonymous_14)
FN:85,(anonymous_15)
FN:87,(anonymous_16)
FN:95,(anonymous_17)
FN:96,(anonymous_18)
FNF:19
FNH:6
FNDA:4,NotificationSettings
FNDA:1,(anonymous_1)
FNDA:1,(anonymous_2)
FNDA:1,(anonymous_3)
FNDA:0,(anonymous_4)
FNDA:0,(anonymous_5)
FNDA:0,(anonymous_6)
FNDA:1,(anonymous_7)
FNDA:0,(anonymous_8)
FNDA:0,(anonymous_9)
FNDA:0,(anonymous_10)
FNDA:0,(anonymous_11)
FNDA:0,(anonymous_12)
FNDA:0,(anonymous_13)
FNDA:0,(anonymous_14)
FNDA:12,(anonymous_15)
FNDA:0,(anonymous_16)
FNDA:0,(anonymous_17)
FNDA:0,(anonymous_18)
DA:7,4
DA:8,4
DA:9,4
DA:10,4
DA:12,4
DA:13,1
DA:14,1
DA:15,1
DA:16,1
DA:17,1
DA:22,1
DA:24,1
DA:27,4
DA:28,0
DA:31,4
DA:32,1
DA:33,1
DA:34,1
DA:35,1
DA:38,4
DA:50,0
DA:55,0
DA:60,0
DA:64,0
DA:65,0
DA:70,0
DA:74,0
DA:86,12
DA:87,0
DA:95,0
DA:96,0
LF:31
LH:20
BRDA:15,0,0,0
BRDA:15,0,1,1
BRDA:18,1,0,1
BRDA:18,1,1,0
BRDA:19,2,0,1
BRDA:19,2,1,1
BRDA:19,3,0,1
BRDA:19,3,1,1
BRDA:20,4,0,1
BRDA:20,4,1,1
BRDA:20,5,0,1
BRDA:20,5,1,1
BRDA:28,6,0,0
BRDA:28,6,1,0
BRDA:40,7,0,1
BRDA:40,7,1,3
BRDA:95,8,0,3
BRDA:95,8,1,3
BRDA:95,9,0,0
BRDA:95,9,1,0
BRDA:96,10,0,3
BRDA:96,10,1,3
BRDA:96,11,0,0
BRDA:96,11,1,0
BRDA:99,12,0,1
BRDA:99,12,1,2
BRF:26
BRH:18
end_of_record
TN:
SF:src\pages\Notifications.tsx
FN:22,NotificationsPage
FN:40,(anonymous_1)
FN:46,(anonymous_2)
FN:51,(anonymous_3)
FN:59,(anonymous_4)
FN:64,(anonymous_5)
FN:69,(anonymous_6)
FN:75,(anonymous_7)
FN:87,(anonymous_8)
FN:96,(anonymous_9)
FN:99,(anonymous_10)
FN:100,(anonymous_11)
FN:107,(anonymous_12)
FN:110,(anonymous_13)
FN:110,(anonymous_14)
FN:116,(anonymous_15)
FN:120,(anonymous_16)
FN:123,(anonymous_17)
FN:123,(anonymous_18)
FN:130,(anonymous_19)
FN:134,(anonymous_20)
FN:197,(anonymous_21)
FN:206,(anonymous_22)
FN:224,(anonymous_23)
FN:232,(anonymous_24)
FN:245,(anonymous_25)
FN:256,(anonymous_26)
FN:276,(anonymous_27)
FN:325,(anonymous_28)
FN:333,(anonymous_29)
FNF:30
FNH:0
FNDA:0,NotificationsPage
FNDA:0,(anonymous_1)
FNDA:0,(anonymous_2)
FNDA:0,(anonymous_3)
FNDA:0,(anonymous_4)
FNDA:0,(anonymous_5)
FNDA:0,(anonymous_6)
FNDA:0,(anonymous_7)
FNDA:0,(anonymous_8)
FNDA:0,(anonymous_9)
FNDA:0,(anonymous_10)
FNDA:0,(anonymous_11)
FNDA:0,(anonymous_12)
FNDA:0,(anonymous_13)
FNDA:0,(anonymous_14)
FNDA:0,(anonymous_15)
FNDA:0,(anonymous_16)
FNDA:0,(anonymous_17)
FNDA:0,(anonymous_18)
FNDA:0,(anonymous_19)
FNDA:0,(anonymous_20)
FNDA:0,(anonymous_21)
FNDA:0,(anonymous_22)
FNDA:0,(anonymous_23)
FNDA:0,(anonymous_24)
FNDA:0,(anonymous_25)
FNDA:0,(anonymous_26)
FNDA:0,(anonymous_27)
FNDA:0,(anonymous_28)
FNDA:0,(anonymous_29)
DA:23,0
DA:28,0
DA:29,0
DA:30,0
DA:31,0
DA:32,0
DA:33,0
DA:34,0
DA:40,0
DA:41,0
DA:42,0
DA:46,0
DA:47,0
DA:50,0
DA:51,0
DA:52,0
DA:58,0
DA:59,0
DA:63,0
DA:64,0
DA:68,0
DA:69,0
DA:72,0
DA:75,0
DA:76,0
DA:77,0
DA:78,0
DA:79,0
DA:80,0
DA:81,0
DA:82,0
DA:83,0
DA:87,0
DA:88,0
DA:89,0
DA:90,0
DA:91,0
DA:92,0
DA:96,0
DA:97,0
DA:99,0
DA:100,0
DA:103,0
DA:107,0
DA:108,0
DA:110,0
DA:112,0
DA:116,0
DA:117,0
DA:120,0
DA:121,0
DA:123,0
DA:124,0
DA:126,0
DA:130,0
DA:131,0
DA:134,0
DA:136,0
DA:137,0
DA:149,0
DA:197,0
DA:207,0
DA:208,0
DA:209,0
DA:224,0
DA:232,0
DA:245,0
DA:256,0
DA:277,0
DA:325,0
DA:333,0
LF:71
LH:0
BRDA:41,0,0,0
BRDA:41,0,1,0
BRDA:50,1,0,0
BRDA:50,1,1,0
BRDA:52,2,0,0
BRDA:52,2,1,0
BRDA:58,3,0,0
BRDA:58,3,1,0
BRDA:63,4,0,0
BRDA:63,4,1,0
BRDA:68,5,0,0
BRDA:68,5,1,0
BRDA:69,6,0,0
BRDA:69,6,1,0
BRDA:76,7,0,0
BRDA:76,7,1,0
BRDA:76,7,2,0
BRDA:76,7,3,0
BRDA:76,7,4,0
BRDA:76,7,5,0
BRDA:76,7,6,0
BRDA:88,8,0,0
BRDA:88,8,1,0
BRDA:88,8,2,0
BRDA:88,8,3,0
BRDA:100,9,0,0
BRDA:100,9,1,0
BRDA:136,10,0,0
BRDA:136,10,1,0
BRDA:164,11,0,0
BRDA:164,11,1,0
BRDA:197,12,0,0
BRDA:197,12,1,0
BRDA:269,13,0,0
BRDA:269,13,1,0
BRDA:280,14,0,0
BRDA:280,14,1,0
BRDA:282,15,0,0
BRDA:282,15,1,0
BRDA:283,16,0,0
BRDA:283,16,1,0
BRDA:284,17,0,0
BRDA:284,17,1,0
BRDA:298,18,0,0
BRDA:298,18,1,0
BRDA:309,19,0,0
BRDA:309,19,1,0
BRDA:310,20,0,0
BRDA:310,20,1,0
BRDA:311,21,0,0
BRDA:311,21,1,0
BRDA:323,22,0,0
BRDA:323,22,1,0
BRDA:342,23,0,0
BRDA:342,23,1,0
BRDA:358,24,0,0
BRDA:358,24,1,0
BRF:57
BRH:0
end_of_record
TN:
SF:src\pages\Profile.tsx
FN:20,ProfilePage
FN:26,(anonymous_1)
FN:37,(anonymous_2)
FN:38,(anonymous_3)
FN:70,(anonymous_4)
FN:138,(anonymous_5)
FN:141,(anonymous_6)
FN:168,(anonymous_7)
FN:185,(anonymous_8)
FN:198,(anonymous_9)
FN:210,(anonymous_10)
FN:233,(anonymous_11)
FN:249,(anonymous_12)
FN:267,(anonymous_13)
FN:282,(anonymous_14)
FN:356,(anonymous_15)
FN:376,(anonymous_16)
FN:404,(anonymous_17)
FNF:18
FNH:0
FNDA:0,ProfilePage
FNDA:0,(anonymous_1)
FNDA:0,(anonymous_2)
FNDA:0,(anonymous_3)
FNDA:0,(anonymous_4)
FNDA:0,(anonymous_5)
FNDA:0,(anonymous_6)
FNDA:0,(anonymous_7)
FNDA:0,(anonymous_8)
FNDA:0,(anonymous_9)
FNDA:0,(anonymous_10)
FNDA:0,(anonymous_11)
FNDA:0,(anonymous_12)
FNDA:0,(anonymous_13)
FNDA:0,(anonymous_14)
FNDA:0,(anonymous_15)
FNDA:0,(anonymous_16)
FNDA:0,(anonymous_17)
DA:21,0
DA:22,0
DA:23,0
DA:24,0
DA:26,0
DA:27,0
DA:29,0
DA:30,0
DA:31,0
DA:33,0
DA:37,0
DA:38,0
DA:41,0
DA:42,0
DA:54,0
DA:70,0
DA:139,0
DA:141,0
DA:168,0
DA:185,0
DA:198,0
DA:210,0
DA:233,0
DA:249,0
DA:267,0
DA:282,0
DA:357,0
DA:376,0
DA:405,0
DA:406,0
LF:30
LH:0
BRDA:41,0,0,0
BRDA:41,0,1,0
BRDA:72,1,0,0
BRDA:72,1,1,0
BRDA:77,2,0,0
BRDA:77,2,1,0
BRDA:78,3,0,0
BRDA:78,3,1,0
BRDA:87,4,0,0
BRDA:87,4,1,0
BRDA:97,5,0,0
BRDA:97,5,1,0
BRDA:115,6,0,0
BRDA:115,6,1,0
BRDA:143,7,0,0
BRDA:143,7,1,0
BRDA:158,8,0,0
BRDA:158,8,1,0
BRDA:164,9,0,0
BRDA:164,9,1,0
BRDA:167,10,0,0
BRDA:167,10,1,0
BRDA:181,11,0,0
BRDA:181,11,1,0
BRDA:184,12,0,0
BRDA:184,12,1,0
BRDA:184,12,2,0
BRDA:189,13,0,0
BRDA:189,13,1,0
BRDA:194,14,0,0
BRDA:194,14,1,0
BRDA:197,15,0,0
BRDA:197,15,1,0
BRDA:197,15,2,0
BRDA:202,16,0,0
BRDA:202,16,1,0
BRDA:207,17,0,0
BRDA:207,17,1,0
BRDA:209,18,0,0
BRDA:209,18,1,0
BRDA:209,18,2,0
BRDA:216,19,0,0
BRDA:216,19,1,0
BRDA:224,20,0,0
BRDA:224,20,1,0
BRDA:230,21,0,0
BRDA:230,21,1,0
BRDA:232,22,0,0
BRDA:232,22,1,0
BRDA:246,23,0,0
BRDA:246,23,1,0
BRDA:248,24,0,0
BRDA:248,24,1,0
BRDA:264,25,0,0
BRDA:264,25,1,0
BRDA:266,26,0,0
BRDA:266,26,1,0
BRDA:279,27,0,0
BRDA:279,27,1,0
BRDA:281,28,0,0
BRDA:281,28,1,0
BRDA:299,29,0,0
BRDA:299,29,1,0
BRDA:311,30,0,0
BRDA:311,30,1,0
BRDA:315,31,0,0
BRDA:315,31,1,0
BRDA:317,32,0,0
BRDA:317,32,1,0
BRDA:330,33,0,0
BRDA:330,33,1,0
BRDA:352,34,0,0
BRDA:352,34,1,0
BRDA:363,35,0,0
BRDA:363,35,1,0
BRDA:364,36,0,0
BRDA:364,36,1,0
BRDA:365,37,0,0
BRDA:365,37,1,0
BRDA:366,38,0,0
BRDA:366,38,1,0
BRDA:367,39,0,0
BRDA:367,39,1,0
BRDA:368,40,0,0
BRDA:368,40,1,0
BRDA:371,41,0,0
BRDA:371,41,1,0
BRDA:375,42,0,0
BRDA:375,42,1,0
BRDA:386,43,0,0
BRDA:386,43,1,0
BRDA:390,44,0,0
BRDA:390,44,1,0
BRDA:401,45,0,0
BRDA:401,45,1,0
BRF:95
BRH:0
end_of_record
TN:
SF:src\pages\Reports.tsx
FN:23,ReportsPage
FN:34,(anonymous_1)
FN:35,(anonymous_2)
FN:47,(anonymous_3)
FN:60,(anonymous_4)
FN:75,(anonymous_5)
FN:90,(anonymous_6)
FN:107,(anonymous_7)
FN:119,(anonymous_8)
FN:179,(anonymous_9)
FN:182,(anonymous_10)
FN:194,(anonymous_11)
FN:216,(anonymous_12)
FN:279,(anonymous_13)
FN:285,(anonymous_14)
FN:291,(anonymous_15)
FN:326,(anonymous_16)
FN:354,(anonymous_17)
FN:367,(anonymous_18)
FN:370,(anonymous_19)
FN:371,(anonymous_20)
FN:404,(anonymous_21)
FN:404,(anonymous_22)
FN:412,(anonymous_23)
FNF:24
FNH:0
FNDA:0,ReportsPage
FNDA:0,(anonymous_1)
FNDA:0,(anonymous_2)
FNDA:0,(anonymous_3)
FNDA:0,(anonymous_4)
FNDA:0,(anonymous_5)
FNDA:0,(anonymous_6)
FNDA:0,(anonymous_7)
FNDA:0,(anonymous_8)
FNDA:0,(anonymous_9)
FNDA:0,(anonymous_10)
FNDA:0,(anonymous_11)
FNDA:0,(anonymous_12)
FNDA:0,(anonymous_13)
FNDA:0,(anonymous_14)
FNDA:0,(anonymous_15)
FNDA:0,(anonymous_16)
FNDA:0,(anonymous_17)
FNDA:0,(anonymous_18)
FNDA:0,(anonymous_19)
FNDA:0,(anonymous_20)
FNDA:0,(anonymous_21)
FNDA:0,(anonymous_22)
FNDA:0,(anonymous_23)
DA:24,0
DA:25,0
DA:26,0
DA:27,0
DA:32,0
DA:34,0
DA:35,0
DA:36,0
DA:37,0
DA:38,0
DA:40,0
DA:44,0
DA:47,0
DA:48,0
DA:49,0
DA:50,0
DA:51,0
DA:53,0
DA:54,0
DA:56,0
DA:60,0
DA:61,0
DA:63,0
DA:65,0
DA:67,0
DA:69,0
DA:71,0
DA:75,0
DA:76,0
DA:78,0
DA:80,0
DA:82,0
DA:84,0
DA:86,0
DA:90,0
DA:91,0
DA:93,0
DA:95,0
DA:97,0
DA:99,0
DA:101,0
DA:103,0
DA:107,0
DA:108,0
DA:116,0
DA:119,0
DA:120,0
DA:123,0
DA:162,0
DA:180,0
DA:182,0
DA:194,0
DA:217,0
DA:279,0
DA:285,0
DA:291,0
DA:327,0
DA:354,0
DA:368,0
DA:371,0
DA:404,0
DA:412,0
LF:62
LH:0
BRDA:61,0,0,0
BRDA:61,0,1,0
BRDA:61,0,2,0
BRDA:61,0,3,0
BRDA:61,0,4,0
BRDA:76,1,0,0
BRDA:76,1,1,0
BRDA:76,1,2,0
BRDA:76,1,3,0
BRDA:76,1,4,0
BRDA:91,2,0,0
BRDA:91,2,1,0
BRDA:91,2,2,0
BRDA:91,2,3,0
BRDA:91,2,4,0
BRDA:91,2,5,0
BRDA:116,3,0,0
BRDA:116,3,1,0
BRDA:120,4,0,0
BRDA:120,4,1,0
BRDA:184,5,0,0
BRDA:184,5,1,0
BRDA:211,6,0,0
BRDA:211,6,1,0
BRDA:239,7,0,0
BRDA:239,7,1,0
BRDA:246,8,0,0
BRDA:246,8,1,0
BRDA:255,9,0,0
BRDA:255,9,1,0
BRDA:348,10,0,0
BRDA:348,10,1,0
BRDA:378,11,0,0
BRDA:378,11,1,0
BRDA:384,12,0,0
BRDA:384,12,1,0
BRDA:419,13,0,0
BRDA:419,13,1,0
BRF:38
BRH:0
end_of_record
TN:
SF:src\pages\ThreatIntelligence.tsx
FN:10,ThreatIntelligence
FN:17,(anonymous_1)
FN:24,(anonymous_2)
FN:63,(anonymous_3)
FN:71,(anonymous_4)
FN:100,(anonymous_5)
FN:111,(anonymous_6)
FN:122,(anonymous_7)
FN:150,(anonymous_8)
FN:154,(anonymous_9)
FN:197,(anonymous_10)
FN:217,(anonymous_11)
FNF:12
FNH:0
FNDA:0,ThreatIntelligence
FNDA:0,(anonymous_1)
FNDA:0,(anonymous_2)
FNDA:0,(anonymous_3)
FNDA:0,(anonymous_4)
FNDA:0,(anonymous_5)
FNDA:0,(anonymous_6)
FNDA:0,(anonymous_7)
FNDA:0,(anonymous_8)
FNDA:0,(anonymous_9)
FNDA:0,(anonymous_10)
FNDA:0,(anonymous_11)
DA:11,0
DA:12,0
DA:13,0
DA:14,0
DA:17,0
DA:18,0
DA:20,0
DA:21,0
DA:24,0
DA:25,0
DA:26,0
DA:31,0
DA:33,0
DA:37,0
DA:63,0
DA:71,0
DA:100,0
DA:111,0
DA:122,0
DA:151,0
DA:154,0
DA:198,0
DA:199,0
DA:217,0
LF:24
LH:0
BRDA:17,0,0,0
BRDA:17,0,1,0
BRDA:18,1,0,0
BRDA:18,1,1,0
BRDA:20,2,0,0
BRDA:20,2,1,0
BRDA:21,3,0,0
BRDA:21,3,1,0
BRDA:90,4,0,0
BRDA:90,4,1,0
BRDA:100,5,0,0
BRDA:100,5,1,0
BRDA:111,6,0,0
BRDA:111,6,1,0
BRDA:122,7,0,0
BRDA:122,7,1,0
BRDA:163,8,0,0
BRDA:163,8,1,0
BRDA:177,9,0,0
BRDA:177,9,1,0
BRDA:195,10,0,0
BRDA:195,10,1,0
BRDA:214,11,0,0
BRDA:214,11,1,0
BRF:24
BRH:0
end_of_record
TN:
SF:src\services\alerts-service.ts
FN:7,getActiveAlerts
FN:20,(anonymous_1)
FN:26,getAllAlerts
FN:52,acknowledgeAlert
FN:65,(anonymous_4)
FN:82,resolveAlert
FN:95,(anonymous_6)
FN:109,createAlert
FN:124,(anonymous_8)
FNF:9
FNH:9
FNDA:54,getActiveAlerts
FNDA:18,(anonymous_1)
FNDA:8,getAllAlerts
FNDA:2,acknowledgeAlert
FNDA:3,(anonymous_4)
FNDA:1,resolveAlert
FNDA:1,(anonymous_6)
FNDA:3,createAlert
FNDA:17,(anonymous_8)
DA:8,54
DA:9,54
DA:12,54
DA:15,54
DA:16,0
DA:19,54
DA:20,54
DA:27,8
DA:28,8
DA:31,8
DA:34,8
DA:35,0
DA:39,8
DA:40,8
DA:41,5
DA:42,5
DA:43,5
DA:46,8
DA:53,2
DA:54,2
DA:57,2
DA:60,2
DA:61,0
DA:64,2
DA:65,3
DA:67,2
DA:68,2
DA:73,2
DA:76,2
DA:83,1
DA:84,1
DA:87,1
DA:90,1
DA:91,0
DA:94,1
DA:95,1
DA:97,1
DA:99,1
DA:100,1
DA:103,1
DA:110,3
DA:111,3
DA:114,3
DA:117,3
DA:118,0
DA:121,3
DA:122,3
DA:124,17
DA:129,3
DA:130,3
DA:132,3
LF:51
LH:46
BRDA:15,0,0,0
BRDA:15,0,1,54
BRDA:34,1,0,0
BRDA:34,1,1,8
BRDA:40,2,0,5
BRDA:40,2,1,3
BRDA:60,3,0,0
BRDA:60,3,1,2
BRDA:67,4,0,2
BRDA:67,4,1,0
BRDA:90,5,0,0
BRDA:90,5,1,1
BRDA:97,6,0,1
BRDA:97,6,1,0
BRDA:117,7,0,0
BRDA:117,7,1,3
BRF:16
BRH:9
end_of_record
TN:
SF:src\services\api-keys-service.ts
FN:4,listApiKeys
FN:5,(anonymous_1)
FN:9,createApiKey
FN:10,(anonymous_3)
FN:25,revokeApiKey
FN:26,(anonymous_5)
FN:27,(anonymous_6)
FNF:7
FNH:0
FNDA:0,listApiKeys
FNDA:0,(anonymous_1)
FNDA:0,createApiKey
FNDA:0,(anonymous_3)
FNDA:0,revokeApiKey
FNDA:0,(anonymous_5)
FNDA:0,(anonymous_6)
DA:5,0
DA:6,0
DA:10,0
DA:11,0
DA:12,0
DA:19,0
DA:21,0
DA:22,0
DA:26,0
DA:27,0
DA:28,0
DA:29,0
DA:31,0
LF:13
LH:0
BRDA:28,0,0,0
BRDA:28,0,1,0
BRF:2
BRH:0
end_of_record
TN:
SF:src\services\auth-service.ts
FN:30,getGoogleOAuthRedirectUrl
FN:38,createSession
FN:56,getCurrentUser
FN:69,logout
FNF:4
FNH:0
FNDA:0,getGoogleOAuthRedirectUrl
FNDA:0,createSession
FNDA:0,getCurrentUser
FNDA:0,logout
DA:32,0
DA:40,0
DA:47,0
DA:58,0
DA:71,0
LF:5
LH:0
BRF:0
BRH:0
end_of_record
TN:
SF:src\services\dashboard-service.ts
FN:8,getDashboardMetrics
FN:23,(anonymous_1)
FN:24,(anonymous_2)
FN:42,getSystemHealth
FN:76,(anonymous_4)
FNF:5
FNH:0
FNDA:0,getDashboardMetrics
FNDA:0,(anonymous_1)
FNDA:0,(anonymous_2)
FNDA:0,getSystemHealth
FNDA:0,(anonymous_4)
DA:9,0
DA:10,0
DA:13,0
DA:16,0
DA:17,0
DA:21,0
DA:22,0
DA:23,0
DA:24,0
DA:25,0
DA:26,0
DA:27,0
DA:29,0
DA:43,0
DA:44,0
DA:47,0
DA:50,0
DA:51,0
DA:55,0
DA:58,0
DA:59,0
DA:75,0
DA:76,0
LF:23
LH:0
BRDA:16,0,0,0
BRDA:16,0,1,0
BRDA:50,1,0,0
BRDA:50,1,1,0
BRDA:58,2,0,0
BRDA:58,2,1,0
BRF:6
BRH:0
end_of_record
TN:
SF:src\services\honeypot-service.ts
FN:8,getHoneypots
FN:28,toggleHoneypot
FNF:2
FNH:0
FNDA:0,getHoneypots
FNDA:0,toggleHoneypot
DA:9,0
DA:10,0
DA:13,0
DA:16,0
DA:17,0
DA:21,0
DA:29,0
DA:30,0
DA:33,0
DA:36,0
DA:37,0
DA:40,0
LF:12
LH:0
BRDA:16,0,0,0
BRDA:16,0,1,0
BRDA:36,1,0,0
BRDA:36,1,1,0
BRF:4
BRH:0
end_of_record
TN:
SF:src\services\incidents-service.ts
FN:8,getIncidents
FN:27,getIncidentTimeline
FN:46,updateIncidentStatus
FNF:3
FNH:0
FNDA:0,getIncidents
FNDA:0,getIncidentTimeline
FNDA:0,updateIncidentStatus
DA:9,0
DA:10,0
DA:13,0
DA:16,0
DA:17,0
DA:21,0
DA:28,0
DA:29,0
DA:32,0
DA:35,0
DA:36,0
DA:40,0
DA:47,0
DA:48,0
DA:51,0
DA:54,0
DA:55,0
DA:58,0
LF:18
LH:0
BRDA:16,0,0,0
BRDA:16,0,1,0
BRDA:35,1,0,0
BRDA:35,1,1,0
BRDA:54,2,0,0
BRDA:54,2,1,0
BRF:6
BRH:0
end_of_record
TN:
SF:src\services\index.ts
FNF:0
FNH:0
LF:0
LH:0
BRF:0
BRH:0
end_of_record
TN:
SF:src\services\logs-service.ts
FN:11,getLogs
FN:12,(anonymous_1)
FN:15,(anonymous_2)
FN:16,(anonymous_3)
FN:19,(anonymous_4)
FN:26,subscribeLogs
FN:29,(anonymous_6)
FN:33,(anonymous_7)
FNF:8
FNH:0
FNDA:0,getLogs
FNDA:0,(anonymous_1)
FNDA:0,(anonymous_2)
FNDA:0,(anonymous_3)
FNDA:0,(anonymous_4)
FNDA:0,subscribeLogs
FNDA:0,(anonymous_6)
FNDA:0,(anonymous_7)
DA:12,0
DA:13,0
DA:14,0
DA:15,0
DA:16,0
DA:17,0
DA:18,0
DA:19,0
DA:21,0
DA:28,0
DA:29,0
DA:30,0
DA:31,0
DA:33,0
LF:14
LH:0
BRDA:11,0,0,0
BRDA:13,1,0,0
BRDA:15,2,0,0
BRDA:15,2,1,0
BRDA:16,3,0,0
BRDA:16,3,1,0
BRDA:17,4,0,0
BRDA:17,4,1,0
BRF:8
BRH:0
end_of_record
TN:
SF:src\services\ml-models-service.ts
FN:8,getMLModels
FN:27,getMLModelMetrics
FN:35,(anonymous_2)
FN:37,(anonymous_3)
FN:37,(anonymous_4)
FN:39,(anonymous_5)
FN:41,(anonymous_6)
FN:56,updateMLModelStatus
FN:76,retrainMLModel
FNF:9
FNH:0
FNDA:0,getMLModels
FNDA:0,getMLModelMetrics
FNDA:0,(anonymous_2)
FNDA:0,(anonymous_3)
FNDA:0,(anonymous_4)
FNDA:0,(anonymous_5)
FNDA:0,(anonymous_6)
FNDA:0,updateMLModelStatus
FNDA:0,retrainMLModel
DA:9,0
DA:10,0
DA:13,0
DA:16,0
DA:17,0
DA:21,0
DA:33,0
DA:35,0
DA:36,0
DA:37,0
DA:39,0
DA:40,0
DA:41,0
DA:44,0
DA:57,0
DA:58,0
DA:61,0
DA:64,0
DA:65,0
DA:69,0
DA:77,0
DA:78,0
DA:81,0
DA:84,0
DA:85,0
DA:89,0
LF:26
LH:0
BRDA:16,0,0,0
BRDA:16,0,1,0
BRDA:21,1,0,0
BRDA:21,1,1,0
BRDA:36,2,0,0
BRDA:36,2,1,0
BRDA:40,3,0,0
BRDA:40,3,1,0
BRDA:64,4,0,0
BRDA:64,4,1,0
BRDA:84,5,0,0
BRDA:84,5,1,0
BRF:12
BRH:0
end_of_record
TN:
SF:src\services\network-service.ts
FN:8,getNetworkTopology
FNF:1
FNH:0
FNDA:0,getNetworkTopology
DA:9,0
DA:10,0
DA:13,0
DA:16,0
DA:17,0
DA:21,0
DA:22,0
DA:24,0
LF:8
LH:0
BRDA:16,0,0,0
BRDA:16,0,1,0
BRF:2
BRH:0
end_of_record
TN:
SF:src\services\notifications-service.ts
FN:7,getUserNotifications
FN:9,(anonymous_1)
FN:22,markNotificationAsRead
FN:24,(anonymous_3)
FN:33,markAllNotificationsAsRead
FN:35,(anonymous_5)
FN:43,deleteNotification
FN:45,(anonymous_7)
FN:62,getNotificationPreferences
FN:63,(anonymous_9)
FN:67,updateNotificationPreferences
FN:68,(anonymous_11)
FN:73,getChannelConfig
FN:74,(anonymous_13)
FN:78,updateChannelConfig
FN:79,(anonymous_15)
FNF:16
FNH:0
FNDA:0,getUserNotifications
FNDA:0,(anonymous_1)
FNDA:0,markNotificationAsRead
FNDA:0,(anonymous_3)
FNDA:0,markAllNotificationsAsRead
FNDA:0,(anonymous_5)
FNDA:0,deleteNotification
FNDA:0,(anonymous_7)
FNDA:0,getNotificationPreferences
FNDA:0,(anonymous_9)
FNDA:0,updateNotificationPreferences
FNDA:0,(anonymous_11)
FNDA:0,getChannelConfig
FNDA:0,(anonymous_13)
FNDA:0,updateChannelConfig
FNDA:0,(anonymous_15)
DA:9,0
DA:12,0
DA:24,0
DA:25,0
DA:27,0
DA:35,0
DA:37,0
DA:45,0
DA:46,0
DA:48,0
DA:52,0
DA:58,0
DA:63,0
DA:64,0
DA:68,0
DA:69,0
DA:70,0
DA:74,0
DA:75,0
DA:79,0
DA:80,0
DA:81,0
LF:22
LH:0
BRDA:7,0,0,0
BRDA:7,1,0,0
BRF:2
BRH:0
end_of_record
TN:
SF:src\services\profile-service.ts
FN:6,getUserProfile
FN:8,(anonymous_1)
FN:16,updateUserProfile
FN:18,(anonymous_3)
FN:29,changePassword
FN:31,(anonymous_5)
FNF:6
FNH:0
FNDA:0,getUserProfile
FNDA:0,(anonymous_1)
FNDA:0,updateUserProfile
FNDA:0,(anonymous_3)
FNDA:0,changePassword
FNDA:0,(anonymous_5)
DA:8,0
DA:10,0
DA:18,0
DA:21,0
DA:23,0
DA:31,0
DA:34,0
DA:35,0
DA:38,0
DA:39,0
DA:42,0
LF:11
LH:0
BRDA:34,0,0,0
BRDA:34,0,1,0
BRDA:38,1,0,0
BRDA:38,1,1,0
BRF:4
BRH:0
end_of_record
TN:
SF:src\services\reports-service.ts
FN:18,getReports
FN:38,generateReport
FNF:2
FNH:0
FNDA:0,getReports
FNDA:0,generateReport
DA:19,0
DA:20,0
DA:23,0
DA:26,0
DA:27,0
DA:31,0
DA:39,0
DA:40,0
DA:43,0
DA:46,0
DA:47,0
DA:50,0
LF:12
LH:0
BRDA:26,0,0,0
BRDA:26,0,1,0
BRDA:46,1,0,0
BRDA:46,1,1,0
BRF:4
BRH:0
end_of_record
TN:
SF:src\services\threats-service.ts
FN:7,getRecentThreats
FN:25,getAllThreats
FN:44,getThreatTimeline
FN:62,blockThreat
FN:76,getThreatStats
FN:100,(anonymous_5)
FN:101,(anonymous_6)
FN:102,(anonymous_7)
FN:103,(anonymous_8)
FN:104,(anonymous_9)
FN:105,(anonymous_10)
FNF:11
FNH:11
FNDA:62,getRecentThreats
FNDA:11,getAllThreats
FNDA:2,getThreatTimeline
FNDA:4,blockThreat
FNDA:3,getThreatStats
FNDA:20,(anonymous_5)
FNDA:20,(anonymous_6)
FNDA:20,(anonymous_7)
FNDA:20,(anonymous_8)
FNDA:20,(anonymous_9)
FNDA:20,(anonymous_10)
DA:8,62
DA:9,62
DA:12,62
DA:15,62
DA:16,3
DA:19,59
DA:26,11
DA:27,11
DA:30,11
DA:33,11
DA:34,2
DA:37,9
DA:45,2
DA:46,2
DA:49,2
DA:52,2
DA:53,0
DA:56,2
DA:63,4
DA:66,4
DA:67,1
DA:70,3
DA:85,3
DA:86,3
DA:89,3
DA:92,3
DA:93,1
DA:96,2
DA:98,2
DA:100,20
DA:101,20
DA:102,20
DA:103,20
DA:104,20
DA:105,20
LF:35
LH:34
BRDA:7,0,0,4
BRDA:15,1,0,3
BRDA:15,1,1,59
BRDA:33,2,0,2
BRDA:33,2,1,9
BRDA:44,3,0,2
BRDA:52,4,0,0
BRDA:52,4,1,2
BRDA:66,5,0,1
BRDA:66,5,1,3
BRDA:92,6,0,1
BRDA:92,6,1,2
BRF:12
BRH:11
end_of_record
TN:
SF:src\test\setup.ts
FN:7,(anonymous_0)
FN:20,(anonymous_1)
FN:27,(anonymous_2)
FN:35,(anonymous_3)
FN:36,(anonymous_4)
FN:47,(anonymous_5)
FNF:6
FNH:0
FNDA:0,(anonymous_0)
FNDA:0,(anonymous_1)
FNDA:0,(anonymous_2)
FNDA:0,(anonymous_3)
FNDA:0,(anonymous_4)
FNDA:0,(anonymous_5)
DA:5,0
DA:7,0
DA:20,0
DA:27,0
DA:34,0
DA:35,0
DA:36,0
DA:37,0
DA:41,0
DA:43,0
DA:47,0
DA:48,0
LF:12
LH:0
BRDA:37,0,0,0
BRDA:37,0,1,0
BRDA:38,1,0,0
BRDA:38,1,1,0
BRF:4
BRH:0
end_of_record
TN:
SF:src\test\test-utils.tsx
FN:14,AllProviders
FN:24,renderWithProviders
FN:29,(anonymous_2)
FN:35,(anonymous_3)
FNF:4
FNH:3
FNDA:6,AllProviders
FNDA:5,renderWithProviders
FNDA:2,(anonymous_2)
FNDA:0,(anonymous_3)
DA:8,5
DA:15,6
DA:25,5
DA:29,5
DA:30,2
DA:31,2
DA:32,2
DA:35,5
DA:36,0
DA:37,0
LF:10
LH:8
BRF:0
BRH:0
end_of_record
TN:
SF:src\types\alerts.ts
FNF:0
FNH:0
DA:6,0
LF:1
LH:0
BRF:0
BRH:0
end_of_record
TN:
SF:src\types\api-keys.ts
FNF:0
FNH:0
LF:0
LH:0
BRF:0
BRH:0
end_of_record
TN:
SF:src\types\correlation.ts
FNF:0
FNH:0
LF:0
LH:0
BRF:0
BRH:0
end_of_record
TN:
SF:src\types\dashboard.ts
FNF:0
FNH:0
LF:0
LH:0
BRF:0
BRH:0
end_of_record
TN:
SF:src\types\filter.ts
FN:179,getActiveFilterCount
FN:180,(anonymous_1)
FN:181,(anonymous_2)
FN:188,getFilterSummary
FN:196,createFilterPreset
FN:209,(anonymous_5)
FNF:6
FNH:0
FNDA:0,getActiveFilterCount
FNDA:0,(anonymous_1)
FNDA:0,(anonymous_2)
FNDA:0,getFilterSummary
FNDA:0,createFilterPreset
FNDA:0,(anonymous_5)
DA:62,2
DA:128,2
DA:180,0
DA:181,0
DA:184,0
DA:189,0
DA:190,0
DA:191,0
DA:192,0
DA:202,0
DA:209,0
LF:11
LH:2
BRDA:190,0,0,0
BRDA:190,0,1,0
BRDA:191,1,0,0
BRDA:191,1,1,0
BRDA:199,2,0,0
BRF:5
BRH:0
end_of_record
TN:
SF:src\types\honeypot.ts
FNF:0
FNH:0
DA:6,0
LF:1
LH:0
BRF:0
BRH:0
end_of_record
TN:
SF:src\types\incidents.ts
FNF:0
FNH:0
DA:6,0
DA:31,0
LF:2
LH:0
BRF:0
BRH:0
end_of_record
TN:
SF:src\types\index.ts
FNF:0
FNH:0
LF:0
LH:0
BRF:0
BRH:0
end_of_record
TN:
SF:src\types\logs.ts
FNF:0
FNH:0
LF:0
LH:0
BRF:0
BRH:0
end_of_record
TN:
SF:src\types\ml-models.ts
FNF:0
FNH:0
DA:6,0
LF:1
LH:0
BRF:0
BRH:0
end_of_record
TN:
SF:src\types\network.ts
FNF:0
FNH:0
DA:6,0
DA:30,0
LF:2
LH:0
BRF:0
BRH:0
end_of_record
TN:
SF:src\types\notifications.ts
FNF:0
FNH:0
LF:0
LH:0
BRF:0
BRH:0
end_of_record
TN:
SF:src\types\reports.ts
FNF:0
FNH:0
DA:6,0
LF:1
LH:0
BRF:0
BRH:0
end_of_record
TN:
SF:src\types\threats.ts
FNF:0
FNH:0
DA:6,0
LF:1
LH:0
BRF:0
BRH:0
end_of_record
TN:
SF:src\utils\export.ts
FN:25,exportToCSV
FN:36,(anonymous_1)
FN:39,(anonymous_2)
FN:40,(anonymous_3)
FN:50,(anonymous_4)
FN:61,exportToPDF
FN:86,(anonymous_6)
FN:87,(anonymous_7)
FN:88,(anonymous_8)
FN:122,exportToJSON
FN:140,escapeCSVValue
FN:149,getNestedValue
FN:150,(anonymous_12)
FN:156,downloadFile
FN:182,(anonymous_14)
FN:196,(anonymous_15)
FN:210,(anonymous_16)
FN:216,useExport
FNF:18
FNH:14
FNDA:1,exportToCSV
FNDA:3,(anonymous_1)
FNDA:2,(anonymous_2)
FNDA:6,(anonymous_3)
FNDA:3,(anonymous_4)
FNDA:2,exportToPDF
FNDA:6,(anonymous_6)
FNDA:4,(anonymous_7)
FNDA:12,(anonymous_8)
FNDA:1,exportToJSON
FNDA:6,escapeCSVValue
FNDA:18,getNestedValue
FNDA:18,(anonymous_12)
FNDA:2,downloadFile
FNDA:0,(anonymous_14)
FNDA:0,(anonymous_15)
FNDA:0,(anonymous_16)
FNDA:0,useExport
DA:33,1
DA:36,3
DA:39,1
DA:40,2
DA:41,6
DA:42,6
DA:44,6
DA:49,1
DA:50,3
DA:54,1
DA:55,1
DA:57,1
DA:70,2
DA:73,2
DA:76,2
DA:77,2
DA:80,2
DA:81,2
DA:82,2
DA:86,6
DA:87,2
DA:88,4
DA:89,12
DA:90,12
DA:95,2
DA:115,2
DA:116,2
DA:118,2
DA:129,1
DA:131,1
DA:133,1
DA:134,1
DA:136,1
DA:142,6
DA:143,0
DA:145,6
DA:150,18
DA:151,18
DA:157,2
DA:158,2
DA:160,2
DA:161,2
DA:162,2
DA:163,2
DA:165,2
DA:166,2
DA:167,2
DA:170,2
DA:174,3
DA:182,0
DA:188,3
DA:196,0
DA:202,3
DA:210,0
DA:217,0
DA:223,0
LF:56
LH:50
BRDA:28,0,0,0
BRDA:31,1,0,1
BRDA:32,2,0,1
BRDA:42,3,0,0
BRDA:42,3,1,6
BRDA:42,4,0,6
BRDA:42,4,1,0
BRDA:54,5,0,1
BRDA:54,5,1,0
BRDA:64,6,0,1
BRDA:67,7,0,2
BRDA:68,8,0,2
BRDA:69,9,0,2
BRDA:80,10,0,2
BRDA:80,10,1,0
BRDA:90,11,0,0
BRDA:90,11,1,12
BRDA:90,12,0,12
BRDA:90,12,1,0
BRDA:98,13,0,2
BRDA:98,13,1,0
BRDA:115,14,0,2
BRDA:115,14,1,0
BRDA:124,15,0,0
BRDA:127,16,0,1
BRDA:128,17,0,1
BRDA:133,18,0,1
BRDA:133,18,1,0
BRDA:142,19,0,0
BRDA:142,19,1,6
BRDA:142,20,0,6
BRDA:142,20,1,6
BRDA:142,20,2,6
BRDA:151,21,0,18
BRDA:151,21,1,0
BRDA:151,22,0,18
BRDA:151,22,1,18
BRF:37
BRH:24
end_of_record
TN:
SF:src\utils\format-util.ts
FN:8,formatNumber
FN:15,formatBytes
FN:30,formatPercentage
FN:37,truncateText
FN:45,capitalizeFirst
FN:53,snakeToTitleCase
FN:56,(anonymous_6)
FN:63,camelToTitleCase
FN:66,(anonymous_8)
FN:72,formatSeverity
FN:79,formatStatus
FN:83,(anonymous_11)
FN:90,formatConnectionCount
FN:99,formatThreatCount
FN:108,formatAlertCount
FN:117,generateId
FN:129,formatDurationFromSeconds
FNF:17
FNH:17
FNDA:9,formatNumber
FNDA:11,formatBytes
FNDA:3,formatPercentage
FNDA:3,truncateText
FNDA:18,capitalizeFirst
FNDA:3,snakeToTitleCase
FNDA:5,(anonymous_6)
FNDA:4,camelToTitleCase
FNDA:4,(anonymous_8)
FNDA:4,formatSeverity
FNDA:3,formatStatus
FNDA:5,(anonymous_11)
FNDA:4,formatConnectionCount
FNDA:4,formatThreatCount
FNDA:4,formatAlertCount
FNDA:6,generateId
FNDA:8,formatDurationFromSeconds
DA:9,9
DA:16,11
DA:18,9
DA:19,9
DA:20,9
DA:22,9
DA:24,9
DA:31,3
DA:38,3
DA:39,1
DA:46,18
DA:47,17
DA:54,3
DA:56,5
DA:64,4
DA:66,4
DA:73,4
DA:80,3
DA:83,5
DA:91,4
DA:92,3
DA:93,2
DA:100,4
DA:101,3
DA:102,2
DA:109,4
DA:110,3
DA:111,2
DA:118,6
DA:119,6
DA:120,6
DA:121,148
DA:123,6
DA:130,8
DA:131,8
DA:132,8
DA:134,8
DA:135,8
DA:136,8
DA:137,8
DA:139,8
LF:41
LH:41
BRDA:15,0,0,9
BRDA:16,1,0,2
BRDA:16,1,1,9
BRDA:19,2,0,0
BRDA:19,2,1,9
BRDA:30,3,0,1
BRDA:38,4,0,2
BRDA:38,4,1,1
BRDA:46,5,0,1
BRDA:46,5,1,17
BRDA:91,6,0,1
BRDA:91,6,1,3
BRDA:92,7,0,1
BRDA:92,7,1,2
BRDA:100,8,0,1
BRDA:100,8,1,3
BRDA:101,9,0,1
BRDA:101,9,1,2
BRDA:109,10,0,1
BRDA:109,10,1,3
BRDA:110,11,0,1
BRDA:110,11,1,2
BRDA:117,12,0,0
BRDA:135,13,0,3
BRDA:135,13,1,5
BRDA:136,14,0,5
BRDA:136,14,1,3
BRDA:136,15,0,8
BRDA:136,15,1,5
BRDA:137,16,0,8
BRDA:137,16,1,0
BRDA:137,17,0,8
BRDA:137,17,1,5
BRDA:137,17,2,3
BRDA:137,17,3,1
BRF:35
BRH:32
end_of_record
TN:
SF:src\utils\index.ts
FNF:0
FNH:0
LF:0
LH:0
BRF:0
BRH:0
end_of_record
TN:
SF:src\utils\performance-utils.ts
FN:8,getPageLoadTime
FN:16,getDomContentLoadedTime
FN:24,getFirstPaintTime
FN:25,(anonymous_3)
FN:32,getLargestContentfulPaint
FN:40,getAverageApiResponseTime
FN:49,getNetworkRequestCount
FN:56,getFailedRequestCount
FN:64,getUsedMemory
FN:72,getTotalMemory
FN:80,getMemoryUsagePercent
FN:89,calculateAverage
FN:91,(anonymous_12)
FNF:13
FNH:13
FNDA:2,getPageLoadTime
FNDA:1,getDomContentLoadedTime
FNDA:2,getFirstPaintTime
FNDA:1,(anonymous_3)
FNDA:2,getLargestContentfulPaint
FNDA:1,getAverageApiResponseTime
FNDA:1,getNetworkRequestCount
FNDA:1,getFailedRequestCount
FNDA:3,getUsedMemory
FNDA:3,getTotalMemory
FNDA:2,getMemoryUsagePercent
FNDA:4,calculateAverage
FNDA:9,(anonymous_12)
DA:9,2
DA:10,2
DA:17,1
DA:18,1
DA:25,2
DA:26,2
DA:33,2
DA:34,2
DA:43,1
DA:50,1
DA:58,1
DA:66,3
DA:74,3
DA:81,2
DA:82,2
DA:83,2
DA:90,4
DA:91,9
LF:18
LH:18
BRDA:10,0,0,1
BRDA:10,0,1,1
BRDA:18,1,0,1
BRDA:18,1,1,0
BRDA:26,2,0,1
BRDA:26,2,1,1
BRDA:34,3,0,1
BRDA:34,3,1,1
BRDA:66,4,0,3
BRDA:66,4,1,0
BRDA:74,5,0,3
BRDA:74,5,1,1
BRDA:83,6,0,1
BRDA:83,6,1,1
BRDA:90,7,0,1
BRDA:90,7,1,3
BRF:16
BRH:14
end_of_record
TN:
SF:src\utils\security-util.ts
FN:8,isValidIPv4
FN:14,(anonymous_1)
FN:23,isValidIPv6
FN:32,isValidIP
FN:39,getThreatColorClasses
FN:57,getThreatModalColorClasses
FN:75,getThreatBorderColor
FN:93,getThreatColor
FN:111,getThreatLevelValue
FN:129,calculateRiskScore
FN:159,isPrivateIP
FN:182,getCountryFlag
FN:188,(anonymous_12)
FN:196,sanitizeInput
FNF:14
FNH:0
FNDA:0,isValidIPv4
FNDA:0,(anonymous_1)
FNDA:0,isValidIPv6
FNDA:0,isValidIP
FNDA:0,getThreatColorClasses
FNDA:0,getThreatModalColorClasses
FNDA:0,getThreatBorderColor
FNDA:0,getThreatColor
FNDA:0,getThreatLevelValue
FNDA:0,calculateRiskScore
FNDA:0,isPrivateIP
FNDA:0,getCountryFlag
FNDA:0,(anonymous_12)
FNDA:0,sanitizeInput
DA:9,0
DA:10,0
DA:12,0
DA:14,0
DA:15,0
DA:16,0
DA:24,0
DA:26,0
DA:33,0
DA:40,0
DA:42,0
DA:44,0
DA:46,0
DA:48,0
DA:50,0
DA:58,0
DA:60,0
DA:62,0
DA:64,0
DA:66,0
DA:68,0
DA:76,0
DA:78,0
DA:80,0
DA:82,0
DA:84,0
DA:86,0
DA:94,0
DA:96,0
DA:98,0
DA:100,0
DA:102,0
DA:104,0
DA:112,0
DA:114,0
DA:116,0
DA:118,0
DA:120,0
DA:122,0
DA:135,0
DA:138,0
DA:139,0
DA:142,0
DA:143,0
DA:147,0
DA:148,0
DA:149,0
DA:150,0
DA:153,0
DA:160,0
DA:162,0
DA:165,0
DA:168,0
DA:171,0
DA:174,0
DA:176,0
DA:183,0
DA:185,0
DA:188,0
DA:190,0
DA:197,0
LF:61
LH:0
BRDA:12,0,0,0
BRDA:12,0,1,0
BRDA:16,1,0,0
BRDA:16,1,1,0
BRDA:33,2,0,0
BRDA:33,2,1,0
BRDA:40,3,0,0
BRDA:40,3,1,0
BRDA:40,3,2,0
BRDA:40,3,3,0
BRDA:40,3,4,0
BRDA:58,4,0,0
BRDA:58,4,1,0
BRDA:58,4,2,0
BRDA:58,4,3,0
BRDA:58,4,4,0
BRDA:76,5,0,0
BRDA:76,5,1,0
BRDA:76,5,2,0
BRDA:76,5,3,0
BRDA:76,5,4,0
BRDA:94,6,0,0
BRDA:94,6,1,0
BRDA:94,6,2,0
BRDA:94,6,3,0
BRDA:94,6,4,0
BRDA:112,7,0,0
BRDA:112,7,1,0
BRDA:112,7,2,0
BRDA:112,7,3,0
BRDA:112,7,4,0
BRDA:142,8,0,0
BRDA:142,8,1,0
BRDA:147,9,0,0
BRDA:147,9,1,0
BRDA:149,10,0,0
BRDA:149,10,1,0
BRDA:160,11,0,0
BRDA:160,11,1,0
BRDA:165,12,0,0
BRDA:165,12,1,0
BRDA:168,13,0,0
BRDA:168,13,1,0
BRDA:168,14,0,0
BRDA:168,14,1,0
BRDA:168,14,2,0
BRDA:171,15,0,0
BRDA:171,15,1,0
BRDA:171,16,0,0
BRDA:171,16,1,0
BRDA:174,17,0,0
BRDA:174,17,1,0
BRDA:183,18,0,0
BRDA:183,18,1,0
BRDA:183,19,0,0
BRDA:183,19,1,0
BRF:56
BRH:0
end_of_record
TN:
SF:src\utils\sentry.ts
FN:4,(anonymous_0)
FN:21,initSentry
FN:52,(anonymous_2)
FN:79,setUserContext
FN:88,clearUserContext
FN:92,captureException
FN:93,(anonymous_6)
FN:95,(anonymous_7)
FN:103,captureMessage
FN:104,(anonymous_9)
FN:106,(anonymous_10)
FN:114,addBreadcrumb
FNF:12
FNH:0
FNDA:0,(anonymous_0)
FNDA:0,initSentry
FNDA:0,(anonymous_2)
FNDA:0,setUserContext
FNDA:0,clearUserContext
FNDA:0,captureException
FNDA:0,(anonymous_6)
FNDA:0,(anonymous_7)
FNDA:0,captureMessage
FNDA:0,(anonymous_9)
FNDA:0,(anonymous_10)
FNDA:0,addBreadcrumb
DA:4,6
DA:6,0
DA:8,0
DA:12,0
DA:14,0
DA:15,0
DA:17,0
DA:22,0
DA:23,0
DA:26,0
DA:27,0
DA:28,0
DA:31,0
DA:54,0
DA:55,0
DA:56,0
DA:58,0
DA:60,0
DA:61,0
DA:64,0
DA:76,0
DA:80,0
DA:89,0
DA:93,0
DA:94,0
DA:95,0
DA:96,0
DA:99,0
DA:104,0
DA:105,0
DA:106,0
DA:107,0
DA:110,0
DA:115,0
LF:34
LH:1
BRDA:6,0,0,0
BRDA:6,0,1,0
BRDA:6,1,0,0
BRDA:6,1,1,0
BRDA:6,1,2,0
BRDA:14,2,0,0
BRDA:14,2,1,0
BRDA:26,3,0,0
BRDA:26,3,1,0
BRDA:26,4,0,0
BRDA:26,4,1,0
BRDA:43,5,0,0
BRDA:43,5,1,0
BRDA:45,6,0,0
BRDA:45,6,1,0
BRDA:55,7,0,0
BRDA:55,7,1,0
BRDA:58,8,0,0
BRDA:58,8,1,0
BRDA:58,9,0,0
BRDA:58,9,1,0
BRDA:60,10,0,0
BRDA:60,10,1,0
BRDA:94,11,0,0
BRDA:94,11,1,0
BRDA:103,12,0,0
BRDA:105,13,0,0
BRDA:105,13,1,0
BRDA:117,14,0,0
BRDA:117,14,1,0
BRDA:118,15,0,0
BRDA:118,15,1,0
BRF:32
BRH:0
end_of_record
