TN:
SF:src\App.tsx
FN:8,(anonymous_0)
FN:9,(anonymous_1)
FN:10,(anonymous_2)
FN:11,(anonymous_3)
FN:12,(anonymous_4)
FN:13,(anonymous_5)
FN:14,(anonymous_6)
FN:15,(anonymous_7)
FN:16,(anonymous_8)
FN:17,(anonymous_9)
FN:20,PageLoader
FN:24,ProtectedRoute
FN:38,AppRoutes
FN:55,App
FNF:14
FNH:0
FNDA:0,(anonymous_0)
FNDA:0,(anonymous_1)
FNDA:0,(anonymous_2)
FNDA:0,(anonymous_3)
FNDA:0,(anonymous_4)
FNDA:0,(anonymous_5)
FNDA:0,(anonymous_6)
FNDA:0,(anonymous_7)
FNDA:0,(anonymous_8)
FNDA:0,(anonymous_9)
FNDA:0,PageLoader
FNDA:0,ProtectedRoute
FNDA:0,AppRoutes
FNDA:0,App
DA:8,0
DA:9,0
DA:10,0
DA:11,0
DA:12,0
DA:13,0
DA:14,0
DA:15,0
DA:16,0
DA:17,0
DA:21,0
DA:25,0
DA:27,0
DA:28,0
DA:31,0
DA:32,0
DA:35,0
DA:39,0
DA:56,0
LF:19
LH:0
BRDA:27,0,0,0
BRDA:27,0,1,0
BRDA:31,1,0,0
BRDA:31,1,1,0
BRF:4
BRH:0
end_of_record
TN:
SF:src\components\AlertFeed.tsx
FN:10,AlertFeed
FN:12,(anonymous_1)
FN:32,(anonymous_2)
FNF:3
FNH:0
FNDA:0,AlertFeed
FNDA:0,(anonymous_1)
FNDA:0,(anonymous_2)
DA:12,0
DA:13,0
DA:14,0
DA:16,0
DA:19,0
DA:33,0
LF:6
LH:0
BRDA:13,0,0,0
BRDA:13,0,1,0
BRDA:13,1,0,0
BRDA:13,1,1,0
BRDA:48,2,0,0
BRDA:48,2,1,0
BRF:6
BRH:0
end_of_record
TN:
SF:src\components\CustomDashboard.tsx
FN:11,CustomDashboard
FN:15,(anonymous_1)
FN:19,(anonymous_2)
FN:23,(anonymous_3)
FN:74,(anonymous_4)
FNF:5
FNH:0
FNDA:0,CustomDashboard
FNDA:0,(anonymous_1)
FNDA:0,(anonymous_2)
FNDA:0,(anonymous_3)
FNDA:0,(anonymous_4)
DA:12,0
DA:13,0
DA:15,0
DA:16,0
DA:19,0
DA:20,0
DA:23,0
DA:24,0
DA:27,0
DA:75,0
LF:10
LH:0
BRDA:11,0,0,0
BRDA:36,1,0,0
BRDA:36,1,1,0
BRDA:52,2,0,0
BRDA:52,2,1,0
BRDA:58,3,0,0
BRDA:58,3,1,0
BRDA:67,4,0,0
BRDA:67,4,1,0
BRDA:84,5,0,0
BRDA:84,5,1,0
BRDA:110,6,0,0
BRDA:110,6,1,0
BRF:13
BRH:0
end_of_record
TN:
SF:src\components\DashboardCustomizer.tsx
FN:80,DashboardCustomizer
FN:87,(anonymous_1)
FN:91,(anonymous_2)
FN:93,(anonymous_3)
FN:95,(anonymous_4)
FN:109,(anonymous_5)
FN:117,(anonymous_6)
FN:148,(anonymous_7)
FN:178,(anonymous_8)
FN:181,(anonymous_9)
FN:204,(anonymous_10)
FN:207,(anonymous_11)
FN:222,(anonymous_12)
FN:227,(anonymous_13)
FN:256,(anonymous_14)
FN:268,(anonymous_15)
FNF:16
FNH:0
FNDA:0,DashboardCustomizer
FNDA:0,(anonymous_1)
FNDA:0,(anonymous_2)
FNDA:0,(anonymous_3)
FNDA:0,(anonymous_4)
FNDA:0,(anonymous_5)
FNDA:0,(anonymous_6)
FNDA:0,(anonymous_7)
FNDA:0,(anonymous_8)
FNDA:0,(anonymous_9)
FNDA:0,(anonymous_10)
FNDA:0,(anonymous_11)
FNDA:0,(anonymous_12)
FNDA:0,(anonymous_13)
FNDA:0,(anonymous_14)
FNDA:0,(anonymous_15)
DA:28,0
DA:81,0
DA:82,0
DA:83,0
DA:85,0
DA:87,0
DA:89,0
DA:91,0
DA:93,0
DA:95,0
DA:96,0
DA:98,0
DA:99,0
DA:100,0
DA:101,0
DA:102,0
DA:106,0
DA:109,0
DA:110,0
DA:111,0
DA:112,0
DA:117,0
DA:118,0
DA:119,0
DA:122,0
DA:148,0
DA:179,0
DA:181,0
DA:205,0
DA:207,0
DA:223,0
DA:224,0
DA:227,0
DA:257,0
LF:34
LH:0
BRDA:85,0,0,0
BRDA:85,0,1,0
BRDA:89,1,0,0
BRDA:89,1,1,0
BRDA:100,2,0,0
BRDA:100,2,1,0
BRDA:110,3,0,0
BRDA:110,3,1,0
BRDA:209,4,0,0
BRDA:209,4,1,0
BRF:10
BRH:0
end_of_record
TN:
SF:src\components\DashboardWidget.tsx
FN:26,DashboardWidget
FN:32,(anonymous_1)
FN:36,(anonymous_2)
FN:41,(anonymous_3)
FN:138,CustomChartWidget
FN:152,getStatCardProps
FN:176,getTimelineProps
FN:184,getAlertFeedProps
FN:192,getSystemHealthProps
FN:199,getThreatTableProps
FN:209,getCustomChartProps
FNF:11
FNH:0
FNDA:0,DashboardWidget
FNDA:0,(anonymous_1)
FNDA:0,(anonymous_2)
FNDA:0,(anonymous_3)
FNDA:0,CustomChartWidget
FNDA:0,getStatCardProps
FNDA:0,getTimelineProps
FNDA:0,getAlertFeedProps
FNDA:0,getSystemHealthProps
FNDA:0,getThreatTableProps
FNDA:0,getCustomChartProps
DA:27,0
DA:28,0
DA:29,0
DA:30,0
DA:32,0
DA:33,0
DA:36,0
DA:38,0
DA:41,0
DA:42,0
DA:44,0
DA:46,0
DA:48,0
DA:50,0
DA:52,0
DA:54,0
DA:56,0
DA:58,0
DA:69,0
DA:140,0
DA:153,0
DA:164,0
DA:165,0
DA:167,0
DA:177,0
DA:185,0
DA:193,0
DA:200,0
DA:210,0
LF:29
LH:0
BRDA:26,0,0,0
BRDA:42,1,0,0
BRDA:42,1,1,0
BRDA:42,1,2,0
BRDA:42,1,3,0
BRDA:42,1,4,0
BRDA:42,1,5,0
BRDA:42,1,6,0
BRDA:42,1,7,0
BRDA:73,2,0,0
BRDA:73,2,1,0
BRDA:82,3,0,0
BRDA:82,3,1,0
BRDA:97,4,0,0
BRDA:97,4,1,0
BRDA:130,5,0,0
BRDA:130,5,1,0
BRDA:144,6,0,0
BRDA:144,6,1,0
BRDA:164,7,0,0
BRDA:164,7,1,0
BRDA:165,8,0,0
BRDA:165,8,1,0
BRDA:169,9,0,0
BRDA:169,9,1,0
BRDA:172,10,0,0
BRDA:172,10,1,0
BRDA:178,11,0,0
BRDA:178,11,1,0
BRDA:180,12,0,0
BRDA:180,12,1,0
BRDA:186,13,0,0
BRDA:186,13,1,0
BRDA:186,14,0,0
BRDA:186,14,1,0
BRDA:188,15,0,0
BRDA:188,15,1,0
BRDA:194,16,0,0
BRDA:194,16,1,0
BRDA:201,17,0,0
BRDA:201,17,1,0
BRDA:201,18,0,0
BRDA:201,18,1,0
BRDA:203,19,0,0
BRDA:203,19,1,0
BRF:45
BRH:0
end_of_record
TN:
SF:src\components\ErrorBoundary.tsx
FN:17,(anonymous_0)
FN:22,(anonymous_1)
FN:27,(anonymous_2)
FN:49,(anonymous_3)
FN:53,(anonymous_4)
FN:57,(anonymous_5)
FN:135,withErrorBoundary
FN:139,(anonymous_7)
FN:151,useErrorReporting
FN:152,(anonymous_9)
FN:164,(anonymous_10)
FNF:11
FNH:9
FNDA:14,(anonymous_0)
FNDA:10,(anonymous_1)
FNDA:5,(anonymous_2)
FNDA:0,(anonymous_3)
FNDA:0,(anonymous_4)
FNDA:28,(anonymous_5)
FNDA:2,withErrorBoundary
FNDA:4,(anonymous_7)
FNDA:1,useErrorReporting
FNDA:1,(anonymous_9)
FNDA:1,(anonymous_10)
DA:18,14
DA:19,13
DA:24,10
DA:29,5
DA:32,5
DA:35,5
DA:41,5
DA:49,13
DA:50,0
DA:53,13
DA:54,0
DA:58,28
DA:60,15
DA:61,3
DA:65,12
DA:130,13
DA:139,2
DA:140,4
DA:145,2
DA:147,2
DA:152,1
DA:153,1
DA:156,1
DA:164,1
DA:165,1
DA:168,1
DA:176,1
LF:27
LH:25
BRDA:58,0,0,15
BRDA:58,0,1,13
BRDA:60,1,0,3
BRDA:60,1,1,12
BRDA:101,2,0,12
BRDA:101,2,1,0
BRDA:101,2,2,0
BRDA:110,3,0,0
BRDA:110,3,1,0
BRDA:145,4,0,2
BRDA:145,4,1,2
BRDA:164,5,0,0
BRF:12
BRH:7
end_of_record
TN:
SF:src\components\ExportButton.tsx
FN:21,ExportButton
FN:39,(anonymous_1)
FN:46,(anonymous_2)
FN:53,(anonymous_3)
FN:57,(anonymous_4)
FN:103,(anonymous_5)
FN:117,(anonymous_6)
FN:128,(anonymous_7)
FN:179,QuickExportButtons
FN:189,(anonymous_9)
FN:220,(anonymous_10)
FN:233,(anonymous_11)
FN:246,(anonymous_12)
FNF:13
FNH:0
FNDA:0,ExportButton
FNDA:0,(anonymous_1)
FNDA:0,(anonymous_2)
FNDA:0,(anonymous_3)
FNDA:0,(anonymous_4)
FNDA:0,(anonymous_5)
FNDA:0,(anonymous_6)
FNDA:0,(anonymous_7)
FNDA:0,QuickExportButtons
FNDA:0,(anonymous_9)
FNDA:0,(anonymous_10)
FNDA:0,(anonymous_11)
FNDA:0,(anonymous_12)
DA:29,0
DA:30,0
DA:31,0
DA:33,0
DA:39,0
DA:46,0
DA:53,0
DA:57,0
DA:58,0
DA:59,0
DA:61,0
DA:62,0
DA:68,0
DA:70,0
DA:71,0
DA:73,0
DA:74,0
DA:76,0
DA:77,0
DA:80,0
DA:83,0
DA:87,0
DA:88,0
DA:100,0
DA:103,0
DA:117,0
DA:129,0
DA:130,0
DA:132,0
DA:186,0
DA:187,0
DA:189,0
DA:190,0
DA:192,0
DA:193,0
DA:199,0
DA:201,0
DA:202,0
DA:204,0
DA:205,0
DA:207,0
DA:208,0
DA:211,0
DA:213,0
DA:217,0
DA:220,0
DA:233,0
DA:246,0
LF:48
LH:0
BRDA:24,0,0,0
BRDA:25,1,0,0
BRDA:26,2,0,0
BRDA:27,3,0,0
BRDA:68,4,0,0
BRDA:68,4,1,0
BRDA:68,4,2,0
BRDA:87,5,0,0
BRDA:87,5,1,0
BRDA:87,6,0,0
BRDA:87,6,1,0
BRDA:108,7,0,0
BRDA:108,7,1,0
BRDA:112,8,0,0
BRDA:112,8,1,0
BRDA:140,9,0,0
BRDA:140,9,1,0
BRDA:152,10,0,0
BRDA:152,10,1,0
BRDA:167,11,0,0
BRDA:167,11,1,0
BRDA:182,12,0,0
BRDA:183,13,0,0
BRDA:184,14,0,0
BRDA:199,15,0,0
BRDA:199,15,1,0
BRDA:199,15,2,0
BRDA:224,16,0,0
BRDA:224,16,1,0
BRDA:237,17,0,0
BRDA:237,17,1,0
BRDA:250,18,0,0
BRDA:250,18,1,0
BRF:33
BRH:0
end_of_record
TN:
SF:src\components\FilterBuilder.tsx
FN:34,FilterBuilder
FN:44,(anonymous_1)
FN:51,(anonymous_2)
FN:52,(anonymous_3)
FN:77,(anonymous_4)
FN:78,(anonymous_5)
FN:103,(anonymous_6)
FN:104,(anonymous_7)
FN:106,(anonymous_8)
FN:118,(anonymous_9)
FN:119,(anonymous_10)
FN:121,(anonymous_11)
FN:131,(anonymous_12)
FN:132,(anonymous_13)
FN:148,(anonymous_14)
FN:166,(anonymous_15)
FN:174,(anonymous_16)
FN:192,(anonymous_17)
FN:210,(anonymous_18)
FN:225,(anonymous_19)
FN:226,(anonymous_20)
FN:232,(anonymous_21)
FN:282,(anonymous_22)
FN:325,FilterGroupComponent
FN:341,(anonymous_24)
FN:353,(anonymous_25)
FN:366,(anonymous_26)
FN:382,(anonymous_27)
FN:390,(anonymous_28)
FN:412,FilterConditionComponent
FN:420,(anonymous_30)
FN:422,(anonymous_31)
FN:445,(anonymous_32)
FN:452,(anonymous_33)
FN:463,(anonymous_34)
FN:466,(anonymous_35)
FN:480,(anonymous_36)
FN:490,getOperatorLabel
FN:511,renderValueInput
FN:525,(anonymous_39)
FN:529,(anonymous_40)
FN:543,(anonymous_41)
FN:544,(anonymous_42)
FN:556,(anonymous_43)
FN:566,(anonymous_44)
FN:576,(anonymous_45)
FN:590,(anonymous_46)
FNF:47
FNH:0
FNDA:0,FilterBuilder
FNDA:0,(anonymous_1)
FNDA:0,(anonymous_2)
FNDA:0,(anonymous_3)
FNDA:0,(anonymous_4)
FNDA:0,(anonymous_5)
FNDA:0,(anonymous_6)
FNDA:0,(anonymous_7)
FNDA:0,(anonymous_8)
FNDA:0,(anonymous_9)
FNDA:0,(anonymous_10)
FNDA:0,(anonymous_11)
FNDA:0,(anonymous_12)
FNDA:0,(anonymous_13)
FNDA:0,(anonymous_14)
FNDA:0,(anonymous_15)
FNDA:0,(anonymous_16)
FNDA:0,(anonymous_17)
FNDA:0,(anonymous_18)
FNDA:0,(anonymous_19)
FNDA:0,(anonymous_20)
FNDA:0,(anonymous_21)
FNDA:0,(anonymous_22)
FNDA:0,FilterGroupComponent
FNDA:0,(anonymous_24)
FNDA:0,(anonymous_25)
FNDA:0,(anonymous_26)
FNDA:0,(anonymous_27)
FNDA:0,(anonymous_28)
FNDA:0,FilterConditionComponent
FNDA:0,(anonymous_30)
FNDA:0,(anonymous_31)
FNDA:0,(anonymous_32)
FNDA:0,(anonymous_33)
FNDA:0,(anonymous_34)
FNDA:0,(anonymous_35)
FNDA:0,(anonymous_36)
FNDA:0,getOperatorLabel
FNDA:0,renderValueInput
FNDA:0,(anonymous_39)
FNDA:0,(anonymous_40)
FNDA:0,(anonymous_41)
FNDA:0,(anonymous_42)
FNDA:0,(anonymous_43)
FNDA:0,(anonymous_44)
FNDA:0,(anonymous_45)
FNDA:0,(anonymous_46)
DA:41,0
DA:42,0
DA:44,0
DA:45,0
DA:51,0
DA:52,0
DA:53,0
DA:54,0
DA:60,0
DA:65,0
DA:71,0
DA:77,0
DA:78,0
DA:79,0
DA:80,0
DA:86,0
DA:91,0
DA:97,0
DA:103,0
DA:104,0
DA:107,0
DA:112,0
DA:118,0
DA:119,0
DA:121,0
DA:125,0
DA:131,0
DA:132,0
DA:133,0
DA:134,0
DA:136,0
DA:142,0
DA:148,0
DA:149,0
DA:151,0
DA:158,0
DA:163,0
DA:166,0
DA:167,0
DA:174,0
DA:175,0
DA:182,0
DA:188,0
DA:191,0
DA:192,0
DA:194,0
DA:210,0
DA:226,0
DA:227,0
DA:233,0
DA:282,0
DA:335,0
DA:341,0
DA:354,0
DA:367,0
DA:382,0
DA:390,0
DA:420,0
DA:422,0
DA:423,0
DA:424,0
DA:425,0
DA:426,0
DA:427,0
DA:428,0
DA:432,0
DA:445,0
DA:453,0
DA:463,0
DA:467,0
DA:480,0
DA:491,0
DA:508,0
DA:516,0
DA:518,0
DA:520,0
DA:522,0
DA:525,0
DA:530,0
DA:539,0
DA:543,0
DA:544,0
DA:552,0
DA:556,0
DA:562,0
DA:566,0
DA:573,0
DA:576,0
DA:586,0
DA:590,0
LF:90
LH:0
BRDA:39,0,0,0
BRDA:53,1,0,0
BRDA:53,1,1,0
BRDA:56,2,0,0
BRDA:56,2,1,0
BRDA:79,3,0,0
BRDA:79,3,1,0
BRDA:107,4,0,0
BRDA:107,4,1,0
BRDA:133,5,0,0
BRDA:133,5,1,0
BRDA:149,6,0,0
BRDA:149,6,1,0
BRDA:191,7,0,0
BRDA:191,7,1,0
BRDA:192,8,0,0
BRDA:192,8,1,0
BRDA:201,9,0,0
BRDA:201,9,1,0
BRDA:213,10,0,0
BRDA:213,10,1,0
BRDA:224,11,0,0
BRDA:224,11,1,0
BRDA:227,12,0,0
BRDA:227,12,1,0
BRDA:243,13,0,0
BRDA:243,13,1,0
BRDA:275,14,0,0
BRDA:275,14,1,0
BRDA:333,15,0,0
BRDA:336,16,0,0
BRDA:336,16,1,0
BRDA:337,17,0,0
BRDA:337,17,1,0
BRDA:417,18,0,0
BRDA:418,19,0,0
BRDA:423,20,0,0
BRDA:423,20,1,0
BRDA:423,20,2,0
BRDA:423,20,3,0
BRDA:423,20,4,0
BRDA:434,21,0,0
BRDA:434,21,1,0
BRDA:442,22,0,0
BRDA:442,22,1,0
BRDA:508,23,0,0
BRDA:508,23,1,0
BRDA:516,24,0,0
BRDA:516,24,1,0
BRDA:520,25,0,0
BRDA:520,25,1,0
BRDA:520,25,2,0
BRDA:520,25,3,0
BRDA:520,25,4,0
BRDA:520,25,5,0
BRDA:524,26,0,0
BRDA:524,26,1,0
BRDA:542,27,0,0
BRDA:542,27,1,0
BRDA:542,28,0,0
BRDA:542,28,1,0
BRDA:555,29,0,0
BRDA:555,29,1,0
BRDA:565,30,0,0
BRDA:565,30,1,0
BRDA:566,31,0,0
BRDA:566,31,1,0
BRDA:567,32,0,0
BRDA:567,32,1,0
BRDA:575,33,0,0
BRDA:575,33,1,0
BRDA:589,34,0,0
BRDA:589,34,1,0
BRDA:591,35,0,0
BRDA:591,35,1,0
BRF:75
BRH:0
end_of_record
TN:
SF:src\components\Header.tsx
FN:8,Header
FN:16,(anonymous_1)
FN:48,(anonymous_2)
FN:68,(anonymous_3)
FN:86,(anonymous_4)
FN:95,(anonymous_5)
FN:110,(anonymous_6)
FN:131,(anonymous_7)
FN:135,(anonymous_8)
FN:154,(anonymous_9)
FNF:10
FNH:0
FNDA:0,Header
FNDA:0,(anonymous_1)
FNDA:0,(anonymous_2)
FNDA:0,(anonymous_3)
FNDA:0,(anonymous_4)
FNDA:0,(anonymous_5)
FNDA:0,(anonymous_6)
FNDA:0,(anonymous_7)
FNDA:0,(anonymous_8)
FNDA:0,(anonymous_9)
DA:9,0
DA:10,0
DA:11,0
DA:12,0
DA:13,0
DA:14,0
DA:16,0
DA:18,0
DA:29,0
DA:49,0
DA:68,0
DA:86,0
DA:95,0
DA:111,0
DA:112,0
DA:113,0
DA:132,0
DA:135,0
DA:154,0
LF:19
LH:0
BRDA:53,0,0,0
BRDA:53,0,1,0
BRDA:57,1,0,0
BRDA:57,1,1,0
BRDA:57,2,0,0
BRDA:57,2,1,0
BRDA:71,3,0,0
BRDA:71,3,1,0
BRDA:99,4,0,0
BRDA:99,4,1,0
BRDA:100,5,0,0
BRDA:100,5,1,0
BRDA:107,6,0,0
BRDA:107,6,1,0
BRDA:128,7,0,0
BRDA:128,7,1,0
BRDA:137,8,0,0
BRDA:137,8,1,0
BRF:18
BRH:0
end_of_record
TN:
SF:src\components\HelpGuide.tsx
FN:10,HelpGuide
FN:16,(anonymous_1)
FN:141,(anonymous_2)
FN:144,(anonymous_3)
FN:197,HelpButton
FN:203,(anonymous_5)
FN:212,(anonymous_6)
FNF:7
FNH:0
FNDA:0,HelpGuide
FNDA:0,(anonymous_1)
FNDA:0,(anonymous_2)
FNDA:0,(anonymous_3)
FNDA:0,HelpButton
FNDA:0,(anonymous_5)
FNDA:0,(anonymous_6)
DA:11,0
DA:12,0
DA:14,0
DA:16,0
DA:17,0
DA:18,0
DA:19,0
DA:22,0
DA:124,0
DA:142,0
DA:144,0
DA:198,0
DA:200,0
DA:203,0
DA:212,0
LF:15
LH:0
BRDA:14,0,0,0
BRDA:14,0,1,0
BRDA:146,1,0,0
BRDA:146,1,1,0
BRDA:151,2,0,0
BRDA:151,2,1,0
BRF:6
BRH:0
end_of_record
TN:
SF:src\components\LoadingSpinner.tsx
FN:9,LoadingSpinner
FNF:1
FNH:1
FNDA:9,LoadingSpinner
DA:14,9
DA:20,9
LF:2
LH:2
BRDA:10,0,0,8
BRDA:11,1,0,7
BRDA:12,2,0,8
BRF:3
BRH:3
end_of_record
TN:
SF:src\components\OnboardingTour.tsx
FN:13,(anonymous_0)
FN:21,OnboardingTour
FN:113,(anonymous_2)
FN:119,(anonymous_3)
FN:122,(anonymous_4)
FN:129,(anonymous_5)
FNF:6
FNH:0
FNDA:0,(anonymous_0)
FNDA:0,OnboardingTour
FNDA:0,(anonymous_2)
FNDA:0,(anonymous_3)
FNDA:0,(anonymous_4)
FNDA:0,(anonymous_5)
DA:13,0
DA:14,0
DA:22,0
DA:23,0
DA:24,0
DA:113,0
DA:114,0
DA:115,0
DA:117,0
DA:119,0
DA:120,0
DA:122,0
DA:124,0
DA:125,0
DA:129,0
DA:130,0
DA:132,0
DA:136,0
DA:138,0
DA:139,0
DA:141,0
DA:142,0
DA:147,0
DA:148,0
DA:151,0
LF:25
LH:0
BRDA:14,0,0,0
BRDA:14,0,1,0
BRDA:14,0,2,0
BRDA:14,0,3,0
BRDA:14,0,4,0
BRDA:21,1,0,0
BRDA:114,2,0,0
BRDA:114,2,1,0
BRDA:114,3,0,0
BRDA:114,3,1,0
BRDA:117,4,0,0
BRDA:117,4,1,0
BRDA:117,5,0,0
BRDA:117,5,1,0
BRDA:124,6,0,0
BRDA:124,6,1,0
BRDA:132,7,0,0
BRDA:132,7,1,0
BRDA:132,8,0,0
BRDA:132,8,1,0
BRDA:136,9,0,0
BRDA:136,9,1,0
BRDA:136,10,0,0
BRDA:136,10,1,0
BRDA:141,11,0,0
BRDA:141,11,1,0
BRDA:147,12,0,0
BRDA:147,12,1,0
BRDA:147,13,0,0
BRDA:147,13,1,0
BRF:30
BRH:0
end_of_record
TN:
SF:src\components\PageLayout.tsx
FN:10,PageLayout
FNF:1
FNH:0
FNDA:0,PageLayout
DA:15,0
LF:1
LH:0
BRDA:12,0,0,0
BRDA:13,1,0,0
BRF:2
BRH:0
end_of_record
TN:
SF:src\components\PerformanceMonitor.tsx
FN:59,PerformanceMonitor
FN:68,(anonymous_1)
FN:75,(anonymous_2)
FN:79,(anonymous_3)
FN:89,(anonymous_4)
FN:97,(anonymous_5)
FN:128,(anonymous_6)
FN:382,MetricItem
FNF:8
FNH:0
FNDA:0,PerformanceMonitor
FNDA:0,(anonymous_1)
FNDA:0,(anonymous_2)
FNDA:0,(anonymous_3)
FNDA:0,(anonymous_4)
FNDA:0,(anonymous_5)
FNDA:0,(anonymous_6)
FNDA:0,MetricItem
DA:63,0
DA:64,0
DA:65,0
DA:66,0
DA:68,0
DA:69,0
DA:70,0
DA:72,0
DA:75,0
DA:79,0
DA:80,0
DA:83,0
DA:86,0
DA:89,0
DA:90,0
DA:91,0
DA:92,0
DA:93,0
DA:97,0
DA:98,0
DA:122,0
DA:126,0
DA:128,0
DA:129,0
DA:130,0
DA:131,0
DA:135,0
DA:383,0
LF:28
LH:0
BRDA:69,0,0,0
BRDA:69,0,1,0
BRDA:91,1,0,0
BRDA:91,1,1,0
BRDA:126,2,0,0
BRDA:126,2,1,0
BRDA:126,3,0,0
BRDA:126,3,1,0
BRDA:129,4,0,0
BRDA:129,4,1,0
BRDA:130,5,0,0
BRDA:130,5,1,0
BRDA:144,6,0,0
BRDA:144,6,1,0
BRDA:146,7,0,0
BRDA:146,7,1,0
BRDA:280,8,0,0
BRDA:280,8,1,0
BRDA:335,9,0,0
BRDA:335,9,1,0
BRDA:341,10,0,0
BRDA:341,10,1,0
BRDA:347,11,0,0
BRDA:347,11,1,0
BRDA:353,12,0,0
BRDA:353,12,1,0
BRDA:359,13,0,0
BRDA:359,13,1,0
BRDA:387,14,0,0
BRDA:387,14,1,0
BRDA:388,15,0,0
BRDA:388,15,1,0
BRDA:389,16,0,0
BRDA:389,16,1,0
BRDA:393,17,0,0
BRDA:393,17,1,0
BRDA:394,18,0,0
BRDA:394,18,1,0
BRF:38
BRH:0
end_of_record
TN:
SF:src\components\StatCard.tsx
FN:16,StatCard
FNF:1
FNH:1
FNDA:15,StatCard
DA:17,15
DA:24,15
DA:31,15
LF:3
LH:3
BRDA:16,0,0,8
BRDA:37,1,0,15
BRDA:37,1,1,2
BRDA:38,2,0,1
BRDA:38,2,1,1
BRDA:39,3,0,1
BRDA:39,3,1,1
BRF:7
BRH:7
end_of_record
TN:
SF:src\components\SystemHealth.tsx
FN:8,SystemHealth
FN:9,(anonymous_1)
FN:22,(anonymous_2)
FN:43,(anonymous_3)
FNF:4
FNH:0
FNDA:0,SystemHealth
FNDA:0,(anonymous_1)
FNDA:0,(anonymous_2)
FNDA:0,(anonymous_3)
DA:9,0
DA:10,0
DA:12,0
DA:14,0
DA:16,0
DA:18,0
DA:22,0
DA:23,0
DA:25,0
DA:27,0
DA:29,0
DA:31,0
DA:35,0
DA:44,0
LF:14
LH:0
BRDA:10,0,0,0
BRDA:10,0,1,0
BRDA:10,0,2,0
BRDA:10,0,3,0
BRDA:23,1,0,0
BRDA:23,1,1,0
BRDA:23,1,2,0
BRDA:23,1,3,0
BRF:8
BRH:0
end_of_record
TN:
SF:src\components\ThreatDetailsModal.tsx
FN:12,ThreatDetailsModal
FN:42,(anonymous_1)
FNF:2
FNH:0
FNDA:0,ThreatDetailsModal
FNDA:0,(anonymous_1)
DA:14,0
DA:43,0
DA:44,0
LF:3
LH:0
BRDA:40,0,0,0
BRDA:40,0,1,0
BRDA:84,1,0,0
BRDA:84,1,1,0
BRDA:92,2,0,0
BRDA:92,2,1,0
BRDA:93,3,0,0
BRDA:93,3,1,0
BRDA:94,4,0,0
BRDA:94,4,1,0
BRDA:111,5,0,0
BRDA:111,5,1,0
BRDA:119,6,0,0
BRDA:119,6,1,0
BRDA:137,7,0,0
BRDA:137,7,1,0
BRF:16
BRH:0
end_of_record
TN:
SF:src\components\ThreatTable.tsx
FN:17,ThreatTable
FN:64,(anonymous_1)
FN:102,(anonymous_2)
FNF:3
FNH:0
FNDA:0,ThreatTable
FNDA:0,(anonymous_1)
FNDA:0,(anonymous_2)
DA:18,0
DA:21,0
DA:39,0
DA:41,0
DA:64,0
DA:103,0
LF:6
LH:0
BRDA:17,0,0,0
BRDA:47,1,0,0
BRDA:47,1,1,0
BRDA:62,2,0,0
BRDA:62,2,1,0
BRDA:66,3,0,0
BRDA:66,3,1,0
BRDA:66,4,0,0
BRDA:66,4,1,0
BRDA:79,5,0,0
BRDA:79,5,1,0
BRDA:79,5,2,0
BRDA:106,6,0,0
BRDA:106,6,1,0
BRF:14
BRH:0
end_of_record
TN:
SF:src\components\ThreatTimeline.tsx
FN:19,ThreatTimeline
FN:21,(anonymous_1)
FN:22,(anonymous_2)
FNF:3
FNH:0
FNDA:0,ThreatTimeline
FNDA:0,(anonymous_1)
FNDA:0,(anonymous_2)
DA:21,0
DA:22,0
DA:23,0
DA:24,0
DA:25,0
DA:27,0
DA:33,0
DA:36,0
LF:8
LH:0
BRDA:23,0,0,0
BRDA:23,0,1,0
BRDA:24,1,0,0
BRDA:24,1,1,0
BRF:4
BRH:0
end_of_record
TN:
SF:src\components\index.ts
FNF:0
FNH:0
LF:0
LH:0
BRF:0
BRH:0
end_of_record
TN:
SF:src\hooks\index.ts
FNF:0
FNH:0
LF:0
LH:0
BRF:0
BRH:0
end_of_record
TN:
SF:src\hooks\mock-auth.tsx
FN:27,(anonymous_0)
FN:46,(anonymous_1)
FN:52,(anonymous_2)
FN:56,AuthProvider
FN:61,(anonymous_4)
FN:75,(anonymous_5)
FN:80,(anonymous_6)
FN:103,(anonymous_7)
FN:108,(anonymous_8)
FN:125,(anonymous_9)
FN:132,(anonymous_10)
FN:137,(anonymous_11)
FN:170,useAuth
FNF:13
FNH:0
FNDA:0,(anonymous_0)
FNDA:0,(anonymous_1)
FNDA:0,(anonymous_2)
FNDA:0,AuthProvider
FNDA:0,(anonymous_4)
FNDA:0,(anonymous_5)
FNDA:0,(anonymous_6)
FNDA:0,(anonymous_7)
FNDA:0,(anonymous_8)
FNDA:0,(anonymous_9)
FNDA:0,(anonymous_10)
FNDA:0,(anonymous_11)
FNDA:0,useAuth
DA:16,0
DA:24,0
DA:27,0
DA:28,0
DA:29,0
DA:30,0
DA:31,0
DA:33,0
DA:34,0
DA:36,0
DA:40,0
DA:42,0
DA:46,0
DA:47,0
DA:48,0
DA:52,0
DA:53,0
DA:57,0
DA:58,0
DA:61,0
DA:62,0
DA:63,0
DA:66,0
DA:67,0
DA:68,0
DA:71,0
DA:75,0
DA:76,0
DA:78,0
DA:80,0
DA:83,0
DA:89,0
DA:90,0
DA:93,0
DA:94,0
DA:96,0
DA:97,0
DA:99,0
DA:103,0
DA:104,0
DA:106,0
DA:108,0
DA:111,0
DA:112,0
DA:114,0
DA:116,0
DA:117,0
DA:119,0
DA:121,0
DA:125,0
DA:128,0
DA:132,0
DA:133,0
DA:135,0
DA:137,0
DA:140,0
DA:141,0
DA:144,0
DA:145,0
DA:147,0
DA:148,0
DA:150,0
DA:154,0
DA:163,0
DA:171,0
DA:172,0
DA:173,0
DA:175,0
LF:68
LH:0
BRDA:30,0,0,0
BRDA:30,0,1,0
BRDA:33,1,0,0
BRDA:33,1,1,0
BRDA:66,2,0,0
BRDA:66,2,1,0
BRDA:111,3,0,0
BRDA:111,3,1,0
BRDA:172,4,0,0
BRDA:172,4,1,0
BRF:10
BRH:0
end_of_record
TN:
SF:src\hooks\useApi-hook.ts
FN:7,useApi
FN:15,(anonymous_1)
FN:47,(anonymous_2)
FN:52,(anonymous_3)
FN:53,(anonymous_4)
FN:58,(anonymous_5)
FN:61,(anonymous_6)
FN:71,mapEndpointToService
FNF:8
FNH:0
FNDA:0,useApi
FNDA:0,(anonymous_1)
FNDA:0,(anonymous_2)
FNDA:0,(anonymous_3)
FNDA:0,(anonymous_4)
FNDA:0,(anonymous_5)
FNDA:0,(anonymous_6)
FNDA:0,mapEndpointToService
DA:11,0
DA:12,0
DA:13,0
DA:15,0
DA:16,0
DA:18,0
DA:20,0
DA:23,0
DA:25,0
DA:26,0
DA:28,0
DA:30,0
DA:33,0
DA:34,0
DA:37,0
DA:39,0
DA:40,0
DA:41,0
DA:43,0
DA:47,0
DA:48,0
DA:49,0
DA:51,0
DA:52,0
DA:53,0
DA:58,0
DA:60,0
DA:61,0
DA:62,0
DA:65,0
DA:72,0
DA:74,0
DA:76,0
DA:78,0
DA:80,0
DA:82,0
DA:84,0
DA:86,0
DA:88,0
DA:90,0
DA:92,0
DA:94,0
DA:96,0
LF:43
LH:0
BRDA:16,0,0,0
BRDA:16,0,1,0
BRDA:16,1,0,0
BRDA:16,1,1,0
BRDA:18,2,0,0
BRDA:18,2,1,0
BRDA:18,3,0,0
BRDA:18,3,1,0
BRDA:23,4,0,0
BRDA:23,4,1,0
BRDA:26,5,0,0
BRDA:26,5,1,0
BRDA:26,6,0,0
BRDA:26,6,1,0
BRDA:33,7,0,0
BRDA:33,7,1,0
BRDA:39,8,0,0
BRDA:39,8,1,0
BRDA:40,9,0,0
BRDA:40,9,1,0
BRDA:48,10,0,0
BRDA:48,10,1,0
BRDA:51,11,0,0
BRDA:51,11,1,0
BRDA:72,12,0,0
BRDA:72,12,1,0
BRDA:72,12,2,0
BRDA:72,12,3,0
BRDA:72,12,4,0
BRDA:72,12,5,0
BRDA:72,12,6,0
BRDA:72,12,7,0
BRDA:72,12,8,0
BRDA:72,12,9,0
BRDA:72,12,10,0
BRDA:72,12,11,0
BRF:36
BRH:0
end_of_record
TN:
SF:src\hooks\useDashboard.tsx
FN:90,(anonymous_0)
FN:166,DashboardProvider
FN:167,(anonymous_2)
FN:183,(anonymous_3)
FN:189,(anonymous_4)
FN:191,(anonymous_5)
FN:207,(anonymous_6)
FN:211,(anonymous_7)
FN:225,(anonymous_8)
FN:235,(anonymous_9)
FN:249,(anonymous_10)
FN:250,(anonymous_11)
FN:253,(anonymous_12)
FN:264,(anonymous_13)
FN:265,(anonymous_14)
FN:268,(anonymous_15)
FN:281,(anonymous_16)
FN:285,(anonymous_17)
FN:289,(anonymous_18)
FN:302,(anonymous_19)
FN:307,(anonymous_20)
FN:309,(anonymous_21)
FN:324,(anonymous_22)
FN:325,(anonymous_23)
FN:330,(anonymous_24)
FN:340,(anonymous_25)
FN:347,(anonymous_26)
FN:348,(anonymous_27)
FN:351,(anonymous_28)
FN:352,(anonymous_29)
FN:379,useDashboard
FN:388,getWidgetDefaultTitle
FN:401,getWidgetDefaultSize
FN:414,getWidgetDefaultConfig
FNF:34
FNH:0
FNDA:0,(anonymous_0)
FNDA:0,DashboardProvider
FNDA:0,(anonymous_2)
FNDA:0,(anonymous_3)
FNDA:0,(anonymous_4)
FNDA:0,(anonymous_5)
FNDA:0,(anonymous_6)
FNDA:0,(anonymous_7)
FNDA:0,(anonymous_8)
FNDA:0,(anonymous_9)
FNDA:0,(anonymous_10)
FNDA:0,(anonymous_11)
FNDA:0,(anonymous_12)
FNDA:0,(anonymous_13)
FNDA:0,(anonymous_14)
FNDA:0,(anonymous_15)
FNDA:0,(anonymous_16)
FNDA:0,(anonymous_17)
FNDA:0,(anonymous_18)
FNDA:0,(anonymous_19)
FNDA:0,(anonymous_20)
FNDA:0,(anonymous_21)
FNDA:0,(anonymous_22)
FNDA:0,(anonymous_23)
FNDA:0,(anonymous_24)
FNDA:0,(anonymous_25)
FNDA:0,(anonymous_26)
FNDA:0,(anonymous_27)
FNDA:0,(anonymous_28)
FNDA:0,(anonymous_29)
FNDA:0,useDashboard
FNDA:0,getWidgetDefaultTitle
FNDA:0,getWidgetDefaultSize
FNDA:0,getWidgetDefaultConfig
DA:14,0
DA:90,0
DA:162,0
DA:164,0
DA:167,0
DA:183,0
DA:184,0
DA:185,0
DA:186,0
DA:187,0
DA:189,0
DA:190,0
DA:191,0
DA:202,0
DA:207,0
DA:208,0
DA:209,0
DA:210,0
DA:211,0
DA:213,0
DA:214,0
DA:216,0
DA:219,0
DA:221,0
DA:225,0
DA:226,0
DA:235,0
DA:236,0
DA:241,0
DA:242,0
DA:249,0
DA:250,0
DA:251,0
DA:253,0
DA:256,0
DA:257,0
DA:264,0
DA:265,0
DA:266,0
DA:269,0
DA:273,0
DA:274,0
DA:281,0
DA:282,0
DA:285,0
DA:286,0
DA:289,0
DA:290,0
DA:298,0
DA:302,0
DA:303,0
DA:304,0
DA:305,0
DA:306,0
DA:307,0
DA:308,0
DA:309,0
DA:320,0
DA:324,0
DA:325,0
DA:326,0
DA:327,0
DA:330,0
DA:340,0
DA:347,0
DA:348,0
DA:351,0
DA:352,0
DA:358,0
DA:372,0
DA:380,0
DA:381,0
DA:382,0
DA:384,0
DA:389,0
DA:398,0
DA:402,0
DA:411,0
DA:415,0
DA:424,0
LF:80
LH:0
BRDA:186,0,0,0
BRDA:186,0,1,0
BRDA:189,1,0,0
BRDA:189,1,1,0
BRDA:190,2,0,0
BRDA:190,2,1,0
BRDA:210,3,0,0
BRDA:210,3,1,0
BRDA:213,4,0,0
BRDA:213,4,1,0
BRDA:225,5,0,0
BRDA:269,6,0,0
BRDA:269,6,1,0
BRDA:305,7,0,0
BRDA:305,7,1,0
BRDA:308,8,0,0
BRDA:308,8,1,0
BRDA:326,9,0,0
BRDA:326,9,1,0
BRDA:381,10,0,0
BRDA:381,10,1,0
BRDA:398,11,0,0
BRDA:398,11,1,0
BRDA:411,12,0,0
BRDA:411,12,1,0
BRDA:424,13,0,0
BRDA:424,13,1,0
BRF:27
BRH:0
end_of_record
TN:
SF:src\hooks\useFilters.tsx
FN:11,evaluateCondition
FN:51,evaluateGroup
FN:54,(anonymous_2)
FN:55,(anonymous_3)
FN:60,(anonymous_4)
FN:62,(anonymous_5)
FN:66,getNestedValue
FN:67,(anonymous_7)
FN:70,useFilters
FN:88,(anonymous_9)
FN:93,(anonymous_10)
FN:99,(anonymous_11)
FN:102,(anonymous_12)
FN:106,(anonymous_13)
FN:111,(anonymous_14)
FN:112,(anonymous_15)
FN:124,(anonymous_16)
FN:132,(anonymous_17)
FN:140,(anonymous_18)
FN:141,(anonymous_19)
FN:148,(anonymous_20)
FN:149,(anonymous_21)
FN:151,(anonymous_22)
FN:169,createFilterPreset
FN:182,(anonymous_24)
FN:192,getActiveFilterCount
FN:193,(anonymous_26)
FN:194,(anonymous_27)
FN:201,getFilterSummary
FNF:29
FNH:11
FNDA:22,evaluateCondition
FNDA:18,evaluateGroup
FNDA:22,(anonymous_2)
FNDA:0,(anonymous_3)
FNDA:14,(anonymous_4)
FNDA:6,(anonymous_5)
FNDA:22,getNestedValue
FNDA:24,(anonymous_7)
FNDA:14,useFilters
FNDA:14,(anonymous_9)
FNDA:0,(anonymous_10)
FNDA:18,(anonymous_11)
FNDA:6,(anonymous_12)
FNDA:0,(anonymous_13)
FNDA:0,(anonymous_14)
FNDA:0,(anonymous_15)
FNDA:0,(anonymous_16)
FNDA:0,(anonymous_17)
FNDA:0,(anonymous_18)
FNDA:0,(anonymous_19)
FNDA:0,(anonymous_20)
FNDA:0,(anonymous_21)
FNDA:0,(anonymous_22)
FNDA:0,createFilterPreset
FNDA:0,(anonymous_24)
FNDA:0,getActiveFilterCount
FNDA:0,(anonymous_26)
FNDA:0,(anonymous_27)
FNDA:0,getFilterSummary
DA:12,22
DA:13,22
DA:15,22
DA:17,8
DA:19,0
DA:21,4
DA:23,0
DA:25,0
DA:27,0
DA:29,10
DA:31,0
DA:33,0
DA:35,0
DA:37,0
DA:39,0
DA:41,0
DA:43,0
DA:45,0
DA:47,0
DA:52,18
DA:54,22
DA:55,18
DA:57,18
DA:59,18
DA:60,14
DA:62,6
DA:67,24
DA:75,14
DA:88,14
DA:89,14
DA:92,14
DA:93,0
DA:95,14
DA:96,9
DA:99,18
DA:102,14
DA:103,6
DA:106,14
DA:111,14
DA:112,0
DA:124,14
DA:125,0
DA:132,0
DA:137,0
DA:140,14
DA:141,0
DA:148,14
DA:149,0
DA:151,0
DA:156,14
DA:175,0
DA:182,0
DA:193,0
DA:194,0
DA:197,0
DA:202,0
DA:203,0
DA:204,0
DA:205,0
LF:59
LH:29
BRDA:15,0,0,8
BRDA:15,0,1,0
BRDA:15,0,2,4
BRDA:15,0,3,0
BRDA:15,0,4,0
BRDA:15,0,5,0
BRDA:15,0,6,10
BRDA:15,0,7,0
BRDA:15,0,8,0
BRDA:15,0,9,0
BRDA:15,0,10,0
BRDA:15,0,11,0
BRDA:15,0,12,0
BRDA:15,0,13,0
BRDA:15,0,14,0
BRDA:15,0,15,0
BRDA:37,1,0,0
BRDA:37,1,1,0
BRDA:39,2,0,0
BRDA:39,2,1,0
BRDA:41,3,0,0
BRDA:41,3,1,0
BRDA:43,4,0,0
BRDA:43,4,1,0
BRDA:43,4,2,0
BRDA:45,5,0,0
BRDA:45,5,1,0
BRDA:45,5,2,0
BRDA:59,6,0,14
BRDA:59,6,1,4
BRDA:73,7,0,14
BRDA:92,8,0,14
BRDA:92,8,1,9
BRDA:93,9,0,0
BRDA:93,9,1,0
BRDA:95,10,0,9
BRDA:95,10,1,5
BRDA:152,11,0,0
BRDA:152,11,1,0
BRDA:172,12,0,0
BRDA:203,13,0,0
BRDA:203,13,1,0
BRDA:204,14,0,0
BRDA:204,14,1,0
BRF:44
BRH:10
end_of_record
TN:
SF:src\hooks\useOnboardingTour.ts
FN:4,useOnboardingTour
FN:5,(anonymous_1)
FN:11,(anonymous_2)
FNF:3
FNH:0
FNDA:0,useOnboardingTour
FNDA:0,(anonymous_1)
FNDA:0,(anonymous_2)
DA:1,0
DA:5,0
DA:6,0
DA:8,0
DA:11,0
DA:12,0
DA:15,0
LF:7
LH:0
BRF:0
BRH:0
end_of_record
TN:
SF:src\hooks\usePerformanceMonitor.tsx
FN:6,usePerformanceMonitor
FN:10,(anonymous_1)
FN:25,(anonymous_2)
FN:28,(anonymous_3)
FN:31,(anonymous_4)
FNF:5
FNH:0
FNDA:0,usePerformanceMonitor
FNDA:0,(anonymous_1)
FNDA:0,(anonymous_2)
FNDA:0,(anonymous_3)
FNDA:0,(anonymous_4)
DA:7,0
DA:8,0
DA:10,0
DA:11,0
DA:12,0
DA:13,0
DA:15,0
DA:16,0
DA:19,0
DA:20,0
DA:25,0
DA:26,0
DA:27,0
DA:28,0
DA:31,0
DA:33,0
LF:16
LH:0
BRDA:12,0,0,0
BRDA:12,0,1,0
BRDA:15,1,0,0
BRDA:15,1,1,0
BRDA:19,2,0,0
BRDA:19,2,1,0
BRDA:26,3,0,0
BRDA:26,3,1,0
BRDA:27,4,0,0
BRDA:27,4,1,0
BRF:10
BRH:0
end_of_record
TN:
SF:src\hooks\useWidgetData.tsx
FN:12,useThreatData
FN:13,(anonymous_1)
FN:19,useAlertData
FN:20,(anonymous_3)
FN:26,useSystemHealthData
FN:27,(anonymous_5)
FNF:6
FNH:6
FNDA:3,useThreatData
FNDA:3,(anonymous_1)
FNDA:1,useAlertData
FNDA:1,(anonymous_3)
FNDA:1,useSystemHealthData
FNDA:1,(anonymous_5)
DA:13,3
DA:20,1
DA:27,1
LF:3
LH:3
BRF:0
BRH:0
end_of_record
TN:
SF:src\mock\alerts-mock.ts
FN:45,(anonymous_0)
FNF:1
FNH:1
FNDA:3,(anonymous_0)
DA:6,1
DA:45,1
DA:46,3
LF:3
LH:3
BRDA:46,0,0,3
BRDA:46,0,1,2
BRF:2
BRH:2
end_of_record
TN:
SF:src\mock\auth-mock.ts
FNF:0
FNH:0
DA:6,0
DA:16,0
DA:24,0
LF:3
LH:0
BRF:0
BRH:0
end_of_record
TN:
SF:src\mock\dashboard-mock.ts
FNF:0
FNH:0
DA:6,1
DA:18,1
DA:74,1
LF:3
LH:3
BRF:0
BRH:0
end_of_record
TN:
SF:src\mock\honeypot-mock.ts
FNF:0
FNH:0
DA:6,0
LF:1
LH:0
BRF:0
BRH:0
end_of_record
TN:
SF:src\mock\incidents-mock.ts
FNF:0
FNH:0
DA:6,0
DA:44,0
LF:2
LH:0
BRF:0
BRH:0
end_of_record
TN:
SF:src\mock\index.ts
FNF:0
FNH:0
LF:0
LH:0
BRF:0
BRH:0
end_of_record
TN:
SF:src\mock\network-mock.ts
FNF:0
FNH:0
DA:6,0
DA:57,0
DA:89,0
LF:3
LH:0
BRF:0
BRH:0
end_of_record
TN:
SF:src\mock\reports-mock.ts
FNF:0
FNH:0
DA:6,0
LF:1
LH:0
BRF:0
BRH:0
end_of_record
TN:
SF:src\mock\threats-mock.ts
FNF:0
FNH:0
DA:12,1
DA:57,1
DA:62,1
LF:3
LH:3
BRF:0
BRH:0
end_of_record
TN:
SF:src\pages\AlertManagement.tsx
FN:9,AlertManagement
FN:16,(anonymous_1)
FN:29,(anonymous_2)
FN:42,(anonymous_3)
FN:55,(anonymous_4)
FN:92,(anonymous_5)
FN:103,(anonymous_6)
FN:114,(anonymous_7)
FN:131,(anonymous_8)
FN:139,(anonymous_9)
FN:149,(anonymous_10)
FN:164,(anonymous_11)
FN:196,(anonymous_12)
FN:204,(anonymous_13)
FNF:14
FNH:0
FNDA:0,AlertManagement
FNDA:0,(anonymous_1)
FNDA:0,(anonymous_2)
FNDA:0,(anonymous_3)
FNDA:0,(anonymous_4)
FNDA:0,(anonymous_5)
FNDA:0,(anonymous_6)
FNDA:0,(anonymous_7)
FNDA:0,(anonymous_8)
FNDA:0,(anonymous_9)
FNDA:0,(anonymous_10)
FNDA:0,(anonymous_11)
FNDA:0,(anonymous_12)
FNDA:0,(anonymous_13)
DA:10,0
DA:11,0
DA:12,0
DA:13,0
DA:16,0
DA:17,0
DA:19,0
DA:21,0
DA:23,0
DA:25,0
DA:29,0
DA:30,0
DA:31,0
DA:36,0
DA:38,0
DA:42,0
DA:43,0
DA:44,0
DA:49,0
DA:51,0
DA:55,0
DA:56,0
DA:58,0
DA:59,0
DA:60,0
DA:63,0
DA:92,0
DA:103,0
DA:114,0
DA:131,0
DA:139,0
DA:149,0
DA:165,0
DA:196,0
DA:204,0
LF:35
LH:0
BRDA:17,0,0,0
BRDA:17,0,1,0
BRDA:17,0,2,0
BRDA:17,0,3,0
BRDA:55,1,0,0
BRDA:55,1,1,0
BRDA:56,2,0,0
BRDA:56,2,1,0
BRDA:56,2,2,0
BRDA:58,3,0,0
BRDA:58,3,1,0
BRDA:59,4,0,0
BRDA:59,4,1,0
BRDA:60,5,0,0
BRDA:60,5,1,0
BRDA:60,5,2,0
BRDA:82,6,0,0
BRDA:82,6,1,0
BRDA:92,7,0,0
BRDA:92,7,1,0
BRDA:103,8,0,0
BRDA:103,8,1,0
BRDA:114,9,0,0
BRDA:114,9,1,0
BRDA:178,10,0,0
BRDA:178,10,1,0
BRDA:185,11,0,0
BRDA:185,11,1,0
BRDA:194,12,0,0
BRDA:194,12,1,0
BRDA:202,13,0,0
BRDA:202,13,1,0
BRDA:210,14,0,0
BRDA:210,14,1,0
BRF:34
BRH:0
end_of_record
TN:
SF:src\pages\AuthCallback.tsx
FN:6,AuthCallback
FN:13,(anonymous_1)
FN:14,(anonymous_2)
FNF:3
FNH:0
FNDA:0,AuthCallback
FNDA:0,(anonymous_1)
FNDA:0,(anonymous_2)
DA:7,0
DA:8,0
DA:9,0
DA:10,0
DA:11,0
DA:13,0
DA:14,0
DA:15,0
DA:16,0
DA:17,0
DA:18,0
DA:19,0
DA:22,0
DA:23,0
DA:24,0
DA:27,0
DA:28,0
DA:31,0
DA:32,0
DA:36,0
DA:39,0
LF:21
LH:0
BRDA:16,0,0,0
BRDA:16,0,1,0
BRDA:22,1,0,0
BRDA:22,1,1,0
BRF:4
BRH:0
end_of_record
TN:
SF:src\pages\Dashboard.tsx
FN:5,Dashboard
FNF:1
FNH:0
FNDA:0,Dashboard
DA:6,0
LF:1
LH:0
BRF:0
BRH:0
end_of_record
TN:
SF:src\pages\HoneypotManagement.tsx
FN:7,HoneypotManagement
FN:10,(anonymous_1)
FN:23,(anonymous_2)
FN:27,(anonymous_3)
FN:28,(anonymous_4)
FN:70,(anonymous_5)
FN:89,(anonymous_6)
FNF:7
FNH:0
FNDA:0,HoneypotManagement
FNDA:0,(anonymous_1)
FNDA:0,(anonymous_2)
FNDA:0,(anonymous_3)
FNDA:0,(anonymous_4)
FNDA:0,(anonymous_5)
FNDA:0,(anonymous_6)
DA:8,0
DA:10,0
DA:11,0
DA:12,0
DA:17,0
DA:19,0
DA:23,0
DA:24,0
DA:27,0
DA:28,0
DA:30,0
DA:71,0
DA:89,0
LF:13
LH:0
BRDA:15,0,0,0
BRDA:15,0,1,0
BRDA:24,1,0,0
BRDA:24,1,1,0
BRDA:27,2,0,0
BRDA:27,2,1,0
BRDA:28,3,0,0
BRDA:28,3,1,0
BRDA:50,4,0,0
BRDA:50,4,1,0
BRDA:74,5,0,0
BRDA:74,5,1,0
BRDA:80,6,0,0
BRDA:80,6,1,0
BRDA:81,7,0,0
BRDA:81,7,1,0
BRDA:91,8,0,0
BRDA:91,8,1,0
BRDA:96,9,0,0
BRDA:96,9,1,0
BRDA:104,10,0,0
BRDA:104,10,1,0
BRDA:105,11,0,0
BRDA:105,11,1,0
BRDA:106,12,0,0
BRDA:106,12,1,0
BRDA:126,13,0,0
BRDA:126,13,1,0
BRF:28
BRH:0
end_of_record
TN:
SF:src\pages\IncidentResponse.tsx
FN:22,IncidentResponsePage
FN:30,(anonymous_1)
FN:31,(anonymous_2)
FN:43,(anonymous_3)
FN:52,(anonymous_4)
FN:55,(anonymous_5)
FN:55,(anonymous_6)
FN:61,(anonymous_7)
FN:69,(anonymous_8)
FN:86,(anonymous_9)
FN:103,(anonymous_10)
FN:126,(anonymous_11)
FN:129,(anonymous_12)
FN:160,(anonymous_13)
FN:163,(anonymous_14)
FN:213,(anonymous_15)
FN:275,(anonymous_16)
FN:284,(anonymous_17)
FN:293,(anonymous_18)
FN:307,(anonymous_19)
FN:344,(anonymous_20)
FN:350,(anonymous_21)
FN:356,(anonymous_22)
FN:362,(anonymous_23)
FNF:24
FNH:0
FNDA:0,IncidentResponsePage
FNDA:0,(anonymous_1)
FNDA:0,(anonymous_2)
FNDA:0,(anonymous_3)
FNDA:0,(anonymous_4)
FNDA:0,(anonymous_5)
FNDA:0,(anonymous_6)
FNDA:0,(anonymous_7)
FNDA:0,(anonymous_8)
FNDA:0,(anonymous_9)
FNDA:0,(anonymous_10)
FNDA:0,(anonymous_11)
FNDA:0,(anonymous_12)
FNDA:0,(anonymous_13)
FNDA:0,(anonymous_14)
FNDA:0,(anonymous_15)
FNDA:0,(anonymous_16)
FNDA:0,(anonymous_17)
FNDA:0,(anonymous_18)
FNDA:0,(anonymous_19)
FNDA:0,(anonymous_20)
FNDA:0,(anonymous_21)
FNDA:0,(anonymous_22)
FNDA:0,(anonymous_23)
DA:23,0
DA:24,0
DA:25,0
DA:27,0
DA:28,0
DA:30,0
DA:31,0
DA:32,0
DA:33,0
DA:34,0
DA:36,0
DA:40,0
DA:43,0
DA:44,0
DA:45,0
DA:46,0
DA:48,0
DA:52,0
DA:53,0
DA:54,0
DA:55,0
DA:56,0
DA:60,0
DA:61,0
DA:64,0
DA:69,0
DA:70,0
DA:72,0
DA:74,0
DA:76,0
DA:78,0
DA:80,0
DA:82,0
DA:86,0
DA:87,0
DA:89,0
DA:91,0
DA:93,0
DA:95,0
DA:97,0
DA:99,0
DA:103,0
DA:104,0
DA:107,0
DA:127,0
DA:129,0
DA:161,0
DA:164,0
DA:165,0
DA:213,0
DA:275,0
DA:284,0
DA:293,0
DA:308,0
DA:344,0
DA:350,0
DA:356,0
DA:362,0
LF:58
LH:0
BRDA:56,0,0,0
BRDA:56,0,1,0
BRDA:60,1,0,0
BRDA:60,1,1,0
BRDA:61,2,0,0
BRDA:61,2,1,0
BRDA:70,3,0,0
BRDA:70,3,1,0
BRDA:70,3,2,0
BRDA:70,3,3,0
BRDA:70,3,4,0
BRDA:70,3,5,0
BRDA:87,4,0,0
BRDA:87,4,1,0
BRDA:87,4,2,0
BRDA:87,4,3,0
BRDA:87,4,4,0
BRDA:87,4,5,0
BRDA:104,5,0,0
BRDA:104,5,1,0
BRDA:131,6,0,0
BRDA:131,6,1,0
BRDA:155,7,0,0
BRDA:155,7,1,0
BRDA:187,8,0,0
BRDA:187,8,1,0
BRDA:207,9,0,0
BRDA:207,9,1,0
BRDA:252,10,0,0
BRDA:252,10,1,0
BRDA:259,11,0,0
BRDA:259,11,1,0
BRDA:273,12,0,0
BRDA:273,12,1,0
BRDA:282,13,0,0
BRDA:282,13,1,0
BRDA:291,14,0,0
BRDA:291,14,1,0
BRDA:291,14,2,0
BRDA:318,15,0,0
BRDA:318,15,1,0
BRF:41
BRH:0
end_of_record
TN:
SF:src\pages\Login.tsx
FN:6,Login
FN:13,(anonymous_1)
FN:19,(anonymous_2)
FN:59,(anonymous_3)
FN:71,(anonymous_4)
FNF:5
FNH:0
FNDA:0,Login
FNDA:0,(anonymous_1)
FNDA:0,(anonymous_2)
FNDA:0,(anonymous_3)
FNDA:0,(anonymous_4)
DA:7,0
DA:8,0
DA:9,0
DA:10,0
DA:11,0
DA:13,0
DA:14,0
DA:15,0
DA:19,0
DA:20,0
DA:21,0
DA:23,0
DA:24,0
DA:25,0
DA:27,0
DA:28,0
DA:32,0
DA:59,0
DA:71,0
LF:19
LH:0
BRDA:14,0,0,0
BRDA:14,0,1,0
BRDA:78,1,0,0
BRDA:78,1,1,0
BRDA:91,2,0,0
BRDA:91,2,1,0
BRF:6
BRH:0
end_of_record
TN:
SF:src\pages\MLMonitoring.tsx
FN:14,MLMonitoring
FN:45,(anonymous_1)
FN:58,(anonymous_2)
FN:91,(anonymous_3)
FN:99,(anonymous_4)
FN:108,(anonymous_5)
FN:117,(anonymous_6)
FN:124,(anonymous_7)
FNF:8
FNH:0
FNDA:0,MLMonitoring
FNDA:0,(anonymous_1)
FNDA:0,(anonymous_2)
FNDA:0,(anonymous_3)
FNDA:0,(anonymous_4)
FNDA:0,(anonymous_5)
FNDA:0,(anonymous_6)
FNDA:0,(anonymous_7)
DA:15,0
DA:45,0
DA:46,0
DA:48,0
DA:50,0
DA:52,0
DA:54,0
DA:58,0
DA:59,0
DA:61,0
DA:63,0
DA:65,0
DA:67,0
DA:71,0
DA:91,0
DA:99,0
DA:108,0
DA:117,0
DA:125,0
LF:19
LH:0
BRDA:46,0,0,0
BRDA:46,0,1,0
BRDA:46,0,2,0
BRDA:46,0,3,0
BRDA:59,1,0,0
BRDA:59,1,1,0
BRDA:59,1,2,0
BRDA:59,1,3,0
BRF:8
BRH:0
end_of_record
TN:
SF:src\pages\NetworkAnalysis.tsx
FN:19,NetworkAnalysisPage
FN:25,(anonymous_1)
FN:26,(anonymous_2)
FN:38,(anonymous_3)
FN:51,(anonymous_4)
FN:57,(anonymous_5)
FN:97,(anonymous_6)
FN:107,(anonymous_7)
FN:133,(anonymous_8)
FN:136,(anonymous_9)
FN:168,(anonymous_10)
FN:171,(anonymous_11)
FN:227,(anonymous_12)
FN:233,(anonymous_13)
FN:239,(anonymous_14)
FN:255,(anonymous_15)
FNF:16
FNH:0
FNDA:0,NetworkAnalysisPage
FNDA:0,(anonymous_1)
FNDA:0,(anonymous_2)
FNDA:0,(anonymous_3)
FNDA:0,(anonymous_4)
FNDA:0,(anonymous_5)
FNDA:0,(anonymous_6)
FNDA:0,(anonymous_7)
FNDA:0,(anonymous_8)
FNDA:0,(anonymous_9)
FNDA:0,(anonymous_10)
FNDA:0,(anonymous_11)
FNDA:0,(anonymous_12)
FNDA:0,(anonymous_13)
FNDA:0,(anonymous_14)
FNDA:0,(anonymous_15)
DA:20,0
DA:21,0
DA:22,0
DA:23,0
DA:25,0
DA:26,0
DA:27,0
DA:28,0
DA:29,0
DA:31,0
DA:35,0
DA:38,0
DA:39,0
DA:41,0
DA:43,0
DA:45,0
DA:47,0
DA:51,0
DA:52,0
DA:53,0
DA:54,0
DA:57,0
DA:58,0
DA:59,0
DA:60,0
DA:63,0
DA:64,0
DA:77,0
DA:97,0
DA:107,0
DA:134,0
DA:136,0
DA:169,0
DA:171,0
DA:227,0
DA:233,0
DA:239,0
DA:255,0
LF:38
LH:0
BRDA:39,0,0,0
BRDA:39,0,1,0
BRDA:39,0,2,0
BRDA:39,0,3,0
BRDA:52,1,0,0
BRDA:52,1,1,0
BRDA:53,2,0,0
BRDA:53,2,1,0
BRDA:58,3,0,0
BRDA:58,3,1,0
BRDA:59,4,0,0
BRDA:59,4,1,0
BRDA:63,5,0,0
BRDA:63,5,1,0
BRDA:99,6,0,0
BRDA:99,6,1,0
BRDA:109,7,0,0
BRDA:109,7,1,0
BRDA:123,8,0,0
BRDA:123,8,1,0
BRDA:140,9,0,0
BRDA:140,9,1,0
BRDA:185,10,0,0
BRDA:185,10,1,0
BRDA:198,11,0,0
BRDA:198,11,1,0
BRDA:199,12,0,0
BRDA:199,12,1,0
BRDA:250,13,0,0
BRDA:250,13,1,0
BRDA:274,14,0,0
BRDA:274,14,1,0
BRDA:280,15,0,0
BRDA:280,15,1,0
BRDA:292,16,0,0
BRDA:292,16,1,0
BRDA:293,17,0,0
BRDA:293,17,1,0
BRDA:303,18,0,0
BRDA:303,18,1,0
BRF:40
BRH:0
end_of_record
TN:
SF:src\pages\Reports.tsx
FN:23,ReportsPage
FN:34,(anonymous_1)
FN:35,(anonymous_2)
FN:47,(anonymous_3)
FN:60,(anonymous_4)
FN:75,(anonymous_5)
FN:90,(anonymous_6)
FN:107,(anonymous_7)
FN:119,(anonymous_8)
FN:181,(anonymous_9)
FN:184,(anonymous_10)
FN:196,(anonymous_11)
FN:218,(anonymous_12)
FN:281,(anonymous_13)
FN:287,(anonymous_14)
FN:293,(anonymous_15)
FN:328,(anonymous_16)
FN:356,(anonymous_17)
FN:369,(anonymous_18)
FN:372,(anonymous_19)
FN:373,(anonymous_20)
FN:406,(anonymous_21)
FN:406,(anonymous_22)
FN:414,(anonymous_23)
FNF:24
FNH:0
FNDA:0,ReportsPage
FNDA:0,(anonymous_1)
FNDA:0,(anonymous_2)
FNDA:0,(anonymous_3)
FNDA:0,(anonymous_4)
FNDA:0,(anonymous_5)
FNDA:0,(anonymous_6)
FNDA:0,(anonymous_7)
FNDA:0,(anonymous_8)
FNDA:0,(anonymous_9)
FNDA:0,(anonymous_10)
FNDA:0,(anonymous_11)
FNDA:0,(anonymous_12)
FNDA:0,(anonymous_13)
FNDA:0,(anonymous_14)
FNDA:0,(anonymous_15)
FNDA:0,(anonymous_16)
FNDA:0,(anonymous_17)
FNDA:0,(anonymous_18)
FNDA:0,(anonymous_19)
FNDA:0,(anonymous_20)
FNDA:0,(anonymous_21)
FNDA:0,(anonymous_22)
FNDA:0,(anonymous_23)
DA:24,0
DA:25,0
DA:26,0
DA:27,0
DA:32,0
DA:34,0
DA:35,0
DA:36,0
DA:37,0
DA:38,0
DA:40,0
DA:44,0
DA:47,0
DA:48,0
DA:49,0
DA:50,0
DA:51,0
DA:53,0
DA:54,0
DA:56,0
DA:60,0
DA:61,0
DA:63,0
DA:65,0
DA:67,0
DA:69,0
DA:71,0
DA:75,0
DA:76,0
DA:78,0
DA:80,0
DA:82,0
DA:84,0
DA:86,0
DA:90,0
DA:91,0
DA:93,0
DA:95,0
DA:97,0
DA:99,0
DA:101,0
DA:103,0
DA:107,0
DA:108,0
DA:116,0
DA:119,0
DA:120,0
DA:123,0
DA:162,0
DA:182,0
DA:184,0
DA:196,0
DA:219,0
DA:281,0
DA:287,0
DA:293,0
DA:329,0
DA:356,0
DA:370,0
DA:373,0
DA:406,0
DA:414,0
LF:62
LH:0
BRDA:61,0,0,0
BRDA:61,0,1,0
BRDA:61,0,2,0
BRDA:61,0,3,0
BRDA:61,0,4,0
BRDA:76,1,0,0
BRDA:76,1,1,0
BRDA:76,1,2,0
BRDA:76,1,3,0
BRDA:76,1,4,0
BRDA:91,2,0,0
BRDA:91,2,1,0
BRDA:91,2,2,0
BRDA:91,2,3,0
BRDA:91,2,4,0
BRDA:91,2,5,0
BRDA:116,3,0,0
BRDA:116,3,1,0
BRDA:120,4,0,0
BRDA:120,4,1,0
BRDA:186,5,0,0
BRDA:186,5,1,0
BRDA:213,6,0,0
BRDA:213,6,1,0
BRDA:241,7,0,0
BRDA:241,7,1,0
BRDA:248,8,0,0
BRDA:248,8,1,0
BRDA:257,9,0,0
BRDA:257,9,1,0
BRDA:350,10,0,0
BRDA:350,10,1,0
BRDA:380,11,0,0
BRDA:380,11,1,0
BRDA:386,12,0,0
BRDA:386,12,1,0
BRDA:421,13,0,0
BRDA:421,13,1,0
BRF:38
BRH:0
end_of_record
TN:
SF:src\pages\ThreatIntelligence.tsx
FN:10,ThreatIntelligence
FN:17,(anonymous_1)
FN:24,(anonymous_2)
FN:65,(anonymous_3)
FN:73,(anonymous_4)
FN:102,(anonymous_5)
FN:113,(anonymous_6)
FN:124,(anonymous_7)
FN:152,(anonymous_8)
FN:156,(anonymous_9)
FN:199,(anonymous_10)
FN:220,(anonymous_11)
FNF:12
FNH:0
FNDA:0,ThreatIntelligence
FNDA:0,(anonymous_1)
FNDA:0,(anonymous_2)
FNDA:0,(anonymous_3)
FNDA:0,(anonymous_4)
FNDA:0,(anonymous_5)
FNDA:0,(anonymous_6)
FNDA:0,(anonymous_7)
FNDA:0,(anonymous_8)
FNDA:0,(anonymous_9)
FNDA:0,(anonymous_10)
FNDA:0,(anonymous_11)
DA:11,0
DA:12,0
DA:13,0
DA:14,0
DA:17,0
DA:18,0
DA:20,0
DA:21,0
DA:24,0
DA:25,0
DA:26,0
DA:31,0
DA:33,0
DA:37,0
DA:65,0
DA:73,0
DA:102,0
DA:113,0
DA:124,0
DA:153,0
DA:156,0
DA:200,0
DA:201,0
DA:220,0
LF:24
LH:0
BRDA:17,0,0,0
BRDA:17,0,1,0
BRDA:18,1,0,0
BRDA:18,1,1,0
BRDA:20,2,0,0
BRDA:20,2,1,0
BRDA:21,3,0,0
BRDA:21,3,1,0
BRDA:92,4,0,0
BRDA:92,4,1,0
BRDA:102,5,0,0
BRDA:102,5,1,0
BRDA:113,6,0,0
BRDA:113,6,1,0
BRDA:124,7,0,0
BRDA:124,7,1,0
BRDA:165,8,0,0
BRDA:165,8,1,0
BRDA:179,9,0,0
BRDA:179,9,1,0
BRDA:197,10,0,0
BRDA:197,10,1,0
BRDA:217,11,0,0
BRDA:217,11,1,0
BRF:24
BRH:0
end_of_record
TN:
SF:src\services\alerts-service.ts
FN:7,getActiveAlerts
FN:9,(anonymous_1)
FN:16,getAllAlerts
FN:18,(anonymous_3)
FN:26,acknowledgeAlert
FN:28,(anonymous_5)
FN:36,resolveAlert
FN:38,(anonymous_7)
FNF:8
FNH:0
FNDA:0,getActiveAlerts
FNDA:0,(anonymous_1)
FNDA:0,getAllAlerts
FNDA:0,(anonymous_3)
FNDA:0,acknowledgeAlert
FNDA:0,(anonymous_5)
FNDA:0,resolveAlert
FNDA:0,(anonymous_7)
DA:9,0
DA:10,0
DA:18,0
DA:19,0
DA:28,0
DA:29,0
DA:38,0
DA:39,0
LF:8
LH:0
BRF:0
BRH:0
end_of_record
TN:
SF:src\services\auth-service.ts
FN:30,getGoogleOAuthRedirectUrl
FN:38,createSession
FN:56,getCurrentUser
FN:69,logout
FNF:4
FNH:0
FNDA:0,getGoogleOAuthRedirectUrl
FNDA:0,createSession
FNDA:0,getCurrentUser
FNDA:0,logout
DA:32,0
DA:40,0
DA:47,0
DA:58,0
DA:71,0
LF:5
LH:0
BRF:0
BRH:0
end_of_record
TN:
SF:src\services\dashboard-service.ts
FN:7,getDashboardMetrics
FN:9,(anonymous_1)
FN:16,getSystemHealth
FN:18,(anonymous_3)
FNF:4
FNH:0
FNDA:0,getDashboardMetrics
FNDA:0,(anonymous_1)
FNDA:0,getSystemHealth
FNDA:0,(anonymous_3)
DA:9,0
DA:10,0
DA:18,0
DA:19,0
LF:4
LH:0
BRF:0
BRH:0
end_of_record
TN:
SF:src\services\honeypot-service.ts
FN:7,getHoneypots
FN:9,(anonymous_1)
FN:17,toggleHoneypot
FN:19,(anonymous_3)
FNF:4
FNH:0
FNDA:0,getHoneypots
FNDA:0,(anonymous_1)
FNDA:0,toggleHoneypot
FNDA:0,(anonymous_3)
DA:9,0
DA:10,0
DA:19,0
DA:20,0
LF:4
LH:0
BRF:0
BRH:0
end_of_record
TN:
SF:src\services\incidents-service.ts
FN:7,getIncidents
FN:9,(anonymous_1)
FN:16,getIncidentTimeline
FN:18,(anonymous_3)
FN:19,(anonymous_4)
FN:25,updateIncidentStatus
FN:27,(anonymous_6)
FNF:7
FNH:0
FNDA:0,getIncidents
FNDA:0,(anonymous_1)
FNDA:0,getIncidentTimeline
FNDA:0,(anonymous_3)
FNDA:0,(anonymous_4)
FNDA:0,updateIncidentStatus
FNDA:0,(anonymous_6)
DA:9,0
DA:10,0
DA:18,0
DA:19,0
DA:27,0
DA:28,0
LF:6
LH:0
BRF:0
BRH:0
end_of_record
TN:
SF:src\services\index.ts
FNF:0
FNH:0
LF:0
LH:0
BRF:0
BRH:0
end_of_record
TN:
SF:src\services\network-service.ts
FN:7,getNetworkTopology
FN:9,(anonymous_1)
FNF:2
FNH:0
FNDA:0,getNetworkTopology
FNDA:0,(anonymous_1)
DA:9,0
DA:10,0
LF:2
LH:0
BRF:0
BRH:0
end_of_record
TN:
SF:src\services\reports-service.ts
FN:17,getReports
FN:19,(anonymous_1)
FN:27,generateReport
FN:29,(anonymous_3)
FNF:4
FNH:0
FNDA:0,getReports
FNDA:0,(anonymous_1)
FNDA:0,generateReport
FNDA:0,(anonymous_3)
DA:19,0
DA:20,0
DA:29,0
DA:30,0
LF:4
LH:0
BRF:0
BRH:0
end_of_record
TN:
SF:src\services\threats-service.ts
FN:7,getRecentThreats
FN:9,(anonymous_1)
FN:16,getAllThreats
FN:18,(anonymous_3)
FN:25,getThreatTimeline
FN:27,(anonymous_5)
FN:35,blockThreat
FN:37,(anonymous_7)
FNF:8
FNH:0
FNDA:0,getRecentThreats
FNDA:0,(anonymous_1)
FNDA:0,getAllThreats
FNDA:0,(anonymous_3)
FNDA:0,getThreatTimeline
FNDA:0,(anonymous_5)
FNDA:0,blockThreat
FNDA:0,(anonymous_7)
DA:9,0
DA:10,0
DA:18,0
DA:19,0
DA:27,0
DA:28,0
DA:37,0
DA:38,0
LF:8
LH:0
BRF:0
BRH:0
end_of_record
TN:
SF:src\test\setup.ts
FN:7,(anonymous_0)
FN:20,(anonymous_1)
FN:27,(anonymous_2)
FN:35,(anonymous_3)
FN:36,(anonymous_4)
FN:47,(anonymous_5)
FNF:6
FNH:0
FNDA:0,(anonymous_0)
FNDA:0,(anonymous_1)
FNDA:0,(anonymous_2)
FNDA:0,(anonymous_3)
FNDA:0,(anonymous_4)
FNDA:0,(anonymous_5)
DA:5,0
DA:7,0
DA:20,0
DA:27,0
DA:34,0
DA:35,0
DA:36,0
DA:37,0
DA:41,0
DA:43,0
DA:47,0
DA:48,0
LF:12
LH:0
BRDA:37,0,0,0
BRDA:37,0,1,0
BRDA:38,1,0,0
BRDA:38,1,1,0
BRF:4
BRH:0
end_of_record
TN:
SF:src\types\alerts.ts
FNF:0
FNH:0
DA:6,0
LF:1
LH:0
BRF:0
BRH:0
end_of_record
TN:
SF:src\types\dashboard.ts
FNF:0
FNH:0
LF:0
LH:0
BRF:0
BRH:0
end_of_record
TN:
SF:src\types\filter.ts
FN:179,getActiveFilterCount
FN:180,(anonymous_1)
FN:181,(anonymous_2)
FN:188,getFilterSummary
FN:196,createFilterPreset
FN:209,(anonymous_5)
FNF:6
FNH:0
FNDA:0,getActiveFilterCount
FNDA:0,(anonymous_1)
FNDA:0,(anonymous_2)
FNDA:0,getFilterSummary
FNDA:0,createFilterPreset
FNDA:0,(anonymous_5)
DA:62,0
DA:128,0
DA:180,0
DA:181,0
DA:184,0
DA:189,0
DA:190,0
DA:191,0
DA:192,0
DA:202,0
DA:209,0
LF:11
LH:0
BRDA:190,0,0,0
BRDA:190,0,1,0
BRDA:191,1,0,0
BRDA:191,1,1,0
BRDA:199,2,0,0
BRF:5
BRH:0
end_of_record
TN:
SF:src\types\honeypot.ts
FNF:0
FNH:0
DA:6,0
LF:1
LH:0
BRF:0
BRH:0
end_of_record
TN:
SF:src\types\incidents.ts
FNF:0
FNH:0
DA:6,0
DA:31,0
LF:2
LH:0
BRF:0
BRH:0
end_of_record
TN:
SF:src\types\index.ts
FNF:0
FNH:0
LF:0
LH:0
BRF:0
BRH:0
end_of_record
TN:
SF:src\types\network.ts
FNF:0
FNH:0
DA:6,0
DA:30,0
LF:2
LH:0
BRF:0
BRH:0
end_of_record
TN:
SF:src\types\reports.ts
FNF:0
FNH:0
DA:6,0
LF:1
LH:0
BRF:0
BRH:0
end_of_record
TN:
SF:src\types\threats.ts
FNF:0
FNH:0
DA:6,0
LF:1
LH:0
BRF:0
BRH:0
end_of_record
TN:
SF:src\utils\export.ts
FN:25,exportToCSV
FN:36,(anonymous_1)
FN:39,(anonymous_2)
FN:40,(anonymous_3)
FN:50,(anonymous_4)
FN:61,exportToPDF
FN:86,(anonymous_6)
FN:87,(anonymous_7)
FN:88,(anonymous_8)
FN:122,exportToJSON
FN:140,escapeCSVValue
FN:149,getNestedValue
FN:150,(anonymous_12)
FN:156,downloadFile
FN:182,(anonymous_14)
FN:196,(anonymous_15)
FN:210,(anonymous_16)
FN:216,useExport
FNF:18
FNH:14
FNDA:1,exportToCSV
FNDA:3,(anonymous_1)
FNDA:2,(anonymous_2)
FNDA:6,(anonymous_3)
FNDA:3,(anonymous_4)
FNDA:2,exportToPDF
FNDA:6,(anonymous_6)
FNDA:4,(anonymous_7)
FNDA:12,(anonymous_8)
FNDA:1,exportToJSON
FNDA:6,escapeCSVValue
FNDA:18,getNestedValue
FNDA:18,(anonymous_12)
FNDA:2,downloadFile
FNDA:0,(anonymous_14)
FNDA:0,(anonymous_15)
FNDA:0,(anonymous_16)
FNDA:0,useExport
DA:33,1
DA:36,3
DA:39,1
DA:40,2
DA:41,6
DA:42,6
DA:44,6
DA:49,1
DA:50,3
DA:54,1
DA:55,1
DA:57,1
DA:70,2
DA:73,2
DA:76,2
DA:77,2
DA:80,2
DA:81,2
DA:82,2
DA:86,6
DA:87,2
DA:88,4
DA:89,12
DA:90,12
DA:95,2
DA:115,2
DA:116,2
DA:118,2
DA:129,1
DA:131,1
DA:133,1
DA:134,1
DA:136,1
DA:142,6
DA:143,0
DA:145,6
DA:150,18
DA:151,18
DA:157,2
DA:158,2
DA:160,2
DA:161,2
DA:162,2
DA:163,2
DA:165,2
DA:166,2
DA:167,2
DA:170,2
DA:174,1
DA:182,0
DA:188,1
DA:196,0
DA:202,1
DA:210,0
DA:217,0
DA:223,0
LF:56
LH:50
BRDA:28,0,0,0
BRDA:31,1,0,1
BRDA:32,2,0,1
BRDA:42,3,0,0
BRDA:42,3,1,6
BRDA:42,4,0,6
BRDA:42,4,1,0
BRDA:54,5,0,1
BRDA:54,5,1,0
BRDA:64,6,0,1
BRDA:67,7,0,2
BRDA:68,8,0,2
BRDA:69,9,0,2
BRDA:80,10,0,2
BRDA:80,10,1,0
BRDA:90,11,0,0
BRDA:90,11,1,12
BRDA:90,12,0,12
BRDA:90,12,1,0
BRDA:98,13,0,2
BRDA:98,13,1,0
BRDA:115,14,0,2
BRDA:115,14,1,0
BRDA:124,15,0,0
BRDA:127,16,0,1
BRDA:128,17,0,1
BRDA:133,18,0,1
BRDA:133,18,1,0
BRDA:142,19,0,0
BRDA:142,19,1,6
BRDA:142,20,0,6
BRDA:142,20,1,6
BRDA:142,20,2,6
BRDA:151,21,0,18
BRDA:151,21,1,0
BRDA:151,22,0,18
BRDA:151,22,1,18
BRF:37
BRH:24
end_of_record
TN:
SF:src\utils\format-util.ts
FN:8,formatNumber
FN:15,formatBytes
FN:30,formatPercentage
FN:37,truncateText
FN:45,capitalizeFirst
FN:53,snakeToTitleCase
FN:56,(anonymous_6)
FN:63,camelToTitleCase
FN:66,(anonymous_8)
FN:72,formatSeverity
FN:79,formatStatus
FN:83,(anonymous_11)
FN:90,formatConnectionCount
FN:99,formatThreatCount
FN:108,formatAlertCount
FN:117,generateId
FN:129,formatDurationFromSeconds
FNF:17
FNH:17
FNDA:9,formatNumber
FNDA:11,formatBytes
FNDA:3,formatPercentage
FNDA:3,truncateText
FNDA:18,capitalizeFirst
FNDA:3,snakeToTitleCase
FNDA:5,(anonymous_6)
FNDA:4,camelToTitleCase
FNDA:4,(anonymous_8)
FNDA:4,formatSeverity
FNDA:3,formatStatus
FNDA:5,(anonymous_11)
FNDA:4,formatConnectionCount
FNDA:4,formatThreatCount
FNDA:4,formatAlertCount
FNDA:6,generateId
FNDA:8,formatDurationFromSeconds
DA:9,9
DA:16,11
DA:18,9
DA:19,9
DA:20,9
DA:22,9
DA:24,9
DA:31,3
DA:38,3
DA:39,1
DA:46,18
DA:47,17
DA:54,3
DA:56,5
DA:64,4
DA:66,4
DA:73,4
DA:80,3
DA:83,5
DA:91,4
DA:92,3
DA:93,2
DA:100,4
DA:101,3
DA:102,2
DA:109,4
DA:110,3
DA:111,2
DA:118,6
DA:119,6
DA:120,6
DA:121,148
DA:123,6
DA:130,8
DA:131,8
DA:132,8
DA:134,8
DA:135,8
DA:136,8
DA:137,8
DA:139,8
LF:41
LH:41
BRDA:15,0,0,9
BRDA:16,1,0,2
BRDA:16,1,1,9
BRDA:19,2,0,0
BRDA:19,2,1,9
BRDA:30,3,0,1
BRDA:38,4,0,2
BRDA:38,4,1,1
BRDA:46,5,0,1
BRDA:46,5,1,17
BRDA:91,6,0,1
BRDA:91,6,1,3
BRDA:92,7,0,1
BRDA:92,7,1,2
BRDA:100,8,0,1
BRDA:100,8,1,3
BRDA:101,9,0,1
BRDA:101,9,1,2
BRDA:109,10,0,1
BRDA:109,10,1,3
BRDA:110,11,0,1
BRDA:110,11,1,2
BRDA:117,12,0,0
BRDA:135,13,0,3
BRDA:135,13,1,5
BRDA:136,14,0,5
BRDA:136,14,1,3
BRDA:136,15,0,8
BRDA:136,15,1,5
BRDA:137,16,0,8
BRDA:137,16,1,0
BRDA:137,17,0,8
BRDA:137,17,1,5
BRDA:137,17,2,3
BRDA:137,17,3,1
BRF:35
BRH:32
end_of_record
TN:
SF:src\utils\index.ts
FNF:0
FNH:0
LF:0
LH:0
BRF:0
BRH:0
end_of_record
TN:
SF:src\utils\performance-utils.ts
FN:8,getPageLoadTime
FN:16,getDomContentLoadedTime
FN:24,getFirstPaintTime
FN:25,(anonymous_3)
FN:32,getLargestContentfulPaint
FN:40,getAverageApiResponseTime
FN:49,getNetworkRequestCount
FN:56,getFailedRequestCount
FN:64,getUsedMemory
FN:72,getTotalMemory
FN:80,getMemoryUsagePercent
FN:89,calculateAverage
FN:91,(anonymous_12)
FNF:13
FNH:13
FNDA:2,getPageLoadTime
FNDA:1,getDomContentLoadedTime
FNDA:2,getFirstPaintTime
FNDA:1,(anonymous_3)
FNDA:2,getLargestContentfulPaint
FNDA:1,getAverageApiResponseTime
FNDA:1,getNetworkRequestCount
FNDA:1,getFailedRequestCount
FNDA:3,getUsedMemory
FNDA:3,getTotalMemory
FNDA:2,getMemoryUsagePercent
FNDA:4,calculateAverage
FNDA:9,(anonymous_12)
DA:9,2
DA:10,2
DA:17,1
DA:18,1
DA:25,2
DA:26,2
DA:33,2
DA:34,2
DA:43,1
DA:50,1
DA:58,1
DA:66,3
DA:74,3
DA:81,2
DA:82,2
DA:83,2
DA:90,4
DA:91,9
LF:18
LH:18
BRDA:10,0,0,1
BRDA:10,0,1,1
BRDA:18,1,0,1
BRDA:18,1,1,0
BRDA:26,2,0,1
BRDA:26,2,1,1
BRDA:34,3,0,1
BRDA:34,3,1,1
BRDA:66,4,0,3
BRDA:66,4,1,0
BRDA:74,5,0,3
BRDA:74,5,1,1
BRDA:83,6,0,1
BRDA:83,6,1,1
BRDA:90,7,0,1
BRDA:90,7,1,3
BRF:16
BRH:14
end_of_record
TN:
SF:src\utils\security-util.ts
FN:8,isValidIPv4
FN:14,(anonymous_1)
FN:23,isValidIPv6
FN:32,isValidIP
FN:39,getThreatColorClasses
FN:57,getThreatModalColorClasses
FN:75,getThreatBorderColor
FN:93,getThreatColor
FN:111,getThreatLevelValue
FN:129,calculateRiskScore
FN:159,isPrivateIP
FN:182,getCountryFlag
FN:188,(anonymous_12)
FN:196,sanitizeInput
FNF:14
FNH:0
FNDA:0,isValidIPv4
FNDA:0,(anonymous_1)
FNDA:0,isValidIPv6
FNDA:0,isValidIP
FNDA:0,getThreatColorClasses
FNDA:0,getThreatModalColorClasses
FNDA:0,getThreatBorderColor
FNDA:0,getThreatColor
FNDA:0,getThreatLevelValue
FNDA:0,calculateRiskScore
FNDA:0,isPrivateIP
FNDA:0,getCountryFlag
FNDA:0,(anonymous_12)
FNDA:0,sanitizeInput
DA:9,0
DA:10,0
DA:12,0
DA:14,0
DA:15,0
DA:16,0
DA:24,0
DA:26,0
DA:33,0
DA:40,0
DA:42,0
DA:44,0
DA:46,0
DA:48,0
DA:50,0
DA:58,0
DA:60,0
DA:62,0
DA:64,0
DA:66,0
DA:68,0
DA:76,0
DA:78,0
DA:80,0
DA:82,0
DA:84,0
DA:86,0
DA:94,0
DA:96,0
DA:98,0
DA:100,0
DA:102,0
DA:104,0
DA:112,0
DA:114,0
DA:116,0
DA:118,0
DA:120,0
DA:122,0
DA:135,0
DA:138,0
DA:139,0
DA:142,0
DA:143,0
DA:147,0
DA:148,0
DA:149,0
DA:150,0
DA:153,0
DA:160,0
DA:162,0
DA:165,0
DA:168,0
DA:171,0
DA:174,0
DA:176,0
DA:183,0
DA:185,0
DA:188,0
DA:190,0
DA:197,0
LF:61
LH:0
BRDA:12,0,0,0
BRDA:12,0,1,0
BRDA:16,1,0,0
BRDA:16,1,1,0
BRDA:33,2,0,0
BRDA:33,2,1,0
BRDA:40,3,0,0
BRDA:40,3,1,0
BRDA:40,3,2,0
BRDA:40,3,3,0
BRDA:40,3,4,0
BRDA:58,4,0,0
BRDA:58,4,1,0
BRDA:58,4,2,0
BRDA:58,4,3,0
BRDA:58,4,4,0
BRDA:76,5,0,0
BRDA:76,5,1,0
BRDA:76,5,2,0
BRDA:76,5,3,0
BRDA:76,5,4,0
BRDA:94,6,0,0
BRDA:94,6,1,0
BRDA:94,6,2,0
BRDA:94,6,3,0
BRDA:94,6,4,0
BRDA:112,7,0,0
BRDA:112,7,1,0
BRDA:112,7,2,0
BRDA:112,7,3,0
BRDA:112,7,4,0
BRDA:142,8,0,0
BRDA:142,8,1,0
BRDA:147,9,0,0
BRDA:147,9,1,0
BRDA:149,10,0,0
BRDA:149,10,1,0
BRDA:160,11,0,0
BRDA:160,11,1,0
BRDA:165,12,0,0
BRDA:165,12,1,0
BRDA:168,13,0,0
BRDA:168,13,1,0
BRDA:168,14,0,0
BRDA:168,14,1,0
BRDA:168,14,2,0
BRDA:171,15,0,0
BRDA:171,15,1,0
BRDA:171,16,0,0
BRDA:171,16,1,0
BRDA:174,17,0,0
BRDA:174,17,1,0
BRDA:183,18,0,0
BRDA:183,18,1,0
BRDA:183,19,0,0
BRDA:183,19,1,0
BRF:56
BRH:0
end_of_record
TN:
SF:src\utils\sentry.ts
FN:3,initSentry
FN:34,(anonymous_1)
FN:61,setUserContext
FN:70,clearUserContext
FN:74,captureException
FN:75,(anonymous_5)
FN:77,(anonymous_6)
FN:85,captureMessage
FN:86,(anonymous_8)
FN:88,(anonymous_9)
FN:96,addBreadcrumb
FNF:11
FNH:0
FNDA:0,initSentry
FNDA:0,(anonymous_1)
FNDA:0,setUserContext
FNDA:0,clearUserContext
FNDA:0,captureException
FNDA:0,(anonymous_5)
FNDA:0,(anonymous_6)
FNDA:0,captureMessage
FNDA:0,(anonymous_8)
FNDA:0,(anonymous_9)
FNDA:0,addBreadcrumb
DA:4,0
DA:5,0
DA:8,0
DA:9,0
DA:10,0
DA:13,0
DA:36,0
DA:37,0
DA:38,0
DA:40,0
DA:42,0
DA:43,0
DA:46,0
DA:58,0
DA:62,0
DA:71,0
DA:75,0
DA:76,0
DA:77,0
DA:78,0
DA:81,0
DA:86,0
DA:87,0
DA:88,0
DA:89,0
DA:92,0
DA:97,0
LF:27
LH:0
BRDA:5,0,0,0
BRDA:5,0,1,0
BRDA:8,1,0,0
BRDA:8,1,1,0
BRDA:8,2,0,0
BRDA:8,2,1,0
BRDA:25,3,0,0
BRDA:25,3,1,0
BRDA:27,4,0,0
BRDA:27,4,1,0
BRDA:31,5,0,0
BRDA:31,5,1,0
BRDA:37,6,0,0
BRDA:37,6,1,0
BRDA:40,7,0,0
BRDA:40,7,1,0
BRDA:40,8,0,0
BRDA:40,8,1,0
BRDA:42,9,0,0
BRDA:42,9,1,0
BRDA:53,10,0,0
BRDA:53,10,1,0
BRDA:76,11,0,0
BRDA:76,11,1,0
BRDA:85,12,0,0
BRDA:87,13,0,0
BRDA:87,13,1,0
BRDA:99,14,0,0
BRDA:99,14,1,0
BRDA:100,15,0,0
BRDA:100,15,1,0
BRF:31
BRH:0
end_of_record
